09 02, 2021 03:20:48 ‰∏äÂçà cn.vcaml.vcatomcat.catalina.Context deploy
INFO : Deploying web application directory E:\project\VcaTomcat\webapps\a
09 02, 2021 03:20:48 ‰∏äÂçà cn.vcaml.vcatomcat.catalina.Context deploy
INFO : Deployment of web application directory E:\project\VcaTomcat\webapps\a has finished in 99 ms
09 02, 2021 03:20:48 ‰∏äÂçà cn.vcaml.vcatomcat.catalina.Context deploy
INFO : Deploying web application directory E:\project\VcaTomcat\webapps\j2ee
09 02, 2021 03:20:48 ‰∏äÂçà cn.vcaml.vcatomcat.catalina.Context deploy
INFO : Deployment of web application directory E:\project\VcaTomcat\webapps\j2ee has finished in 3 ms
09 02, 2021 03:20:48 ‰∏äÂçà cn.vcaml.vcatomcat.catalina.Context deploy
INFO : Deploying web application directory E:\project\VcaTomcat\webapps\ROOT
09 02, 2021 03:20:48 ‰∏äÂçà cn.vcaml.vcatomcat.catalina.Context deploy
INFO : Deployment of web application directory E:\project\VcaTomcat\webapps\ROOT has finished in 28 ms
09 02, 2021 03:20:48 ‰∏äÂçà cn.vcaml.vcatomcat.catalina.Context deploy
INFO : Deploying web application directory e:/project/diytomcat/b
09 02, 2021 03:20:48 ‰∏äÂçà cn.vcaml.vcatomcat.catalina.Context deploy
INFO : Deployment of web application directory e:/project/diytomcat/b has finished in 0 ms
09 02, 2021 03:20:48 ‰∏äÂçà cn.vcaml.vcatomcat.catalina.Context deploy
INFO : Deploying web application directory e:/project/Vcatomcat/b
09 02, 2021 03:20:48 ‰∏äÂçà cn.vcaml.vcatomcat.catalina.Context deploy
INFO : Deployment of web application directory e:/project/Vcatomcat/b has finished in 0 ms
09 02, 2021 03:20:48 ‰∏äÂçà cn.vcaml.vcatomcat.catalina.Server logJVM
INFO : Server version:		How2J DiyTomcat/1.0.1
09 02, 2021 03:20:48 ‰∏äÂçà cn.vcaml.vcatomcat.catalina.Server logJVM
INFO : Server built:		2020-04-08 10:20:22
09 02, 2021 03:20:48 ‰∏äÂçà cn.vcaml.vcatomcat.catalina.Server logJVM
INFO : Server number:		1.0.1
09 02, 2021 03:20:48 ‰∏äÂçà cn.vcaml.vcatomcat.catalina.Server logJVM
INFO : OS Name	:		Windows 10
09 02, 2021 03:20:48 ‰∏äÂçà cn.vcaml.vcatomcat.catalina.Server logJVM
INFO : OS Version:		10.0
09 02, 2021 03:20:48 ‰∏äÂçà cn.vcaml.vcatomcat.catalina.Server logJVM
INFO : Architecture:		amd64
09 02, 2021 03:20:48 ‰∏äÂçà cn.vcaml.vcatomcat.catalina.Server logJVM
INFO : Java Home:		C:\Program Files\Java\jdk1.8.0_201\jre
09 02, 2021 03:20:48 ‰∏äÂçà cn.vcaml.vcatomcat.catalina.Server logJVM
INFO : JVM Version:		1.8.0_201-b09
09 02, 2021 03:20:48 ‰∏äÂçà cn.vcaml.vcatomcat.catalina.Server logJVM
INFO : JVM Vendor:		Oracle Corporation
09 02, 2021 03:20:48 ‰∏äÂçà cn.vcaml.vcatomcat.catalina.Connector init
INFO : Initializing ProtocolHandler [http-bio-18080]
09 02, 2021 03:20:48 ‰∏äÂçà cn.vcaml.vcatomcat.catalina.Connector init
INFO : Initializing ProtocolHandler [http-bio-18081]
09 02, 2021 03:20:48 ‰∏äÂçà cn.vcaml.vcatomcat.catalina.Connector init
INFO : Initializing ProtocolHandler [http-bio-18082]
09 02, 2021 03:20:48 ‰∏äÂçà cn.vcaml.vcatomcat.catalina.Service init
INFO : Initialization processed in 0 ms
09 02, 2021 03:20:48 ‰∏äÂçà cn.vcaml.vcatomcat.catalina.Connector start
INFO : Starting ProtocolHandler [http-bio-18080]
09 02, 2021 03:20:48 ‰∏äÂçà cn.vcaml.vcatomcat.catalina.Connector start
INFO : Starting ProtocolHandler [http-bio-18081]
09 02, 2021 03:20:48 ‰∏äÂçà cn.vcaml.vcatomcat.catalina.Connector start
INFO : Starting ProtocolHandler [http-bio-18082]
09 02, 2021 03:20:48 ‰∏äÂçà cn.vcaml.vcatomcat.catalina.Server start
INFO : Server startup in 4 ms
09 02, 2021 12:23:21 œ¬ŒÁ cn.vcaml.vcatomcat.catalina.Context deploy
INFO : Deploying web application directory E:\project\VcaTomcat\webapps\a
09 02, 2021 12:23:21 œ¬ŒÁ cn.vcaml.vcatomcat.catalina.Context deploy
INFO : Deployment of web application directory E:\project\VcaTomcat\webapps\a has finished in 93 ms
09 02, 2021 12:23:21 œ¬ŒÁ cn.vcaml.vcatomcat.catalina.Context deploy
INFO : Deploying web application directory E:\project\VcaTomcat\webapps\j2ee
09 02, 2021 12:23:21 œ¬ŒÁ cn.vcaml.vcatomcat.catalina.Context deploy
INFO : Deployment of web application directory E:\project\VcaTomcat\webapps\j2ee has finished in 4 ms
09 02, 2021 12:23:21 œ¬ŒÁ cn.vcaml.vcatomcat.catalina.Context deploy
INFO : Deploying web application directory E:\project\VcaTomcat\webapps\ROOT
09 02, 2021 12:23:21 œ¬ŒÁ cn.vcaml.vcatomcat.catalina.Context deploy
INFO : Deployment of web application directory E:\project\VcaTomcat\webapps\ROOT has finished in 1 ms
09 02, 2021 12:23:21 œ¬ŒÁ cn.vcaml.vcatomcat.catalina.Context deploy
INFO : Deploying web application directory e:/project/diytomcat/b
09 02, 2021 12:23:21 œ¬ŒÁ cn.vcaml.vcatomcat.catalina.Context deploy
INFO : Deployment of web application directory e:/project/diytomcat/b has finished in 0 ms
09 02, 2021 12:23:21 œ¬ŒÁ cn.vcaml.vcatomcat.catalina.Context deploy
INFO : Deploying web application directory e:/project/Vcatomcat/b
09 02, 2021 12:23:21 œ¬ŒÁ cn.vcaml.vcatomcat.catalina.Context deploy
INFO : Deployment of web application directory e:/project/Vcatomcat/b has finished in 1 ms
09 02, 2021 12:23:21 œ¬ŒÁ cn.vcaml.vcatomcat.catalina.Server logJVM
INFO : Server version:		How2J DiyTomcat/1.0.1
09 02, 2021 12:23:21 œ¬ŒÁ cn.vcaml.vcatomcat.catalina.Server logJVM
INFO : Server built:		2020-04-08 10:20:22
09 02, 2021 12:23:21 œ¬ŒÁ cn.vcaml.vcatomcat.catalina.Server logJVM
INFO : Server number:		1.0.1
09 02, 2021 12:23:21 œ¬ŒÁ cn.vcaml.vcatomcat.catalina.Server logJVM
INFO : OS Name	:		Windows 10
09 02, 2021 12:23:21 œ¬ŒÁ cn.vcaml.vcatomcat.catalina.Server logJVM
INFO : OS Version:		10.0
09 02, 2021 12:23:21 œ¬ŒÁ cn.vcaml.vcatomcat.catalina.Server logJVM
INFO : Architecture:		amd64
09 02, 2021 12:23:21 œ¬ŒÁ cn.vcaml.vcatomcat.catalina.Server logJVM
INFO : Java Home:		C:\Program Files\Java\jdk1.8.0_201\jre
09 02, 2021 12:23:21 œ¬ŒÁ cn.vcaml.vcatomcat.catalina.Server logJVM
INFO : JVM Version:		1.8.0_201-b09
09 02, 2021 12:23:21 œ¬ŒÁ cn.vcaml.vcatomcat.catalina.Server logJVM
INFO : JVM Vendor:		Oracle Corporation
09 02, 2021 12:23:21 œ¬ŒÁ cn.vcaml.vcatomcat.catalina.Connector init
INFO : Initializing ProtocolHandler [http-bio-18080]
09 02, 2021 12:23:21 œ¬ŒÁ cn.vcaml.vcatomcat.catalina.Connector init
INFO : Initializing ProtocolHandler [http-bio-18081]
09 02, 2021 12:23:21 œ¬ŒÁ cn.vcaml.vcatomcat.catalina.Connector init
INFO : Initializing ProtocolHandler [http-bio-18082]
09 02, 2021 12:23:21 œ¬ŒÁ cn.vcaml.vcatomcat.catalina.Service init
INFO : Initialization processed in 2 ms
09 02, 2021 12:23:21 œ¬ŒÁ cn.vcaml.vcatomcat.catalina.Connector start
INFO : Starting ProtocolHandler [http-bio-18080]
09 02, 2021 12:23:21 œ¬ŒÁ cn.vcaml.vcatomcat.catalina.Connector start
INFO : Starting ProtocolHandler [http-bio-18081]
09 02, 2021 12:23:21 œ¬ŒÁ cn.vcaml.vcatomcat.catalina.Connector start
INFO : Starting ProtocolHandler [http-bio-18082]
09 02, 2021 12:23:21 œ¬ŒÁ cn.vcaml.vcatomcat.catalina.Server start
INFO : Server startup in 15 ms
09 02, 2021 13:51:28 ‰∏ãÂçà cn.vcaml.vcatomcat.catalina.Context <init>
INFO : Deploying web application directory E:\project\VcaTomcat\webapps\a
09 02, 2021 13:51:28 ‰∏ãÂçà cn.vcaml.vcatomcat.catalina.Context deploy
INFO : Deploying web application directory E:\project\VcaTomcat\webapps\a
09 02, 2021 13:51:28 ‰∏ãÂçà cn.vcaml.vcatomcat.catalina.Context deploy
INFO : Deployment of web application directory E:\project\VcaTomcat\webapps\a has finished in 2 ms
09 02, 2021 13:51:28 ‰∏ãÂçà cn.vcaml.vcatomcat.catalina.Context <init>
INFO : Deployment of web application directory E:\project\VcaTomcat\webapps\a has finished in 109 ms
09 02, 2021 13:51:28 ‰∏ãÂçà cn.vcaml.vcatomcat.catalina.Context <init>
INFO : Deploying web application directory E:\project\VcaTomcat\webapps\j2ee
09 02, 2021 13:51:28 ‰∏ãÂçà cn.vcaml.vcatomcat.catalina.Context deploy
INFO : Deploying web application directory E:\project\VcaTomcat\webapps\j2ee
09 02, 2021 13:51:28 ‰∏ãÂçà cn.vcaml.vcatomcat.catalina.Context deploy
INFO : Deployment of web application directory E:\project\VcaTomcat\webapps\j2ee has finished in 3 ms
09 02, 2021 13:51:28 ‰∏ãÂçà cn.vcaml.vcatomcat.catalina.Context <init>
INFO : Deployment of web application directory E:\project\VcaTomcat\webapps\j2ee has finished in 4 ms
09 02, 2021 13:51:28 ‰∏ãÂçà cn.vcaml.vcatomcat.catalina.Context <init>
INFO : Deploying web application directory E:\project\VcaTomcat\webapps\ROOT
09 02, 2021 13:51:28 ‰∏ãÂçà cn.vcaml.vcatomcat.catalina.Context deploy
INFO : Deploying web application directory E:\project\VcaTomcat\webapps\ROOT
09 02, 2021 13:51:28 ‰∏ãÂçà cn.vcaml.vcatomcat.catalina.Context deploy
INFO : Deployment of web application directory E:\project\VcaTomcat\webapps\ROOT has finished in 0 ms
09 02, 2021 13:51:28 ‰∏ãÂçà cn.vcaml.vcatomcat.catalina.Context <init>
INFO : Deployment of web application directory E:\project\VcaTomcat\webapps\ROOT has finished in 1 ms
09 02, 2021 13:51:28 ‰∏ãÂçà cn.vcaml.vcatomcat.catalina.Context <init>
INFO : Deploying web application directory e:/project/diytomcat/b
09 02, 2021 13:51:28 ‰∏ãÂçà cn.vcaml.vcatomcat.catalina.Context deploy
INFO : Deploying web application directory e:/project/diytomcat/b
09 02, 2021 13:51:28 ‰∏ãÂçà cn.vcaml.vcatomcat.catalina.Context deploy
INFO : Deployment of web application directory e:/project/diytomcat/b has finished in 1 ms
09 02, 2021 13:51:28 ‰∏ãÂçà cn.vcaml.vcatomcat.catalina.Context <init>
INFO : Deployment of web application directory e:/project/diytomcat/b has finished in 2 ms
09 02, 2021 13:51:28 ‰∏ãÂçà cn.vcaml.vcatomcat.catalina.Context <init>
INFO : Deploying web application directory e:/project/javaweb/web
09 02, 2021 13:51:28 ‰∏ãÂçà cn.vcaml.vcatomcat.catalina.Context deploy
INFO : Deploying web application directory e:/project/javaweb/web
09 02, 2021 13:51:28 ‰∏ãÂçà cn.vcaml.vcatomcat.catalina.Context deploy
INFO : Deployment of web application directory e:/project/javaweb/web has finished in 2 ms
09 02, 2021 13:51:28 ‰∏ãÂçà cn.vcaml.vcatomcat.catalina.Context <init>
INFO : Deployment of web application directory e:/project/javaweb/web has finished in 3 ms
09 02, 2021 13:51:28 ‰∏ãÂçà cn.vcaml.vcatomcat.catalina.Context <init>
INFO : Deploying web application directory e:/project/Vcatomcat/b
09 02, 2021 13:51:28 ‰∏ãÂçà cn.vcaml.vcatomcat.catalina.Context deploy
INFO : Deploying web application directory e:/project/Vcatomcat/b
09 02, 2021 13:51:28 ‰∏ãÂçà cn.vcaml.vcatomcat.catalina.Context deploy
INFO : Deployment of web application directory e:/project/Vcatomcat/b has finished in 0 ms
09 02, 2021 13:51:28 ‰∏ãÂçà cn.vcaml.vcatomcat.catalina.Context <init>
INFO : Deployment of web application directory e:/project/Vcatomcat/b has finished in 1 ms
09 02, 2021 13:51:28 ‰∏ãÂçà cn.vcaml.vcatomcat.catalina.Server logJVM
INFO : Server version:		How2J DiyTomcat/1.0.1
09 02, 2021 13:51:28 ‰∏ãÂçà cn.vcaml.vcatomcat.catalina.Server logJVM
INFO : Server built:		2020-04-08 10:20:22
09 02, 2021 13:51:28 ‰∏ãÂçà cn.vcaml.vcatomcat.catalina.Server logJVM
INFO : Server number:		1.0.1
09 02, 2021 13:51:28 ‰∏ãÂçà cn.vcaml.vcatomcat.catalina.Server logJVM
INFO : OS Name	:		Windows 10
09 02, 2021 13:51:28 ‰∏ãÂçà cn.vcaml.vcatomcat.catalina.Server logJVM
INFO : OS Version:		10.0
09 02, 2021 13:51:28 ‰∏ãÂçà cn.vcaml.vcatomcat.catalina.Server logJVM
INFO : Architecture:		amd64
09 02, 2021 13:51:28 ‰∏ãÂçà cn.vcaml.vcatomcat.catalina.Server logJVM
INFO : Java Home:		C:\Program Files\Java\jdk1.8.0_201\jre
09 02, 2021 13:51:28 ‰∏ãÂçà cn.vcaml.vcatomcat.catalina.Server logJVM
INFO : JVM Version:		1.8.0_201-b09
09 02, 2021 13:51:28 ‰∏ãÂçà cn.vcaml.vcatomcat.catalina.Server logJVM
INFO : JVM Vendor:		Oracle Corporation
09 02, 2021 13:51:28 ‰∏ãÂçà cn.vcaml.vcatomcat.catalina.Connector init
INFO : Initializing ProtocolHandler [http-bio-18080]
09 02, 2021 13:51:28 ‰∏ãÂçà cn.vcaml.vcatomcat.catalina.Connector init
INFO : Initializing ProtocolHandler [http-bio-18081]
09 02, 2021 13:51:28 ‰∏ãÂçà cn.vcaml.vcatomcat.catalina.Connector init
INFO : Initializing ProtocolHandler [http-bio-18082]
09 02, 2021 13:51:28 ‰∏ãÂçà cn.vcaml.vcatomcat.catalina.Service init
INFO : Initialization processed in 1 ms
09 02, 2021 13:51:28 ‰∏ãÂçà cn.vcaml.vcatomcat.catalina.Connector start
INFO : Starting ProtocolHandler [http-bio-18080]
09 02, 2021 13:51:28 ‰∏ãÂçà cn.vcaml.vcatomcat.catalina.Connector start
INFO : Starting ProtocolHandler [http-bio-18081]
09 02, 2021 13:51:28 ‰∏ãÂçà cn.vcaml.vcatomcat.catalina.Connector start
INFO : Starting ProtocolHandler [http-bio-18082]
09 02, 2021 13:51:28 ‰∏ãÂçà cn.vcaml.vcatomcat.catalina.Server start
INFO : Server startup in 4 ms
09 02, 2021 15:11:46 ‰∏ãÂçà cn.vcaml.vcatomcat.catalina.Context <init>
INFO : Deploying web application directory E:\project\VcaTomcat\webapps\a
09 02, 2021 15:11:46 ‰∏ãÂçà cn.vcaml.vcatomcat.catalina.Context deploy
INFO : Deploying web application directory E:\project\VcaTomcat\webapps\a
09 02, 2021 15:11:46 ‰∏ãÂçà cn.vcaml.vcatomcat.catalina.Context deploy
INFO : Deployment of web application directory E:\project\VcaTomcat\webapps\a has finished in 2 ms
09 02, 2021 15:11:46 ‰∏ãÂçà cn.vcaml.vcatomcat.catalina.Context <init>
INFO : Deployment of web application directory E:\project\VcaTomcat\webapps\a has finished in 106 ms
09 02, 2021 15:11:46 ‰∏ãÂçà cn.vcaml.vcatomcat.catalina.Context <init>
INFO : Deploying web application directory E:\project\VcaTomcat\webapps\j2ee
09 02, 2021 15:11:46 ‰∏ãÂçà cn.vcaml.vcatomcat.catalina.Context deploy
INFO : Deploying web application directory E:\project\VcaTomcat\webapps\j2ee
09 02, 2021 15:11:46 ‰∏ãÂçà cn.vcaml.vcatomcat.catalina.Context deploy
INFO : Deployment of web application directory E:\project\VcaTomcat\webapps\j2ee has finished in 3 ms
09 02, 2021 15:11:46 ‰∏ãÂçà cn.vcaml.vcatomcat.catalina.Context <init>
INFO : Deployment of web application directory E:\project\VcaTomcat\webapps\j2ee has finished in 5 ms
09 02, 2021 15:11:46 ‰∏ãÂçà cn.vcaml.vcatomcat.catalina.Context <init>
INFO : Deploying web application directory E:\project\VcaTomcat\webapps\ROOT
09 02, 2021 15:11:46 ‰∏ãÂçà cn.vcaml.vcatomcat.catalina.Context deploy
INFO : Deploying web application directory E:\project\VcaTomcat\webapps\ROOT
09 02, 2021 15:11:46 ‰∏ãÂçà cn.vcaml.vcatomcat.catalina.Context deploy
INFO : Deployment of web application directory E:\project\VcaTomcat\webapps\ROOT has finished in 0 ms
09 02, 2021 15:11:46 ‰∏ãÂçà cn.vcaml.vcatomcat.catalina.Context <init>
INFO : Deployment of web application directory E:\project\VcaTomcat\webapps\ROOT has finished in 2 ms
09 02, 2021 15:11:46 ‰∏ãÂçà cn.vcaml.vcatomcat.catalina.Context <init>
INFO : Deploying web application directory e:/project/Vcatomcat/b
09 02, 2021 15:11:46 ‰∏ãÂçà cn.vcaml.vcatomcat.catalina.Context deploy
INFO : Deploying web application directory e:/project/Vcatomcat/b
09 02, 2021 15:11:46 ‰∏ãÂçà cn.vcaml.vcatomcat.catalina.Context deploy
INFO : Deployment of web application directory e:/project/Vcatomcat/b has finished in 0 ms
09 02, 2021 15:11:46 ‰∏ãÂçà cn.vcaml.vcatomcat.catalina.Context <init>
INFO : Deployment of web application directory e:/project/Vcatomcat/b has finished in 1 ms
09 02, 2021 15:11:46 ‰∏ãÂçà cn.vcaml.vcatomcat.catalina.Context <init>
INFO : Deploying web application directory e:/project/javaweb/web
09 02, 2021 15:11:46 ‰∏ãÂçà cn.vcaml.vcatomcat.catalina.Context deploy
INFO : Deploying web application directory e:/project/javaweb/web
09 02, 2021 15:11:46 ‰∏ãÂçà cn.vcaml.vcatomcat.catalina.Context deploy
INFO : Deployment of web application directory e:/project/javaweb/web has finished in 2 ms
09 02, 2021 15:11:46 ‰∏ãÂçà cn.vcaml.vcatomcat.catalina.Context <init>
INFO : Deployment of web application directory e:/project/javaweb/web has finished in 3 ms
09 02, 2021 15:11:46 ‰∏ãÂçà cn.vcaml.vcatomcat.catalina.Context <init>
INFO : Deploying web application directory e:/project/Vcatomcat/b
09 02, 2021 15:11:46 ‰∏ãÂçà cn.vcaml.vcatomcat.catalina.Context deploy
INFO : Deploying web application directory e:/project/Vcatomcat/b
09 02, 2021 15:11:46 ‰∏ãÂçà cn.vcaml.vcatomcat.catalina.Context deploy
INFO : Deployment of web application directory e:/project/Vcatomcat/b has finished in 0 ms
09 02, 2021 15:11:46 ‰∏ãÂçà cn.vcaml.vcatomcat.catalina.Context <init>
INFO : Deployment of web application directory e:/project/Vcatomcat/b has finished in 1 ms
09 02, 2021 15:11:46 ‰∏ãÂçà cn.vcaml.vcatomcat.catalina.Server logJVM
INFO : Server version:		How2J DiyTomcat/1.0.1
09 02, 2021 15:11:46 ‰∏ãÂçà cn.vcaml.vcatomcat.catalina.Server logJVM
INFO : Server built:		2020-04-08 10:20:22
09 02, 2021 15:11:46 ‰∏ãÂçà cn.vcaml.vcatomcat.catalina.Server logJVM
INFO : Server number:		1.0.1
09 02, 2021 15:11:46 ‰∏ãÂçà cn.vcaml.vcatomcat.catalina.Server logJVM
INFO : OS Name	:		Windows 10
09 02, 2021 15:11:46 ‰∏ãÂçà cn.vcaml.vcatomcat.catalina.Server logJVM
INFO : OS Version:		10.0
09 02, 2021 15:11:46 ‰∏ãÂçà cn.vcaml.vcatomcat.catalina.Server logJVM
INFO : Architecture:		amd64
09 02, 2021 15:11:46 ‰∏ãÂçà cn.vcaml.vcatomcat.catalina.Server logJVM
INFO : Java Home:		C:\Program Files\Java\jdk1.8.0_201\jre
09 02, 2021 15:11:46 ‰∏ãÂçà cn.vcaml.vcatomcat.catalina.Server logJVM
INFO : JVM Version:		1.8.0_201-b09
09 02, 2021 15:11:46 ‰∏ãÂçà cn.vcaml.vcatomcat.catalina.Server logJVM
INFO : JVM Vendor:		Oracle Corporation
09 02, 2021 15:11:46 ‰∏ãÂçà cn.vcaml.vcatomcat.catalina.Connector init
INFO : Initializing ProtocolHandler [http-bio-18080]
09 02, 2021 15:11:46 ‰∏ãÂçà cn.vcaml.vcatomcat.catalina.Connector init
INFO : Initializing ProtocolHandler [http-bio-18081]
09 02, 2021 15:11:46 ‰∏ãÂçà cn.vcaml.vcatomcat.catalina.Connector init
INFO : Initializing ProtocolHandler [http-bio-18082]
09 02, 2021 15:11:46 ‰∏ãÂçà cn.vcaml.vcatomcat.catalina.Service init
INFO : Initialization processed in 1 ms
09 02, 2021 15:11:46 ‰∏ãÂçà cn.vcaml.vcatomcat.catalina.Connector start
INFO : Starting ProtocolHandler [http-bio-18080]
09 02, 2021 15:11:46 ‰∏ãÂçà cn.vcaml.vcatomcat.catalina.Connector start
INFO : Starting ProtocolHandler [http-bio-18081]
09 02, 2021 15:11:46 ‰∏ãÂçà cn.vcaml.vcatomcat.catalina.Connector start
INFO : Starting ProtocolHandler [http-bio-18082]
09 02, 2021 15:11:46 ‰∏ãÂçà cn.vcaml.vcatomcat.catalina.Server start
INFO : Server startup in 3 ms
09 02, 2021 15:40:20 ‰∏ãÂçà cn.vcaml.vcatomcat.catalina.Context <init>
INFO : Deploying web application directory E:\project\VcaTomcat\webapps\a
09 02, 2021 15:40:20 ‰∏ãÂçà cn.vcaml.vcatomcat.catalina.Context deploy
INFO : Deploying web application directory E:\project\VcaTomcat\webapps\a
09 02, 2021 15:40:20 ‰∏ãÂçà cn.vcaml.vcatomcat.catalina.Context deploy
INFO : Deployment of web application directory E:\project\VcaTomcat\webapps\a has finished in 2 ms
09 02, 2021 15:40:20 ‰∏ãÂçà cn.vcaml.vcatomcat.catalina.Context <init>
INFO : Deployment of web application directory E:\project\VcaTomcat\webapps\a has finished in 107 ms
09 02, 2021 15:40:20 ‰∏ãÂçà cn.vcaml.vcatomcat.catalina.Context <init>
INFO : Deploying web application directory E:\project\VcaTomcat\webapps\j2ee
09 02, 2021 15:40:20 ‰∏ãÂçà cn.vcaml.vcatomcat.catalina.Context deploy
INFO : Deploying web application directory E:\project\VcaTomcat\webapps\j2ee
09 02, 2021 15:40:20 ‰∏ãÂçà cn.vcaml.vcatomcat.catalina.Context deploy
INFO : Deployment of web application directory E:\project\VcaTomcat\webapps\j2ee has finished in 3 ms
09 02, 2021 15:40:20 ‰∏ãÂçà cn.vcaml.vcatomcat.catalina.Context <init>
INFO : Deployment of web application directory E:\project\VcaTomcat\webapps\j2ee has finished in 4 ms
09 02, 2021 15:40:20 ‰∏ãÂçà cn.vcaml.vcatomcat.catalina.Context <init>
INFO : Deploying web application directory E:\project\VcaTomcat\webapps\ROOT
09 02, 2021 15:40:20 ‰∏ãÂçà cn.vcaml.vcatomcat.catalina.Context deploy
INFO : Deploying web application directory E:\project\VcaTomcat\webapps\ROOT
09 02, 2021 15:40:20 ‰∏ãÂçà cn.vcaml.vcatomcat.catalina.Context deploy
INFO : Deployment of web application directory E:\project\VcaTomcat\webapps\ROOT has finished in 0 ms
09 02, 2021 15:40:20 ‰∏ãÂçà cn.vcaml.vcatomcat.catalina.Context <init>
INFO : Deployment of web application directory E:\project\VcaTomcat\webapps\ROOT has finished in 1 ms
09 02, 2021 15:40:20 ‰∏ãÂçà cn.vcaml.vcatomcat.catalina.Context <init>
INFO : Deploying web application directory e:/project/Vcatomcat/b
09 02, 2021 15:40:20 ‰∏ãÂçà cn.vcaml.vcatomcat.catalina.Context deploy
INFO : Deploying web application directory e:/project/Vcatomcat/b
09 02, 2021 15:40:20 ‰∏ãÂçà cn.vcaml.vcatomcat.catalina.Context deploy
INFO : Deployment of web application directory e:/project/Vcatomcat/b has finished in 0 ms
09 02, 2021 15:40:20 ‰∏ãÂçà cn.vcaml.vcatomcat.catalina.Context <init>
INFO : Deployment of web application directory e:/project/Vcatomcat/b has finished in 1 ms
09 02, 2021 15:40:20 ‰∏ãÂçà cn.vcaml.vcatomcat.catalina.Context <init>
INFO : Deploying web application directory e:/project/javaweb/web
09 02, 2021 15:40:20 ‰∏ãÂçà cn.vcaml.vcatomcat.catalina.Context deploy
INFO : Deploying web application directory e:/project/javaweb/web
09 02, 2021 15:40:20 ‰∏ãÂçà cn.vcaml.vcatomcat.catalina.Context deploy
INFO : Deployment of web application directory e:/project/javaweb/web has finished in 2 ms
09 02, 2021 15:40:20 ‰∏ãÂçà cn.vcaml.vcatomcat.catalina.Context <init>
INFO : Deployment of web application directory e:/project/javaweb/web has finished in 2 ms
09 02, 2021 15:40:20 ‰∏ãÂçà cn.vcaml.vcatomcat.catalina.Context <init>
INFO : Deploying web application directory e:/project/Vcatomcat/b
09 02, 2021 15:40:20 ‰∏ãÂçà cn.vcaml.vcatomcat.catalina.Context deploy
INFO : Deploying web application directory e:/project/Vcatomcat/b
09 02, 2021 15:40:20 ‰∏ãÂçà cn.vcaml.vcatomcat.catalina.Context deploy
INFO : Deployment of web application directory e:/project/Vcatomcat/b has finished in 0 ms
09 02, 2021 15:40:20 ‰∏ãÂçà cn.vcaml.vcatomcat.catalina.Context <init>
INFO : Deployment of web application directory e:/project/Vcatomcat/b has finished in 1 ms
09 02, 2021 15:40:20 ‰∏ãÂçà cn.vcaml.vcatomcat.catalina.Server logJVM
INFO : Server version:		How2J DiyTomcat/1.0.1
09 02, 2021 15:40:20 ‰∏ãÂçà cn.vcaml.vcatomcat.catalina.Server logJVM
INFO : Server built:		2020-04-08 10:20:22
09 02, 2021 15:40:20 ‰∏ãÂçà cn.vcaml.vcatomcat.catalina.Server logJVM
INFO : Server number:		1.0.1
09 02, 2021 15:40:20 ‰∏ãÂçà cn.vcaml.vcatomcat.catalina.Server logJVM
INFO : OS Name	:		Windows 10
09 02, 2021 15:40:20 ‰∏ãÂçà cn.vcaml.vcatomcat.catalina.Server logJVM
INFO : OS Version:		10.0
09 02, 2021 15:40:20 ‰∏ãÂçà cn.vcaml.vcatomcat.catalina.Server logJVM
INFO : Architecture:		amd64
09 02, 2021 15:40:20 ‰∏ãÂçà cn.vcaml.vcatomcat.catalina.Server logJVM
INFO : Java Home:		C:\Program Files\Java\jdk1.8.0_201\jre
09 02, 2021 15:40:20 ‰∏ãÂçà cn.vcaml.vcatomcat.catalina.Server logJVM
INFO : JVM Version:		1.8.0_201-b09
09 02, 2021 15:40:20 ‰∏ãÂçà cn.vcaml.vcatomcat.catalina.Server logJVM
INFO : JVM Vendor:		Oracle Corporation
09 02, 2021 15:40:20 ‰∏ãÂçà cn.vcaml.vcatomcat.catalina.Connector init
INFO : Initializing ProtocolHandler [http-bio-18080]
09 02, 2021 15:40:20 ‰∏ãÂçà cn.vcaml.vcatomcat.catalina.Connector init
INFO : Initializing ProtocolHandler [http-bio-18081]
09 02, 2021 15:40:20 ‰∏ãÂçà cn.vcaml.vcatomcat.catalina.Connector init
INFO : Initializing ProtocolHandler [http-bio-18082]
09 02, 2021 15:40:20 ‰∏ãÂçà cn.vcaml.vcatomcat.catalina.Service init
INFO : Initialization processed in 0 ms
09 02, 2021 15:40:20 ‰∏ãÂçà cn.vcaml.vcatomcat.catalina.Connector start
INFO : Starting ProtocolHandler [http-bio-18080]
09 02, 2021 15:40:20 ‰∏ãÂçà cn.vcaml.vcatomcat.catalina.Connector start
INFO : Starting ProtocolHandler [http-bio-18081]
09 02, 2021 15:40:20 ‰∏ãÂçà cn.vcaml.vcatomcat.catalina.Connector start
INFO : Starting ProtocolHandler [http-bio-18082]
09 02, 2021 15:40:20 ‰∏ãÂçà cn.vcaml.vcatomcat.catalina.Server start
INFO : Server startup in 4 ms
09 02, 2021 15:56:54 ‰∏ãÂçà cn.vcaml.vcatomcat.catalina.Context <init>
INFO : Deploying web application directory E:\project\VcaTomcat\webapps\a
09 02, 2021 15:56:54 ‰∏ãÂçà cn.vcaml.vcatomcat.catalina.Context deploy
INFO : Deploying web application directory E:\project\VcaTomcat\webapps\a
09 02, 2021 15:56:54 ‰∏ãÂçà cn.vcaml.vcatomcat.catalina.Context deploy
INFO : Deployment of web application directory E:\project\VcaTomcat\webapps\a has finished in 2 ms
09 02, 2021 15:56:54 ‰∏ãÂçà cn.vcaml.vcatomcat.catalina.Context <init>
INFO : Deployment of web application directory E:\project\VcaTomcat\webapps\a has finished in 106 ms
09 02, 2021 15:56:54 ‰∏ãÂçà cn.vcaml.vcatomcat.catalina.Context <init>
INFO : Deploying web application directory E:\project\VcaTomcat\webapps\j2ee
09 02, 2021 15:56:54 ‰∏ãÂçà cn.vcaml.vcatomcat.catalina.Context deploy
INFO : Deploying web application directory E:\project\VcaTomcat\webapps\j2ee
09 02, 2021 15:56:54 ‰∏ãÂçà cn.vcaml.vcatomcat.catalina.Context deploy
INFO : Deployment of web application directory E:\project\VcaTomcat\webapps\j2ee has finished in 3 ms
09 02, 2021 15:56:54 ‰∏ãÂçà cn.vcaml.vcatomcat.catalina.Context <init>
INFO : Deployment of web application directory E:\project\VcaTomcat\webapps\j2ee has finished in 4 ms
09 02, 2021 15:56:54 ‰∏ãÂçà cn.vcaml.vcatomcat.catalina.Context <init>
INFO : Deploying web application directory E:\project\VcaTomcat\webapps\ROOT
09 02, 2021 15:56:54 ‰∏ãÂçà cn.vcaml.vcatomcat.catalina.Context deploy
INFO : Deploying web application directory E:\project\VcaTomcat\webapps\ROOT
09 02, 2021 15:56:54 ‰∏ãÂçà cn.vcaml.vcatomcat.catalina.Context deploy
INFO : Deployment of web application directory E:\project\VcaTomcat\webapps\ROOT has finished in 0 ms
09 02, 2021 15:56:54 ‰∏ãÂçà cn.vcaml.vcatomcat.catalina.Context <init>
INFO : Deployment of web application directory E:\project\VcaTomcat\webapps\ROOT has finished in 1 ms
09 02, 2021 15:56:54 ‰∏ãÂçà cn.vcaml.vcatomcat.catalina.Context <init>
INFO : Deploying web application directory e:/project/Vcatomcat/b
09 02, 2021 15:56:54 ‰∏ãÂçà cn.vcaml.vcatomcat.catalina.Context deploy
INFO : Deploying web application directory e:/project/Vcatomcat/b
09 02, 2021 15:56:54 ‰∏ãÂçà cn.vcaml.vcatomcat.catalina.Context deploy
INFO : Deployment of web application directory e:/project/Vcatomcat/b has finished in 0 ms
09 02, 2021 15:56:54 ‰∏ãÂçà cn.vcaml.vcatomcat.catalina.Context <init>
INFO : Deployment of web application directory e:/project/Vcatomcat/b has finished in 1 ms
09 02, 2021 15:56:54 ‰∏ãÂçà cn.vcaml.vcatomcat.catalina.Context <init>
INFO : Deploying web application directory e:/project/javaweb/web
09 02, 2021 15:56:54 ‰∏ãÂçà cn.vcaml.vcatomcat.catalina.Context deploy
INFO : Deploying web application directory e:/project/javaweb/web
09 02, 2021 15:56:54 ‰∏ãÂçà cn.vcaml.vcatomcat.catalina.Context deploy
INFO : Deployment of web application directory e:/project/javaweb/web has finished in 1 ms
09 02, 2021 15:56:54 ‰∏ãÂçà cn.vcaml.vcatomcat.catalina.Context <init>
INFO : Deployment of web application directory e:/project/javaweb/web has finished in 2 ms
09 02, 2021 15:56:54 ‰∏ãÂçà cn.vcaml.vcatomcat.catalina.Context <init>
INFO : Deploying web application directory e:/project/Vcatomcat/b
09 02, 2021 15:56:54 ‰∏ãÂçà cn.vcaml.vcatomcat.catalina.Context deploy
INFO : Deploying web application directory e:/project/Vcatomcat/b
09 02, 2021 15:56:54 ‰∏ãÂçà cn.vcaml.vcatomcat.catalina.Context deploy
INFO : Deployment of web application directory e:/project/Vcatomcat/b has finished in 1 ms
09 02, 2021 15:56:54 ‰∏ãÂçà cn.vcaml.vcatomcat.catalina.Context <init>
INFO : Deployment of web application directory e:/project/Vcatomcat/b has finished in 1 ms
09 02, 2021 15:56:54 ‰∏ãÂçà cn.vcaml.vcatomcat.catalina.Server logJVM
INFO : Server version:		How2J DiyTomcat/1.0.1
09 02, 2021 15:56:54 ‰∏ãÂçà cn.vcaml.vcatomcat.catalina.Server logJVM
INFO : Server built:		2020-04-08 10:20:22
09 02, 2021 15:56:54 ‰∏ãÂçà cn.vcaml.vcatomcat.catalina.Server logJVM
INFO : Server number:		1.0.1
09 02, 2021 15:56:54 ‰∏ãÂçà cn.vcaml.vcatomcat.catalina.Server logJVM
INFO : OS Name	:		Windows 10
09 02, 2021 15:56:54 ‰∏ãÂçà cn.vcaml.vcatomcat.catalina.Server logJVM
INFO : OS Version:		10.0
09 02, 2021 15:56:54 ‰∏ãÂçà cn.vcaml.vcatomcat.catalina.Server logJVM
INFO : Architecture:		amd64
09 02, 2021 15:56:54 ‰∏ãÂçà cn.vcaml.vcatomcat.catalina.Server logJVM
INFO : Java Home:		C:\Program Files\Java\jdk1.8.0_201\jre
09 02, 2021 15:56:54 ‰∏ãÂçà cn.vcaml.vcatomcat.catalina.Server logJVM
INFO : JVM Version:		1.8.0_201-b09
09 02, 2021 15:56:54 ‰∏ãÂçà cn.vcaml.vcatomcat.catalina.Server logJVM
INFO : JVM Vendor:		Oracle Corporation
09 02, 2021 15:56:54 ‰∏ãÂçà cn.vcaml.vcatomcat.catalina.Connector init
INFO : Initializing ProtocolHandler [http-bio-18080]
09 02, 2021 15:56:54 ‰∏ãÂçà cn.vcaml.vcatomcat.catalina.Connector init
INFO : Initializing ProtocolHandler [http-bio-18081]
09 02, 2021 15:56:54 ‰∏ãÂçà cn.vcaml.vcatomcat.catalina.Connector init
INFO : Initializing ProtocolHandler [http-bio-18082]
09 02, 2021 15:56:54 ‰∏ãÂçà cn.vcaml.vcatomcat.catalina.Service init
INFO : Initialization processed in 1 ms
09 02, 2021 15:56:54 ‰∏ãÂçà cn.vcaml.vcatomcat.catalina.Connector start
INFO : Starting ProtocolHandler [http-bio-18080]
09 02, 2021 15:56:54 ‰∏ãÂçà cn.vcaml.vcatomcat.catalina.Connector start
INFO : Starting ProtocolHandler [http-bio-18081]
09 02, 2021 15:56:54 ‰∏ãÂçà cn.vcaml.vcatomcat.catalina.Connector start
INFO : Starting ProtocolHandler [http-bio-18082]
09 02, 2021 15:56:54 ‰∏ãÂçà cn.vcaml.vcatomcat.catalina.Server start
INFO : Server startup in 3 ms
09 02, 2021 16:04:19 ‰∏ãÂçà cn.vcaml.vcatomcat.catalina.Context <init>
INFO : Deploying web application directory E:\project\VcaTomcat\webapps\a
09 02, 2021 16:04:19 ‰∏ãÂçà cn.vcaml.vcatomcat.catalina.Context deploy
INFO : Deploying web application directory E:\project\VcaTomcat\webapps\a
09 02, 2021 16:04:19 ‰∏ãÂçà cn.vcaml.vcatomcat.catalina.Context deploy
INFO : Deployment of web application directory E:\project\VcaTomcat\webapps\a has finished in 2 ms
09 02, 2021 16:04:19 ‰∏ãÂçà cn.vcaml.vcatomcat.catalina.Context <init>
INFO : Deployment of web application directory E:\project\VcaTomcat\webapps\a has finished in 110 ms
09 02, 2021 16:04:19 ‰∏ãÂçà cn.vcaml.vcatomcat.catalina.Context <init>
INFO : Deploying web application directory E:\project\VcaTomcat\webapps\j2ee
09 02, 2021 16:04:19 ‰∏ãÂçà cn.vcaml.vcatomcat.catalina.Context deploy
INFO : Deploying web application directory E:\project\VcaTomcat\webapps\j2ee
09 02, 2021 16:04:19 ‰∏ãÂçà cn.vcaml.vcatomcat.catalina.Context deploy
INFO : Deployment of web application directory E:\project\VcaTomcat\webapps\j2ee has finished in 3 ms
09 02, 2021 16:04:19 ‰∏ãÂçà cn.vcaml.vcatomcat.catalina.Context <init>
INFO : Deployment of web application directory E:\project\VcaTomcat\webapps\j2ee has finished in 5 ms
09 02, 2021 16:04:19 ‰∏ãÂçà cn.vcaml.vcatomcat.catalina.Context <init>
INFO : Deploying web application directory E:\project\VcaTomcat\webapps\ROOT
09 02, 2021 16:04:19 ‰∏ãÂçà cn.vcaml.vcatomcat.catalina.Context deploy
INFO : Deploying web application directory E:\project\VcaTomcat\webapps\ROOT
09 02, 2021 16:04:19 ‰∏ãÂçà cn.vcaml.vcatomcat.catalina.Context deploy
INFO : Deployment of web application directory E:\project\VcaTomcat\webapps\ROOT has finished in 0 ms
09 02, 2021 16:04:19 ‰∏ãÂçà cn.vcaml.vcatomcat.catalina.Context <init>
INFO : Deployment of web application directory E:\project\VcaTomcat\webapps\ROOT has finished in 2 ms
09 02, 2021 16:04:19 ‰∏ãÂçà cn.vcaml.vcatomcat.catalina.Context <init>
INFO : Deploying web application directory e:/project/Vcatomcat/b
09 02, 2021 16:04:19 ‰∏ãÂçà cn.vcaml.vcatomcat.catalina.Context deploy
INFO : Deploying web application directory e:/project/Vcatomcat/b
09 02, 2021 16:04:19 ‰∏ãÂçà cn.vcaml.vcatomcat.catalina.Context deploy
INFO : Deployment of web application directory e:/project/Vcatomcat/b has finished in 0 ms
09 02, 2021 16:04:19 ‰∏ãÂçà cn.vcaml.vcatomcat.catalina.Context <init>
INFO : Deployment of web application directory e:/project/Vcatomcat/b has finished in 2 ms
09 02, 2021 16:04:19 ‰∏ãÂçà cn.vcaml.vcatomcat.catalina.Context <init>
INFO : Deploying web application directory e:/project/javaweb/web
09 02, 2021 16:04:19 ‰∏ãÂçà cn.vcaml.vcatomcat.catalina.Context deploy
INFO : Deploying web application directory e:/project/javaweb/web
09 02, 2021 16:04:19 ‰∏ãÂçà cn.vcaml.vcatomcat.catalina.Context deploy
INFO : Deployment of web application directory e:/project/javaweb/web has finished in 2 ms
09 02, 2021 16:04:19 ‰∏ãÂçà cn.vcaml.vcatomcat.catalina.Context <init>
INFO : Deployment of web application directory e:/project/javaweb/web has finished in 3 ms
09 02, 2021 16:04:19 ‰∏ãÂçà cn.vcaml.vcatomcat.catalina.Context <init>
INFO : Deploying web application directory e:/project/Vcatomcat/b
09 02, 2021 16:04:19 ‰∏ãÂçà cn.vcaml.vcatomcat.catalina.Context deploy
INFO : Deploying web application directory e:/project/Vcatomcat/b
09 02, 2021 16:04:19 ‰∏ãÂçà cn.vcaml.vcatomcat.catalina.Context deploy
INFO : Deployment of web application directory e:/project/Vcatomcat/b has finished in 0 ms
09 02, 2021 16:04:19 ‰∏ãÂçà cn.vcaml.vcatomcat.catalina.Context <init>
INFO : Deployment of web application directory e:/project/Vcatomcat/b has finished in 2 ms
09 02, 2021 16:04:19 ‰∏ãÂçà cn.vcaml.vcatomcat.catalina.Server logJVM
INFO : Server version:		How2J DiyTomcat/1.0.1
09 02, 2021 16:04:19 ‰∏ãÂçà cn.vcaml.vcatomcat.catalina.Server logJVM
INFO : Server built:		2020-04-08 10:20:22
09 02, 2021 16:04:19 ‰∏ãÂçà cn.vcaml.vcatomcat.catalina.Server logJVM
INFO : Server number:		1.0.1
09 02, 2021 16:04:19 ‰∏ãÂçà cn.vcaml.vcatomcat.catalina.Server logJVM
INFO : OS Name	:		Windows 10
09 02, 2021 16:04:19 ‰∏ãÂçà cn.vcaml.vcatomcat.catalina.Server logJVM
INFO : OS Version:		10.0
09 02, 2021 16:04:19 ‰∏ãÂçà cn.vcaml.vcatomcat.catalina.Server logJVM
INFO : Architecture:		amd64
09 02, 2021 16:04:19 ‰∏ãÂçà cn.vcaml.vcatomcat.catalina.Server logJVM
INFO : Java Home:		C:\Program Files\Java\jdk1.8.0_201\jre
09 02, 2021 16:04:19 ‰∏ãÂçà cn.vcaml.vcatomcat.catalina.Server logJVM
INFO : JVM Version:		1.8.0_201-b09
09 02, 2021 16:04:19 ‰∏ãÂçà cn.vcaml.vcatomcat.catalina.Server logJVM
INFO : JVM Vendor:		Oracle Corporation
09 02, 2021 16:04:19 ‰∏ãÂçà cn.vcaml.vcatomcat.catalina.Connector init
INFO : Initializing ProtocolHandler [http-bio-18080]
09 02, 2021 16:04:19 ‰∏ãÂçà cn.vcaml.vcatomcat.catalina.Connector init
INFO : Initializing ProtocolHandler [http-bio-18081]
09 02, 2021 16:04:19 ‰∏ãÂçà cn.vcaml.vcatomcat.catalina.Connector init
INFO : Initializing ProtocolHandler [http-bio-18082]
09 02, 2021 16:04:19 ‰∏ãÂçà cn.vcaml.vcatomcat.catalina.Service init
INFO : Initialization processed in 0 ms
09 02, 2021 16:04:19 ‰∏ãÂçà cn.vcaml.vcatomcat.catalina.Connector start
INFO : Starting ProtocolHandler [http-bio-18080]
09 02, 2021 16:04:19 ‰∏ãÂçà cn.vcaml.vcatomcat.catalina.Connector start
INFO : Starting ProtocolHandler [http-bio-18081]
09 02, 2021 16:04:19 ‰∏ãÂçà cn.vcaml.vcatomcat.catalina.Connector start
INFO : Starting ProtocolHandler [http-bio-18082]
09 02, 2021 16:04:19 ‰∏ãÂçà cn.vcaml.vcatomcat.catalina.Server start
INFO : Server startup in 3 ms
09 02, 2021 16:07:38 ‰∏ãÂçà cn.vcaml.vcatomcat.catalina.Context <init>
INFO : Deploying web application directory E:\project\VcaTomcat\webapps\a
09 02, 2021 16:07:38 ‰∏ãÂçà cn.vcaml.vcatomcat.catalina.Context deploy
INFO : Deploying web application directory E:\project\VcaTomcat\webapps\a
09 02, 2021 16:07:38 ‰∏ãÂçà cn.vcaml.vcatomcat.catalina.Context deploy
INFO : Deployment of web application directory E:\project\VcaTomcat\webapps\a has finished in 2 ms
09 02, 2021 16:07:38 ‰∏ãÂçà cn.vcaml.vcatomcat.catalina.Context <init>
INFO : Deployment of web application directory E:\project\VcaTomcat\webapps\a has finished in 116 ms
09 02, 2021 16:07:38 ‰∏ãÂçà cn.vcaml.vcatomcat.catalina.Context <init>
INFO : Deploying web application directory E:\project\VcaTomcat\webapps\j2ee
09 02, 2021 16:07:38 ‰∏ãÂçà cn.vcaml.vcatomcat.catalina.Context deploy
INFO : Deploying web application directory E:\project\VcaTomcat\webapps\j2ee
09 02, 2021 16:07:38 ‰∏ãÂçà cn.vcaml.vcatomcat.catalina.Context deploy
INFO : Deployment of web application directory E:\project\VcaTomcat\webapps\j2ee has finished in 3 ms
09 02, 2021 16:07:38 ‰∏ãÂçà cn.vcaml.vcatomcat.catalina.Context <init>
INFO : Deployment of web application directory E:\project\VcaTomcat\webapps\j2ee has finished in 5 ms
09 02, 2021 16:07:38 ‰∏ãÂçà cn.vcaml.vcatomcat.catalina.Context <init>
INFO : Deploying web application directory E:\project\VcaTomcat\webapps\ROOT
09 02, 2021 16:07:38 ‰∏ãÂçà cn.vcaml.vcatomcat.catalina.Context deploy
INFO : Deploying web application directory E:\project\VcaTomcat\webapps\ROOT
09 02, 2021 16:07:38 ‰∏ãÂçà cn.vcaml.vcatomcat.catalina.Context deploy
INFO : Deployment of web application directory E:\project\VcaTomcat\webapps\ROOT has finished in 1 ms
09 02, 2021 16:07:38 ‰∏ãÂçà cn.vcaml.vcatomcat.catalina.Context <init>
INFO : Deployment of web application directory E:\project\VcaTomcat\webapps\ROOT has finished in 2 ms
09 02, 2021 16:07:38 ‰∏ãÂçà cn.vcaml.vcatomcat.catalina.Context <init>
INFO : Deploying web application directory e:/project/Vcatomcat/b
09 02, 2021 16:07:38 ‰∏ãÂçà cn.vcaml.vcatomcat.catalina.Context deploy
INFO : Deploying web application directory e:/project/Vcatomcat/b
09 02, 2021 16:07:38 ‰∏ãÂçà cn.vcaml.vcatomcat.catalina.Context deploy
INFO : Deployment of web application directory e:/project/Vcatomcat/b has finished in 0 ms
09 02, 2021 16:07:38 ‰∏ãÂçà cn.vcaml.vcatomcat.catalina.Context <init>
INFO : Deployment of web application directory e:/project/Vcatomcat/b has finished in 2 ms
09 02, 2021 16:07:38 ‰∏ãÂçà cn.vcaml.vcatomcat.catalina.Context <init>
INFO : Deploying web application directory e:/project/javaweb/web
09 02, 2021 16:07:38 ‰∏ãÂçà cn.vcaml.vcatomcat.catalina.Context deploy
INFO : Deploying web application directory e:/project/javaweb/web
09 02, 2021 16:07:38 ‰∏ãÂçà cn.vcaml.vcatomcat.catalina.Context deploy
INFO : Deployment of web application directory e:/project/javaweb/web has finished in 1 ms
09 02, 2021 16:07:38 ‰∏ãÂçà cn.vcaml.vcatomcat.catalina.Context <init>
INFO : Deployment of web application directory e:/project/javaweb/web has finished in 3 ms
09 02, 2021 16:07:38 ‰∏ãÂçà cn.vcaml.vcatomcat.catalina.Context <init>
INFO : Deploying web application directory e:/project/Vcatomcat/b
09 02, 2021 16:07:38 ‰∏ãÂçà cn.vcaml.vcatomcat.catalina.Context deploy
INFO : Deploying web application directory e:/project/Vcatomcat/b
09 02, 2021 16:07:38 ‰∏ãÂçà cn.vcaml.vcatomcat.catalina.Context deploy
INFO : Deployment of web application directory e:/project/Vcatomcat/b has finished in 0 ms
09 02, 2021 16:07:38 ‰∏ãÂçà cn.vcaml.vcatomcat.catalina.Context <init>
INFO : Deployment of web application directory e:/project/Vcatomcat/b has finished in 2 ms
09 02, 2021 16:07:38 ‰∏ãÂçà cn.vcaml.vcatomcat.catalina.Server logJVM
INFO : Server version:		How2J DiyTomcat/1.0.1
09 02, 2021 16:07:38 ‰∏ãÂçà cn.vcaml.vcatomcat.catalina.Server logJVM
INFO : Server built:		2020-04-08 10:20:22
09 02, 2021 16:07:38 ‰∏ãÂçà cn.vcaml.vcatomcat.catalina.Server logJVM
INFO : Server number:		1.0.1
09 02, 2021 16:07:38 ‰∏ãÂçà cn.vcaml.vcatomcat.catalina.Server logJVM
INFO : OS Name	:		Windows 10
09 02, 2021 16:07:38 ‰∏ãÂçà cn.vcaml.vcatomcat.catalina.Server logJVM
INFO : OS Version:		10.0
09 02, 2021 16:07:38 ‰∏ãÂçà cn.vcaml.vcatomcat.catalina.Server logJVM
INFO : Architecture:		amd64
09 02, 2021 16:07:38 ‰∏ãÂçà cn.vcaml.vcatomcat.catalina.Server logJVM
INFO : Java Home:		C:\Program Files\Java\jdk1.8.0_201\jre
09 02, 2021 16:07:38 ‰∏ãÂçà cn.vcaml.vcatomcat.catalina.Server logJVM
INFO : JVM Version:		1.8.0_201-b09
09 02, 2021 16:07:38 ‰∏ãÂçà cn.vcaml.vcatomcat.catalina.Server logJVM
INFO : JVM Vendor:		Oracle Corporation
09 02, 2021 16:07:38 ‰∏ãÂçà cn.vcaml.vcatomcat.catalina.Connector init
INFO : Initializing ProtocolHandler [http-bio-18080]
09 02, 2021 16:07:38 ‰∏ãÂçà cn.vcaml.vcatomcat.catalina.Connector init
INFO : Initializing ProtocolHandler [http-bio-18081]
09 02, 2021 16:07:38 ‰∏ãÂçà cn.vcaml.vcatomcat.catalina.Connector init
INFO : Initializing ProtocolHandler [http-bio-18082]
09 02, 2021 16:07:38 ‰∏ãÂçà cn.vcaml.vcatomcat.catalina.Service init
INFO : Initialization processed in 0 ms
09 02, 2021 16:07:38 ‰∏ãÂçà cn.vcaml.vcatomcat.catalina.Connector start
INFO : Starting ProtocolHandler [http-bio-18080]
09 02, 2021 16:07:38 ‰∏ãÂçà cn.vcaml.vcatomcat.catalina.Connector start
INFO : Starting ProtocolHandler [http-bio-18081]
09 02, 2021 16:07:38 ‰∏ãÂçà cn.vcaml.vcatomcat.catalina.Connector start
INFO : Starting ProtocolHandler [http-bio-18082]
09 02, 2021 16:07:38 ‰∏ãÂçà cn.vcaml.vcatomcat.catalina.Server start
INFO : Server startup in 3 ms
09 02, 2021 16:07:46 ‰∏ãÂçà cn.vcaml.vcatomcat.catalina.Context <init>
INFO : Deploying web application directory E:\project\VcaTomcat\webapps\a
09 02, 2021 16:07:46 ‰∏ãÂçà cn.vcaml.vcatomcat.catalina.Context deploy
INFO : Deploying web application directory E:\project\VcaTomcat\webapps\a
09 02, 2021 16:07:46 ‰∏ãÂçà cn.vcaml.vcatomcat.catalina.Context deploy
INFO : Deployment of web application directory E:\project\VcaTomcat\webapps\a has finished in 1 ms
09 02, 2021 16:07:46 ‰∏ãÂçà cn.vcaml.vcatomcat.catalina.Context <init>
INFO : Deployment of web application directory E:\project\VcaTomcat\webapps\a has finished in 111 ms
09 02, 2021 16:07:46 ‰∏ãÂçà cn.vcaml.vcatomcat.catalina.Context <init>
INFO : Deploying web application directory E:\project\VcaTomcat\webapps\j2ee
09 02, 2021 16:07:46 ‰∏ãÂçà cn.vcaml.vcatomcat.catalina.Context deploy
INFO : Deploying web application directory E:\project\VcaTomcat\webapps\j2ee
09 02, 2021 16:07:46 ‰∏ãÂçà cn.vcaml.vcatomcat.catalina.Context deploy
INFO : Deployment of web application directory E:\project\VcaTomcat\webapps\j2ee has finished in 3 ms
09 02, 2021 16:07:46 ‰∏ãÂçà cn.vcaml.vcatomcat.catalina.Context <init>
INFO : Deployment of web application directory E:\project\VcaTomcat\webapps\j2ee has finished in 5 ms
09 02, 2021 16:07:46 ‰∏ãÂçà cn.vcaml.vcatomcat.catalina.Context <init>
INFO : Deploying web application directory E:\project\VcaTomcat\webapps\ROOT
09 02, 2021 16:07:46 ‰∏ãÂçà cn.vcaml.vcatomcat.catalina.Context deploy
INFO : Deploying web application directory E:\project\VcaTomcat\webapps\ROOT
09 02, 2021 16:07:46 ‰∏ãÂçà cn.vcaml.vcatomcat.catalina.Context deploy
INFO : Deployment of web application directory E:\project\VcaTomcat\webapps\ROOT has finished in 0 ms
09 02, 2021 16:07:46 ‰∏ãÂçà cn.vcaml.vcatomcat.catalina.Context <init>
INFO : Deployment of web application directory E:\project\VcaTomcat\webapps\ROOT has finished in 2 ms
09 02, 2021 16:07:46 ‰∏ãÂçà cn.vcaml.vcatomcat.catalina.Context <init>
INFO : Deploying web application directory e:/project/Vcatomcat/b
09 02, 2021 16:07:46 ‰∏ãÂçà cn.vcaml.vcatomcat.catalina.Context deploy
INFO : Deploying web application directory e:/project/Vcatomcat/b
09 02, 2021 16:07:46 ‰∏ãÂçà cn.vcaml.vcatomcat.catalina.Context deploy
INFO : Deployment of web application directory e:/project/Vcatomcat/b has finished in 0 ms
09 02, 2021 16:07:46 ‰∏ãÂçà cn.vcaml.vcatomcat.catalina.Context <init>
INFO : Deployment of web application directory e:/project/Vcatomcat/b has finished in 1 ms
09 02, 2021 16:07:46 ‰∏ãÂçà cn.vcaml.vcatomcat.catalina.Context <init>
INFO : Deploying web application directory e:/project/javaweb/web
09 02, 2021 16:07:46 ‰∏ãÂçà cn.vcaml.vcatomcat.catalina.Context deploy
INFO : Deploying web application directory e:/project/javaweb/web
09 02, 2021 16:07:46 ‰∏ãÂçà cn.vcaml.vcatomcat.catalina.Context deploy
INFO : Deployment of web application directory e:/project/javaweb/web has finished in 2 ms
09 02, 2021 16:07:46 ‰∏ãÂçà cn.vcaml.vcatomcat.catalina.Context <init>
INFO : Deployment of web application directory e:/project/javaweb/web has finished in 3 ms
09 02, 2021 16:07:46 ‰∏ãÂçà cn.vcaml.vcatomcat.catalina.Context <init>
INFO : Deploying web application directory e:/project/Vcatomcat/b
09 02, 2021 16:07:46 ‰∏ãÂçà cn.vcaml.vcatomcat.catalina.Context deploy
INFO : Deploying web application directory e:/project/Vcatomcat/b
09 02, 2021 16:07:46 ‰∏ãÂçà cn.vcaml.vcatomcat.catalina.Context deploy
INFO : Deployment of web application directory e:/project/Vcatomcat/b has finished in 0 ms
09 02, 2021 16:07:46 ‰∏ãÂçà cn.vcaml.vcatomcat.catalina.Context <init>
INFO : Deployment of web application directory e:/project/Vcatomcat/b has finished in 1 ms
09 02, 2021 16:07:46 ‰∏ãÂçà cn.vcaml.vcatomcat.catalina.Server logJVM
INFO : Server version:		How2J DiyTomcat/1.0.1
09 02, 2021 16:07:46 ‰∏ãÂçà cn.vcaml.vcatomcat.catalina.Server logJVM
INFO : Server built:		2020-04-08 10:20:22
09 02, 2021 16:07:46 ‰∏ãÂçà cn.vcaml.vcatomcat.catalina.Server logJVM
INFO : Server number:		1.0.1
09 02, 2021 16:07:46 ‰∏ãÂçà cn.vcaml.vcatomcat.catalina.Server logJVM
INFO : OS Name	:		Windows 10
09 02, 2021 16:07:46 ‰∏ãÂçà cn.vcaml.vcatomcat.catalina.Server logJVM
INFO : OS Version:		10.0
09 02, 2021 16:07:46 ‰∏ãÂçà cn.vcaml.vcatomcat.catalina.Server logJVM
INFO : Architecture:		amd64
09 02, 2021 16:07:46 ‰∏ãÂçà cn.vcaml.vcatomcat.catalina.Server logJVM
INFO : Java Home:		C:\Program Files\Java\jdk1.8.0_201\jre
09 02, 2021 16:07:46 ‰∏ãÂçà cn.vcaml.vcatomcat.catalina.Server logJVM
INFO : JVM Version:		1.8.0_201-b09
09 02, 2021 16:07:46 ‰∏ãÂçà cn.vcaml.vcatomcat.catalina.Server logJVM
INFO : JVM Vendor:		Oracle Corporation
09 02, 2021 16:07:46 ‰∏ãÂçà cn.vcaml.vcatomcat.catalina.Connector init
INFO : Initializing ProtocolHandler [http-bio-18080]
09 02, 2021 16:07:46 ‰∏ãÂçà cn.vcaml.vcatomcat.catalina.Connector init
INFO : Initializing ProtocolHandler [http-bio-18081]
09 02, 2021 16:07:46 ‰∏ãÂçà cn.vcaml.vcatomcat.catalina.Connector init
INFO : Initializing ProtocolHandler [http-bio-18082]
09 02, 2021 16:07:46 ‰∏ãÂçà cn.vcaml.vcatomcat.catalina.Service init
INFO : Initialization processed in 1 ms
09 02, 2021 16:07:46 ‰∏ãÂçà cn.vcaml.vcatomcat.catalina.Connector start
INFO : Starting ProtocolHandler [http-bio-18080]
09 02, 2021 16:07:46 ‰∏ãÂçà cn.vcaml.vcatomcat.catalina.Connector start
INFO : Starting ProtocolHandler [http-bio-18081]
09 02, 2021 16:07:46 ‰∏ãÂçà cn.vcaml.vcatomcat.catalina.Connector start
INFO : Starting ProtocolHandler [http-bio-18082]
09 02, 2021 16:07:46 ‰∏ãÂçà cn.vcaml.vcatomcat.catalina.Server start
INFO : Server startup in 4 ms
09 02, 2021 16:08:42 ‰∏ãÂçà cn.vcaml.vcatomcat.watcher.ContextFileChangeWatcher$1 dealWith
INFO : cn.vcaml.vcatomcat.watcher.ContextFileChangeWatcher@13755448 Ê£ÄÊµãÂà∞‰∫ÜWebÂ∫îÁî®‰∏ãÁöÑÈáçË¶ÅÊñá‰ª∂ÂèòÂåñ HelloServlet.class 
09 02, 2021 16:08:42 ‰∏ãÂçà cn.vcaml.vcatomcat.catalina.Host reload
INFO : Reloading Context with name [/javaweb] has started
09 02, 2021 16:08:42 ‰∏ãÂçà cn.vcaml.vcatomcat.catalina.Context <init>
INFO : Deploying web application directory e:/project/javaweb/web
09 02, 2021 16:08:42 ‰∏ãÂçà cn.vcaml.vcatomcat.catalina.Context deploy
INFO : Deploying web application directory e:/project/javaweb/web
09 02, 2021 16:08:42 ‰∏ãÂçà cn.vcaml.vcatomcat.catalina.Context deploy
INFO : Deployment of web application directory e:/project/javaweb/web has finished in 2 ms
09 02, 2021 16:08:42 ‰∏ãÂçà cn.vcaml.vcatomcat.catalina.Context <init>
INFO : Deployment of web application directory e:/project/javaweb/web has finished in 5 ms
09 02, 2021 16:08:42 ‰∏ãÂçà cn.vcaml.vcatomcat.catalina.Host reload
INFO : Reloading Context with name [/javaweb] has completed
09 02, 2021 21:27:40 ‰∏ãÂçà cn.vcaml.vcatomcat.catalina.Context <init>
INFO : Deploying web application directory E:\project\VcaTomcat\webapps\a
09 02, 2021 21:27:40 ‰∏ãÂçà cn.vcaml.vcatomcat.catalina.Context deploy
INFO : Deploying web application directory E:\project\VcaTomcat\webapps\a
09 02, 2021 21:27:40 ‰∏ãÂçà cn.vcaml.vcatomcat.catalina.Context deploy
INFO : Deployment of web application directory E:\project\VcaTomcat\webapps\a has finished in 2 ms
09 02, 2021 21:27:40 ‰∏ãÂçà cn.vcaml.vcatomcat.catalina.Context <init>
INFO : Deployment of web application directory E:\project\VcaTomcat\webapps\a has finished in 106 ms
09 02, 2021 21:27:40 ‰∏ãÂçà cn.vcaml.vcatomcat.catalina.Context <init>
INFO : Deploying web application directory E:\project\VcaTomcat\webapps\j2ee
09 02, 2021 21:27:40 ‰∏ãÂçà cn.vcaml.vcatomcat.catalina.Context deploy
INFO : Deploying web application directory E:\project\VcaTomcat\webapps\j2ee
09 02, 2021 21:27:40 ‰∏ãÂçà cn.vcaml.vcatomcat.catalina.Context deploy
INFO : Deployment of web application directory E:\project\VcaTomcat\webapps\j2ee has finished in 3 ms
09 02, 2021 21:27:40 ‰∏ãÂçà cn.vcaml.vcatomcat.catalina.Context <init>
INFO : Deployment of web application directory E:\project\VcaTomcat\webapps\j2ee has finished in 5 ms
09 02, 2021 21:27:40 ‰∏ãÂçà cn.vcaml.vcatomcat.catalina.Context <init>
INFO : Deploying web application directory E:\project\VcaTomcat\webapps\ROOT
09 02, 2021 21:27:40 ‰∏ãÂçà cn.vcaml.vcatomcat.catalina.Context deploy
INFO : Deploying web application directory E:\project\VcaTomcat\webapps\ROOT
09 02, 2021 21:27:40 ‰∏ãÂçà cn.vcaml.vcatomcat.catalina.Context deploy
INFO : Deployment of web application directory E:\project\VcaTomcat\webapps\ROOT has finished in 0 ms
09 02, 2021 21:27:40 ‰∏ãÂçà cn.vcaml.vcatomcat.catalina.Context <init>
INFO : Deployment of web application directory E:\project\VcaTomcat\webapps\ROOT has finished in 2 ms
09 02, 2021 21:27:40 ‰∏ãÂçà cn.vcaml.vcatomcat.catalina.Context <init>
INFO : Deploying web application directory e:/project/Vcatomcat/b
09 02, 2021 21:27:40 ‰∏ãÂçà cn.vcaml.vcatomcat.catalina.Context deploy
INFO : Deploying web application directory e:/project/Vcatomcat/b
09 02, 2021 21:27:40 ‰∏ãÂçà cn.vcaml.vcatomcat.catalina.Context deploy
INFO : Deployment of web application directory e:/project/Vcatomcat/b has finished in 1 ms
09 02, 2021 21:27:40 ‰∏ãÂçà cn.vcaml.vcatomcat.catalina.Context <init>
INFO : Deployment of web application directory e:/project/Vcatomcat/b has finished in 2 ms
09 02, 2021 21:27:40 ‰∏ãÂçà cn.vcaml.vcatomcat.catalina.Context <init>
INFO : Deploying web application directory e:/project/javaweb/web
09 02, 2021 21:27:40 ‰∏ãÂçà cn.vcaml.vcatomcat.catalina.Context deploy
INFO : Deploying web application directory e:/project/javaweb/web
09 02, 2021 21:27:40 ‰∏ãÂçà cn.vcaml.vcatomcat.catalina.Context deploy
INFO : Deployment of web application directory e:/project/javaweb/web has finished in 2 ms
09 02, 2021 21:27:40 ‰∏ãÂçà cn.vcaml.vcatomcat.catalina.Context <init>
INFO : Deployment of web application directory e:/project/javaweb/web has finished in 4 ms
09 02, 2021 21:27:40 ‰∏ãÂçà cn.vcaml.vcatomcat.catalina.Context <init>
INFO : Deploying web application directory e:/project/Vcatomcat/b
09 02, 2021 21:27:40 ‰∏ãÂçà cn.vcaml.vcatomcat.catalina.Context deploy
INFO : Deploying web application directory e:/project/Vcatomcat/b
09 02, 2021 21:27:40 ‰∏ãÂçà cn.vcaml.vcatomcat.catalina.Context deploy
INFO : Deployment of web application directory e:/project/Vcatomcat/b has finished in 0 ms
09 02, 2021 21:27:40 ‰∏ãÂçà cn.vcaml.vcatomcat.catalina.Context <init>
INFO : Deployment of web application directory e:/project/Vcatomcat/b has finished in 1 ms
09 02, 2021 21:27:40 ‰∏ãÂçà cn.vcaml.vcatomcat.catalina.Server logJVM
INFO : Server version:		How2J DiyTomcat/1.0.1
09 02, 2021 21:27:40 ‰∏ãÂçà cn.vcaml.vcatomcat.catalina.Server logJVM
INFO : Server built:		2020-04-08 10:20:22
09 02, 2021 21:27:40 ‰∏ãÂçà cn.vcaml.vcatomcat.catalina.Server logJVM
INFO : Server number:		1.0.1
09 02, 2021 21:27:40 ‰∏ãÂçà cn.vcaml.vcatomcat.catalina.Server logJVM
INFO : OS Name	:		Windows 10
09 02, 2021 21:27:40 ‰∏ãÂçà cn.vcaml.vcatomcat.catalina.Server logJVM
INFO : OS Version:		10.0
09 02, 2021 21:27:40 ‰∏ãÂçà cn.vcaml.vcatomcat.catalina.Server logJVM
INFO : Architecture:		amd64
09 02, 2021 21:27:40 ‰∏ãÂçà cn.vcaml.vcatomcat.catalina.Server logJVM
INFO : Java Home:		C:\Program Files\Java\jdk1.8.0_201\jre
09 02, 2021 21:27:40 ‰∏ãÂçà cn.vcaml.vcatomcat.catalina.Server logJVM
INFO : JVM Version:		1.8.0_201-b09
09 02, 2021 21:27:40 ‰∏ãÂçà cn.vcaml.vcatomcat.catalina.Server logJVM
INFO : JVM Vendor:		Oracle Corporation
09 02, 2021 21:27:40 ‰∏ãÂçà cn.vcaml.vcatomcat.catalina.Connector init
INFO : Initializing ProtocolHandler [http-bio-18080]
09 02, 2021 21:27:40 ‰∏ãÂçà cn.vcaml.vcatomcat.catalina.Connector init
INFO : Initializing ProtocolHandler [http-bio-18081]
09 02, 2021 21:27:40 ‰∏ãÂçà cn.vcaml.vcatomcat.catalina.Connector init
INFO : Initializing ProtocolHandler [http-bio-18082]
09 02, 2021 21:27:40 ‰∏ãÂçà cn.vcaml.vcatomcat.catalina.Service init
INFO : Initialization processed in 1 ms
09 02, 2021 21:27:40 ‰∏ãÂçà cn.vcaml.vcatomcat.catalina.Connector start
INFO : Starting ProtocolHandler [http-bio-18080]
09 02, 2021 21:27:40 ‰∏ãÂçà cn.vcaml.vcatomcat.catalina.Connector start
INFO : Starting ProtocolHandler [http-bio-18081]
09 02, 2021 21:27:40 ‰∏ãÂçà cn.vcaml.vcatomcat.catalina.Connector start
INFO : Starting ProtocolHandler [http-bio-18082]
09 02, 2021 21:27:40 ‰∏ãÂçà cn.vcaml.vcatomcat.catalina.Server start
INFO : Server startup in 3 ms
09 02, 2021 21:30:53 ‰∏ãÂçà cn.vcaml.vcatomcat.watcher.ContextFileChangeWatcher$1 dealWith
INFO : cn.vcaml.vcatomcat.watcher.ContextFileChangeWatcher@3a1509b7 Ê£ÄÊµãÂà∞‰∫ÜWebÂ∫îÁî®‰∏ãÁöÑÈáçË¶ÅÊñá‰ª∂ÂèòÂåñ HelloServlet.class 
09 02, 2021 21:30:53 ‰∏ãÂçà cn.vcaml.vcatomcat.catalina.Host reload
INFO : Reloading Context with name [/javaweb] has started
09 02, 2021 21:30:53 ‰∏ãÂçà cn.vcaml.vcatomcat.catalina.Context <init>
INFO : Deploying web application directory e:/project/javaweb/web
09 02, 2021 21:30:53 ‰∏ãÂçà cn.vcaml.vcatomcat.catalina.Context deploy
INFO : Deploying web application directory e:/project/javaweb/web
09 02, 2021 21:30:53 ‰∏ãÂçà cn.vcaml.vcatomcat.catalina.Context deploy
INFO : Deployment of web application directory e:/project/javaweb/web has finished in 5 ms
09 02, 2021 21:30:53 ‰∏ãÂçà cn.vcaml.vcatomcat.catalina.Context <init>
INFO : Deployment of web application directory e:/project/javaweb/web has finished in 7 ms
09 02, 2021 21:30:53 ‰∏ãÂçà cn.vcaml.vcatomcat.catalina.Host reload
INFO : Reloading Context with name [/javaweb] has completed
09 02, 2021 21:48:52 ‰∏ãÂçà cn.vcaml.vcatomcat.catalina.Context <init>
INFO : Deploying web application directory E:\project\VcaTomcat\webapps\a
09 02, 2021 21:48:52 ‰∏ãÂçà cn.vcaml.vcatomcat.catalina.Context deploy
INFO : Deploying web application directory E:\project\VcaTomcat\webapps\a
09 02, 2021 21:48:52 ‰∏ãÂçà cn.vcaml.vcatomcat.catalina.Context deploy
INFO : Deployment of web application directory E:\project\VcaTomcat\webapps\a has finished in 2 ms
09 02, 2021 21:48:52 ‰∏ãÂçà cn.vcaml.vcatomcat.catalina.Context <init>
INFO : Deployment of web application directory E:\project\VcaTomcat\webapps\a has finished in 111 ms
09 02, 2021 21:48:52 ‰∏ãÂçà cn.vcaml.vcatomcat.catalina.Context <init>
INFO : Deploying web application directory E:\project\VcaTomcat\webapps\j2ee
09 02, 2021 21:48:52 ‰∏ãÂçà cn.vcaml.vcatomcat.catalina.Context deploy
INFO : Deploying web application directory E:\project\VcaTomcat\webapps\j2ee
09 02, 2021 21:48:52 ‰∏ãÂçà cn.vcaml.vcatomcat.catalina.Context deploy
INFO : Deployment of web application directory E:\project\VcaTomcat\webapps\j2ee has finished in 5 ms
09 02, 2021 21:48:52 ‰∏ãÂçà cn.vcaml.vcatomcat.catalina.Context <init>
INFO : Deployment of web application directory E:\project\VcaTomcat\webapps\j2ee has finished in 5 ms
09 02, 2021 21:48:52 ‰∏ãÂçà cn.vcaml.vcatomcat.catalina.Context <init>
INFO : Deploying web application directory E:\project\VcaTomcat\webapps\ROOT
09 02, 2021 21:48:52 ‰∏ãÂçà cn.vcaml.vcatomcat.catalina.Context deploy
INFO : Deploying web application directory E:\project\VcaTomcat\webapps\ROOT
09 02, 2021 21:48:52 ‰∏ãÂçà cn.vcaml.vcatomcat.catalina.Context deploy
INFO : Deployment of web application directory E:\project\VcaTomcat\webapps\ROOT has finished in 0 ms
09 02, 2021 21:48:52 ‰∏ãÂçà cn.vcaml.vcatomcat.catalina.Context <init>
INFO : Deployment of web application directory E:\project\VcaTomcat\webapps\ROOT has finished in 1 ms
09 02, 2021 21:48:52 ‰∏ãÂçà cn.vcaml.vcatomcat.catalina.Context <init>
INFO : Deploying web application directory e:/project/Vcatomcat/b
09 02, 2021 21:48:52 ‰∏ãÂçà cn.vcaml.vcatomcat.catalina.Context deploy
INFO : Deploying web application directory e:/project/Vcatomcat/b
09 02, 2021 21:48:52 ‰∏ãÂçà cn.vcaml.vcatomcat.catalina.Context deploy
INFO : Deployment of web application directory e:/project/Vcatomcat/b has finished in 0 ms
09 02, 2021 21:48:52 ‰∏ãÂçà cn.vcaml.vcatomcat.catalina.Context <init>
INFO : Deployment of web application directory e:/project/Vcatomcat/b has finished in 2 ms
09 02, 2021 21:48:52 ‰∏ãÂçà cn.vcaml.vcatomcat.catalina.Context <init>
INFO : Deploying web application directory e:/project/javaweb/web
09 02, 2021 21:48:52 ‰∏ãÂçà cn.vcaml.vcatomcat.catalina.Context deploy
INFO : Deploying web application directory e:/project/javaweb/web
09 02, 2021 21:48:52 ‰∏ãÂçà cn.vcaml.vcatomcat.catalina.Context deploy
INFO : Deployment of web application directory e:/project/javaweb/web has finished in 10 ms
09 02, 2021 21:48:52 ‰∏ãÂçà cn.vcaml.vcatomcat.catalina.Context <init>
INFO : Deployment of web application directory e:/project/javaweb/web has finished in 12 ms
09 02, 2021 21:48:52 ‰∏ãÂçà cn.vcaml.vcatomcat.catalina.Context <init>
INFO : Deploying web application directory e:/project/Vcatomcat/b
09 02, 2021 21:48:52 ‰∏ãÂçà cn.vcaml.vcatomcat.catalina.Context deploy
INFO : Deploying web application directory e:/project/Vcatomcat/b
09 02, 2021 21:48:52 ‰∏ãÂçà cn.vcaml.vcatomcat.catalina.Context deploy
INFO : Deployment of web application directory e:/project/Vcatomcat/b has finished in 0 ms
09 02, 2021 21:48:52 ‰∏ãÂçà cn.vcaml.vcatomcat.catalina.Context <init>
INFO : Deployment of web application directory e:/project/Vcatomcat/b has finished in 1 ms
09 02, 2021 21:48:52 ‰∏ãÂçà cn.vcaml.vcatomcat.catalina.Server logJVM
INFO : Server version:		How2J DiyTomcat/1.0.1
09 02, 2021 21:48:52 ‰∏ãÂçà cn.vcaml.vcatomcat.catalina.Server logJVM
INFO : Server built:		2020-04-08 10:20:22
09 02, 2021 21:48:52 ‰∏ãÂçà cn.vcaml.vcatomcat.catalina.Server logJVM
INFO : Server number:		1.0.1
09 02, 2021 21:48:52 ‰∏ãÂçà cn.vcaml.vcatomcat.catalina.Server logJVM
INFO : OS Name	:		Windows 10
09 02, 2021 21:48:52 ‰∏ãÂçà cn.vcaml.vcatomcat.catalina.Server logJVM
INFO : OS Version:		10.0
09 02, 2021 21:48:52 ‰∏ãÂçà cn.vcaml.vcatomcat.catalina.Server logJVM
INFO : Architecture:		amd64
09 02, 2021 21:48:52 ‰∏ãÂçà cn.vcaml.vcatomcat.catalina.Server logJVM
INFO : Java Home:		C:\Program Files\Java\jdk1.8.0_201\jre
09 02, 2021 21:48:52 ‰∏ãÂçà cn.vcaml.vcatomcat.catalina.Server logJVM
INFO : JVM Version:		1.8.0_201-b09
09 02, 2021 21:48:52 ‰∏ãÂçà cn.vcaml.vcatomcat.catalina.Server logJVM
INFO : JVM Vendor:		Oracle Corporation
09 02, 2021 21:48:52 ‰∏ãÂçà cn.vcaml.vcatomcat.catalina.Connector init
INFO : Initializing ProtocolHandler [http-bio-18080]
09 02, 2021 21:48:52 ‰∏ãÂçà cn.vcaml.vcatomcat.catalina.Connector init
INFO : Initializing ProtocolHandler [http-bio-18081]
09 02, 2021 21:48:52 ‰∏ãÂçà cn.vcaml.vcatomcat.catalina.Connector init
INFO : Initializing ProtocolHandler [http-bio-18082]
09 02, 2021 21:48:52 ‰∏ãÂçà cn.vcaml.vcatomcat.catalina.Service init
INFO : Initialization processed in 1 ms
09 02, 2021 21:48:52 ‰∏ãÂçà cn.vcaml.vcatomcat.catalina.Connector start
INFO : Starting ProtocolHandler [http-bio-18080]
09 02, 2021 21:48:52 ‰∏ãÂçà cn.vcaml.vcatomcat.catalina.Connector start
INFO : Starting ProtocolHandler [http-bio-18081]
09 02, 2021 21:48:52 ‰∏ãÂçà cn.vcaml.vcatomcat.catalina.Connector start
INFO : Starting ProtocolHandler [http-bio-18082]
09 02, 2021 21:48:52 ‰∏ãÂçà cn.vcaml.vcatomcat.catalina.Server start
INFO : Server startup in 5 ms
09 02, 2021 21:49:16 ‰∏ãÂçà cn.vcaml.vcatomcat.catalina.Context <init>
INFO : Deploying web application directory E:\project\VcaTomcat\webapps\a
09 02, 2021 21:49:16 ‰∏ãÂçà cn.vcaml.vcatomcat.catalina.Context deploy
INFO : Deploying web application directory E:\project\VcaTomcat\webapps\a
09 02, 2021 21:49:16 ‰∏ãÂçà cn.vcaml.vcatomcat.catalina.Context deploy
INFO : Deployment of web application directory E:\project\VcaTomcat\webapps\a has finished in 2 ms
09 02, 2021 21:49:16 ‰∏ãÂçà cn.vcaml.vcatomcat.catalina.Context <init>
INFO : Deployment of web application directory E:\project\VcaTomcat\webapps\a has finished in 108 ms
09 02, 2021 21:49:16 ‰∏ãÂçà cn.vcaml.vcatomcat.catalina.Context <init>
INFO : Deploying web application directory E:\project\VcaTomcat\webapps\j2ee
09 02, 2021 21:49:16 ‰∏ãÂçà cn.vcaml.vcatomcat.catalina.Context deploy
INFO : Deploying web application directory E:\project\VcaTomcat\webapps\j2ee
09 02, 2021 21:49:16 ‰∏ãÂçà cn.vcaml.vcatomcat.catalina.Context deploy
INFO : Deployment of web application directory E:\project\VcaTomcat\webapps\j2ee has finished in 3 ms
09 02, 2021 21:49:16 ‰∏ãÂçà cn.vcaml.vcatomcat.catalina.Context <init>
INFO : Deployment of web application directory E:\project\VcaTomcat\webapps\j2ee has finished in 5 ms
09 02, 2021 21:49:16 ‰∏ãÂçà cn.vcaml.vcatomcat.catalina.Context <init>
INFO : Deploying web application directory E:\project\VcaTomcat\webapps\ROOT
09 02, 2021 21:49:16 ‰∏ãÂçà cn.vcaml.vcatomcat.catalina.Context deploy
INFO : Deploying web application directory E:\project\VcaTomcat\webapps\ROOT
09 02, 2021 21:49:16 ‰∏ãÂçà cn.vcaml.vcatomcat.catalina.Context deploy
INFO : Deployment of web application directory E:\project\VcaTomcat\webapps\ROOT has finished in 0 ms
09 02, 2021 21:49:16 ‰∏ãÂçà cn.vcaml.vcatomcat.catalina.Context <init>
INFO : Deployment of web application directory E:\project\VcaTomcat\webapps\ROOT has finished in 2 ms
09 02, 2021 21:49:16 ‰∏ãÂçà cn.vcaml.vcatomcat.catalina.Context <init>
INFO : Deploying web application directory e:/project/Vcatomcat/b
09 02, 2021 21:49:16 ‰∏ãÂçà cn.vcaml.vcatomcat.catalina.Context deploy
INFO : Deploying web application directory e:/project/Vcatomcat/b
09 02, 2021 21:49:16 ‰∏ãÂçà cn.vcaml.vcatomcat.catalina.Context deploy
INFO : Deployment of web application directory e:/project/Vcatomcat/b has finished in 1 ms
09 02, 2021 21:49:16 ‰∏ãÂçà cn.vcaml.vcatomcat.catalina.Context <init>
INFO : Deployment of web application directory e:/project/Vcatomcat/b has finished in 2 ms
09 02, 2021 21:49:16 ‰∏ãÂçà cn.vcaml.vcatomcat.catalina.Context <init>
INFO : Deploying web application directory e:/project/javaweb/web
09 02, 2021 21:49:16 ‰∏ãÂçà cn.vcaml.vcatomcat.catalina.Context deploy
INFO : Deploying web application directory e:/project/javaweb/web
09 02, 2021 21:49:16 ‰∏ãÂçà cn.vcaml.vcatomcat.catalina.Context deploy
INFO : Deployment of web application directory e:/project/javaweb/web has finished in 10 ms
09 02, 2021 21:49:16 ‰∏ãÂçà cn.vcaml.vcatomcat.catalina.Context <init>
INFO : Deployment of web application directory e:/project/javaweb/web has finished in 12 ms
09 02, 2021 21:49:16 ‰∏ãÂçà cn.vcaml.vcatomcat.catalina.Context <init>
INFO : Deploying web application directory e:/project/Vcatomcat/b
09 02, 2021 21:49:16 ‰∏ãÂçà cn.vcaml.vcatomcat.catalina.Context deploy
INFO : Deploying web application directory e:/project/Vcatomcat/b
09 02, 2021 21:49:16 ‰∏ãÂçà cn.vcaml.vcatomcat.catalina.Context deploy
INFO : Deployment of web application directory e:/project/Vcatomcat/b has finished in 0 ms
09 02, 2021 21:49:16 ‰∏ãÂçà cn.vcaml.vcatomcat.catalina.Context <init>
INFO : Deployment of web application directory e:/project/Vcatomcat/b has finished in 2 ms
09 02, 2021 21:49:16 ‰∏ãÂçà cn.vcaml.vcatomcat.catalina.Server logJVM
INFO : Server version:		How2J DiyTomcat/1.0.1
09 02, 2021 21:49:16 ‰∏ãÂçà cn.vcaml.vcatomcat.catalina.Server logJVM
INFO : Server built:		2020-04-08 10:20:22
09 02, 2021 21:49:16 ‰∏ãÂçà cn.vcaml.vcatomcat.catalina.Server logJVM
INFO : Server number:		1.0.1
09 02, 2021 21:49:16 ‰∏ãÂçà cn.vcaml.vcatomcat.catalina.Server logJVM
INFO : OS Name	:		Windows 10
09 02, 2021 21:49:16 ‰∏ãÂçà cn.vcaml.vcatomcat.catalina.Server logJVM
INFO : OS Version:		10.0
09 02, 2021 21:49:16 ‰∏ãÂçà cn.vcaml.vcatomcat.catalina.Server logJVM
INFO : Architecture:		amd64
09 02, 2021 21:49:16 ‰∏ãÂçà cn.vcaml.vcatomcat.catalina.Server logJVM
INFO : Java Home:		C:\Program Files\Java\jdk1.8.0_201\jre
09 02, 2021 21:49:16 ‰∏ãÂçà cn.vcaml.vcatomcat.catalina.Server logJVM
INFO : JVM Version:		1.8.0_201-b09
09 02, 2021 21:49:16 ‰∏ãÂçà cn.vcaml.vcatomcat.catalina.Server logJVM
INFO : JVM Vendor:		Oracle Corporation
09 02, 2021 21:49:16 ‰∏ãÂçà cn.vcaml.vcatomcat.catalina.Connector init
INFO : Initializing ProtocolHandler [http-bio-18080]
09 02, 2021 21:49:16 ‰∏ãÂçà cn.vcaml.vcatomcat.catalina.Connector init
INFO : Initializing ProtocolHandler [http-bio-18081]
09 02, 2021 21:49:16 ‰∏ãÂçà cn.vcaml.vcatomcat.catalina.Connector init
INFO : Initializing ProtocolHandler [http-bio-18082]
09 02, 2021 21:49:16 ‰∏ãÂçà cn.vcaml.vcatomcat.catalina.Service init
INFO : Initialization processed in 0 ms
09 02, 2021 21:49:16 ‰∏ãÂçà cn.vcaml.vcatomcat.catalina.Connector start
INFO : Starting ProtocolHandler [http-bio-18080]
09 02, 2021 21:49:16 ‰∏ãÂçà cn.vcaml.vcatomcat.catalina.Connector start
INFO : Starting ProtocolHandler [http-bio-18081]
09 02, 2021 21:49:16 ‰∏ãÂçà cn.vcaml.vcatomcat.catalina.Connector start
INFO : Starting ProtocolHandler [http-bio-18082]
09 02, 2021 21:49:16 ‰∏ãÂçà cn.vcaml.vcatomcat.catalina.Server start
INFO : Server startup in 4 ms
09 02, 2021 22:33:53 ‰∏ãÂçà cn.vcaml.vcatomcat.catalina.Context <init>
INFO : Deploying web application directory E:\project\VcaTomcat\webapps\a
09 02, 2021 22:33:53 ‰∏ãÂçà cn.vcaml.vcatomcat.catalina.Context deploy
INFO : Deploying web application directory E:\project\VcaTomcat\webapps\a
09 02, 2021 22:33:53 ‰∏ãÂçà cn.vcaml.vcatomcat.catalina.Context deploy
INFO : Deployment of web application directory E:\project\VcaTomcat\webapps\a has finished in 1 ms
09 02, 2021 22:33:53 ‰∏ãÂçà cn.vcaml.vcatomcat.catalina.Context <init>
INFO : Deployment of web application directory E:\project\VcaTomcat\webapps\a has finished in 100 ms
09 02, 2021 22:33:53 ‰∏ãÂçà cn.vcaml.vcatomcat.catalina.Context <init>
INFO : Deploying web application directory E:\project\VcaTomcat\webapps\j2ee
09 02, 2021 22:33:53 ‰∏ãÂçà cn.vcaml.vcatomcat.catalina.Context deploy
INFO : Deploying web application directory E:\project\VcaTomcat\webapps\j2ee
09 02, 2021 22:33:53 ‰∏ãÂçà cn.vcaml.vcatomcat.catalina.Context deploy
INFO : Deployment of web application directory E:\project\VcaTomcat\webapps\j2ee has finished in 3 ms
09 02, 2021 22:33:53 ‰∏ãÂçà cn.vcaml.vcatomcat.catalina.Context <init>
INFO : Deployment of web application directory E:\project\VcaTomcat\webapps\j2ee has finished in 5 ms
09 02, 2021 22:33:53 ‰∏ãÂçà cn.vcaml.vcatomcat.catalina.Context <init>
INFO : Deploying web application directory E:\project\VcaTomcat\webapps\ROOT
09 02, 2021 22:33:53 ‰∏ãÂçà cn.vcaml.vcatomcat.catalina.Context deploy
INFO : Deploying web application directory E:\project\VcaTomcat\webapps\ROOT
09 02, 2021 22:33:53 ‰∏ãÂçà cn.vcaml.vcatomcat.catalina.Context deploy
INFO : Deployment of web application directory E:\project\VcaTomcat\webapps\ROOT has finished in 0 ms
09 02, 2021 22:33:53 ‰∏ãÂçà cn.vcaml.vcatomcat.catalina.Context <init>
INFO : Deployment of web application directory E:\project\VcaTomcat\webapps\ROOT has finished in 1 ms
09 02, 2021 22:33:53 ‰∏ãÂçà cn.vcaml.vcatomcat.catalina.Context <init>
INFO : Deploying web application directory e:/project/Vcatomcat/b
09 02, 2021 22:33:53 ‰∏ãÂçà cn.vcaml.vcatomcat.catalina.Context deploy
INFO : Deploying web application directory e:/project/Vcatomcat/b
09 02, 2021 22:33:53 ‰∏ãÂçà cn.vcaml.vcatomcat.catalina.Context deploy
INFO : Deployment of web application directory e:/project/Vcatomcat/b has finished in 0 ms
09 02, 2021 22:33:53 ‰∏ãÂçà cn.vcaml.vcatomcat.catalina.Context <init>
INFO : Deployment of web application directory e:/project/Vcatomcat/b has finished in 1 ms
09 02, 2021 22:33:53 ‰∏ãÂçà cn.vcaml.vcatomcat.catalina.Context <init>
INFO : Deploying web application directory e:/project/javaweb/web
09 02, 2021 22:33:53 ‰∏ãÂçà cn.vcaml.vcatomcat.catalina.Context deploy
INFO : Deploying web application directory e:/project/javaweb/web
09 02, 2021 22:33:53 ‰∏ãÂçà cn.vcaml.vcatomcat.catalina.Context deploy
INFO : Deployment of web application directory e:/project/javaweb/web has finished in 11 ms
09 02, 2021 22:33:53 ‰∏ãÂçà cn.vcaml.vcatomcat.catalina.Context <init>
INFO : Deployment of web application directory e:/project/javaweb/web has finished in 13 ms
09 02, 2021 22:33:53 ‰∏ãÂçà cn.vcaml.vcatomcat.catalina.Context <init>
INFO : Deploying web application directory e:/project/Vcatomcat/b
09 02, 2021 22:33:53 ‰∏ãÂçà cn.vcaml.vcatomcat.catalina.Context deploy
INFO : Deploying web application directory e:/project/Vcatomcat/b
09 02, 2021 22:33:53 ‰∏ãÂçà cn.vcaml.vcatomcat.catalina.Context deploy
INFO : Deployment of web application directory e:/project/Vcatomcat/b has finished in 0 ms
09 02, 2021 22:33:53 ‰∏ãÂçà cn.vcaml.vcatomcat.catalina.Context <init>
INFO : Deployment of web application directory e:/project/Vcatomcat/b has finished in 1 ms
09 02, 2021 22:33:53 ‰∏ãÂçà cn.vcaml.vcatomcat.catalina.Server logJVM
INFO : Server version:		How2J DiyTomcat/1.0.1
09 02, 2021 22:33:53 ‰∏ãÂçà cn.vcaml.vcatomcat.catalina.Server logJVM
INFO : Server built:		2020-04-08 10:20:22
09 02, 2021 22:33:53 ‰∏ãÂçà cn.vcaml.vcatomcat.catalina.Server logJVM
INFO : Server number:		1.0.1
09 02, 2021 22:33:53 ‰∏ãÂçà cn.vcaml.vcatomcat.catalina.Server logJVM
INFO : OS Name	:		Windows 10
09 02, 2021 22:33:53 ‰∏ãÂçà cn.vcaml.vcatomcat.catalina.Server logJVM
INFO : OS Version:		10.0
09 02, 2021 22:33:53 ‰∏ãÂçà cn.vcaml.vcatomcat.catalina.Server logJVM
INFO : Architecture:		amd64
09 02, 2021 22:33:53 ‰∏ãÂçà cn.vcaml.vcatomcat.catalina.Server logJVM
INFO : Java Home:		C:\Program Files\Java\jdk1.8.0_201\jre
09 02, 2021 22:33:53 ‰∏ãÂçà cn.vcaml.vcatomcat.catalina.Server logJVM
INFO : JVM Version:		1.8.0_201-b09
09 02, 2021 22:33:53 ‰∏ãÂçà cn.vcaml.vcatomcat.catalina.Server logJVM
INFO : JVM Vendor:		Oracle Corporation
09 02, 2021 22:33:53 ‰∏ãÂçà cn.vcaml.vcatomcat.catalina.Connector init
INFO : Initializing ProtocolHandler [http-bio-18080]
09 02, 2021 22:33:53 ‰∏ãÂçà cn.vcaml.vcatomcat.catalina.Connector init
INFO : Initializing ProtocolHandler [http-bio-18081]
09 02, 2021 22:33:53 ‰∏ãÂçà cn.vcaml.vcatomcat.catalina.Connector init
INFO : Initializing ProtocolHandler [http-bio-18082]
09 02, 2021 22:33:53 ‰∏ãÂçà cn.vcaml.vcatomcat.catalina.Service init
INFO : Initialization processed in 1 ms
09 02, 2021 22:33:53 ‰∏ãÂçà cn.vcaml.vcatomcat.catalina.Connector start
INFO : Starting ProtocolHandler [http-bio-18080]
09 02, 2021 22:33:53 ‰∏ãÂçà cn.vcaml.vcatomcat.catalina.Connector start
INFO : Starting ProtocolHandler [http-bio-18081]
09 02, 2021 22:33:53 ‰∏ãÂçà cn.vcaml.vcatomcat.catalina.Connector start
INFO : Starting ProtocolHandler [http-bio-18082]
09 02, 2021 22:33:53 ‰∏ãÂçà cn.vcaml.vcatomcat.catalina.Server start
INFO : Server startup in 4 ms
09 02, 2021 22:33:57 ‰∏ãÂçà cn.vcaml.vcatomcat.catalina.HttpProcessor error
ERROR: java.lang.ClassNotFoundException: cn.how2j.javaweb.ParamServlet
java.lang.RuntimeException: java.lang.ClassNotFoundException: cn.how2j.javaweb.ParamServlet
	at cn.vcaml.vcatomcat.servlets.InvokerServlet.service(InvokerServlet.java:49)
	at cn.vcaml.vcatomcat.catalina.HttpProcessor.execute(HttpProcessor.java:32)
	at cn.vcaml.vcatomcat.catalina.Connector$1.run(Connector.java:45)
	at java.util.concurrent.ThreadPoolExecutor.runWorker(ThreadPoolExecutor.java:1149)
	at java.util.concurrent.ThreadPoolExecutor$Worker.run(ThreadPoolExecutor.java:624)
	at java.lang.Thread.run(Thread.java:748)
Caused by: java.lang.ClassNotFoundException: cn.how2j.javaweb.ParamServlet
	at java.net.URLClassLoader.findClass(URLClassLoader.java:382)
	at java.lang.ClassLoader.loadClass(ClassLoader.java:424)
	at java.lang.ClassLoader.loadClass(ClassLoader.java:357)
	at cn.vcaml.vcatomcat.servlets.InvokerServlet.service(InvokerServlet.java:39)
	... 5 more
09 02, 2021 22:34:48 ‰∏ãÂçà cn.vcaml.vcatomcat.watcher.ContextFileChangeWatcher$1 dealWith
INFO : cn.vcaml.vcatomcat.watcher.ContextFileChangeWatcher@3573995f Ê£ÄÊµãÂà∞‰∫ÜWebÂ∫îÁî®‰∏ãÁöÑÈáçË¶ÅÊñá‰ª∂ÂèòÂåñ ParamServlet.class 
09 02, 2021 22:34:48 ‰∏ãÂçà cn.vcaml.vcatomcat.catalina.Host reload
INFO : Reloading Context with name [/javaweb] has started
09 02, 2021 22:34:48 ‰∏ãÂçà cn.vcaml.vcatomcat.catalina.Context <init>
INFO : Deploying web application directory e:/project/javaweb/web
09 02, 2021 22:34:48 ‰∏ãÂçà cn.vcaml.vcatomcat.catalina.Context deploy
INFO : Deploying web application directory e:/project/javaweb/web
09 02, 2021 22:34:48 ‰∏ãÂçà cn.vcaml.vcatomcat.catalina.Context deploy
INFO : Deployment of web application directory e:/project/javaweb/web has finished in 6 ms
09 02, 2021 22:34:48 ‰∏ãÂçà cn.vcaml.vcatomcat.catalina.Context <init>
INFO : Deployment of web application directory e:/project/javaweb/web has finished in 8 ms
09 02, 2021 22:34:48 ‰∏ãÂçà cn.vcaml.vcatomcat.catalina.Host reload
INFO : Reloading Context with name [/javaweb] has completed
09 02, 2021 22:34:54 ‰∏ãÂçà cn.vcaml.vcatomcat.catalina.Context <init>
INFO : Deploying web application directory E:\project\VcaTomcat\webapps\a
09 02, 2021 22:34:54 ‰∏ãÂçà cn.vcaml.vcatomcat.catalina.Context deploy
INFO : Deploying web application directory E:\project\VcaTomcat\webapps\a
09 02, 2021 22:34:54 ‰∏ãÂçà cn.vcaml.vcatomcat.catalina.Context deploy
INFO : Deployment of web application directory E:\project\VcaTomcat\webapps\a has finished in 2 ms
09 02, 2021 22:34:54 ‰∏ãÂçà cn.vcaml.vcatomcat.catalina.Context <init>
INFO : Deployment of web application directory E:\project\VcaTomcat\webapps\a has finished in 116 ms
09 02, 2021 22:34:54 ‰∏ãÂçà cn.vcaml.vcatomcat.catalina.Context <init>
INFO : Deploying web application directory E:\project\VcaTomcat\webapps\j2ee
09 02, 2021 22:34:54 ‰∏ãÂçà cn.vcaml.vcatomcat.catalina.Context deploy
INFO : Deploying web application directory E:\project\VcaTomcat\webapps\j2ee
09 02, 2021 22:34:54 ‰∏ãÂçà cn.vcaml.vcatomcat.catalina.Context deploy
INFO : Deployment of web application directory E:\project\VcaTomcat\webapps\j2ee has finished in 3 ms
09 02, 2021 22:34:54 ‰∏ãÂçà cn.vcaml.vcatomcat.catalina.Context <init>
INFO : Deployment of web application directory E:\project\VcaTomcat\webapps\j2ee has finished in 4 ms
09 02, 2021 22:34:54 ‰∏ãÂçà cn.vcaml.vcatomcat.catalina.Context <init>
INFO : Deploying web application directory E:\project\VcaTomcat\webapps\ROOT
09 02, 2021 22:34:54 ‰∏ãÂçà cn.vcaml.vcatomcat.catalina.Context deploy
INFO : Deploying web application directory E:\project\VcaTomcat\webapps\ROOT
09 02, 2021 22:34:54 ‰∏ãÂçà cn.vcaml.vcatomcat.catalina.Context deploy
INFO : Deployment of web application directory E:\project\VcaTomcat\webapps\ROOT has finished in 0 ms
09 02, 2021 22:34:54 ‰∏ãÂçà cn.vcaml.vcatomcat.catalina.Context <init>
INFO : Deployment of web application directory E:\project\VcaTomcat\webapps\ROOT has finished in 2 ms
09 02, 2021 22:34:54 ‰∏ãÂçà cn.vcaml.vcatomcat.catalina.Context <init>
INFO : Deploying web application directory e:/project/Vcatomcat/b
09 02, 2021 22:34:54 ‰∏ãÂçà cn.vcaml.vcatomcat.catalina.Context deploy
INFO : Deploying web application directory e:/project/Vcatomcat/b
09 02, 2021 22:34:54 ‰∏ãÂçà cn.vcaml.vcatomcat.catalina.Context deploy
INFO : Deployment of web application directory e:/project/Vcatomcat/b has finished in 1 ms
09 02, 2021 22:34:54 ‰∏ãÂçà cn.vcaml.vcatomcat.catalina.Context <init>
INFO : Deployment of web application directory e:/project/Vcatomcat/b has finished in 2 ms
09 02, 2021 22:34:54 ‰∏ãÂçà cn.vcaml.vcatomcat.catalina.Context <init>
INFO : Deploying web application directory e:/project/javaweb/web
09 02, 2021 22:34:54 ‰∏ãÂçà cn.vcaml.vcatomcat.catalina.Context deploy
INFO : Deploying web application directory e:/project/javaweb/web
09 02, 2021 22:34:54 ‰∏ãÂçà cn.vcaml.vcatomcat.catalina.Context deploy
INFO : Deployment of web application directory e:/project/javaweb/web has finished in 9 ms
09 02, 2021 22:34:54 ‰∏ãÂçà cn.vcaml.vcatomcat.catalina.Context <init>
INFO : Deployment of web application directory e:/project/javaweb/web has finished in 10 ms
09 02, 2021 22:34:54 ‰∏ãÂçà cn.vcaml.vcatomcat.catalina.Context <init>
INFO : Deploying web application directory e:/project/Vcatomcat/b
09 02, 2021 22:34:54 ‰∏ãÂçà cn.vcaml.vcatomcat.catalina.Context deploy
INFO : Deploying web application directory e:/project/Vcatomcat/b
09 02, 2021 22:34:54 ‰∏ãÂçà cn.vcaml.vcatomcat.catalina.Context deploy
INFO : Deployment of web application directory e:/project/Vcatomcat/b has finished in 0 ms
09 02, 2021 22:34:54 ‰∏ãÂçà cn.vcaml.vcatomcat.catalina.Context <init>
INFO : Deployment of web application directory e:/project/Vcatomcat/b has finished in 2 ms
09 02, 2021 22:34:54 ‰∏ãÂçà cn.vcaml.vcatomcat.catalina.Server logJVM
INFO : Server version:		How2J DiyTomcat/1.0.1
09 02, 2021 22:34:54 ‰∏ãÂçà cn.vcaml.vcatomcat.catalina.Server logJVM
INFO : Server built:		2020-04-08 10:20:22
09 02, 2021 22:34:54 ‰∏ãÂçà cn.vcaml.vcatomcat.catalina.Server logJVM
INFO : Server number:		1.0.1
09 02, 2021 22:34:54 ‰∏ãÂçà cn.vcaml.vcatomcat.catalina.Server logJVM
INFO : OS Name	:		Windows 10
09 02, 2021 22:34:54 ‰∏ãÂçà cn.vcaml.vcatomcat.catalina.Server logJVM
INFO : OS Version:		10.0
09 02, 2021 22:34:54 ‰∏ãÂçà cn.vcaml.vcatomcat.catalina.Server logJVM
INFO : Architecture:		amd64
09 02, 2021 22:34:54 ‰∏ãÂçà cn.vcaml.vcatomcat.catalina.Server logJVM
INFO : Java Home:		C:\Program Files\Java\jdk1.8.0_201\jre
09 02, 2021 22:34:54 ‰∏ãÂçà cn.vcaml.vcatomcat.catalina.Server logJVM
INFO : JVM Version:		1.8.0_201-b09
09 02, 2021 22:34:54 ‰∏ãÂçà cn.vcaml.vcatomcat.catalina.Server logJVM
INFO : JVM Vendor:		Oracle Corporation
09 02, 2021 22:34:54 ‰∏ãÂçà cn.vcaml.vcatomcat.catalina.Connector init
INFO : Initializing ProtocolHandler [http-bio-18080]
09 02, 2021 22:34:54 ‰∏ãÂçà cn.vcaml.vcatomcat.catalina.Connector init
INFO : Initializing ProtocolHandler [http-bio-18081]
09 02, 2021 22:34:54 ‰∏ãÂçà cn.vcaml.vcatomcat.catalina.Connector init
INFO : Initializing ProtocolHandler [http-bio-18082]
09 02, 2021 22:34:54 ‰∏ãÂçà cn.vcaml.vcatomcat.catalina.Service init
INFO : Initialization processed in 0 ms
09 02, 2021 22:34:54 ‰∏ãÂçà cn.vcaml.vcatomcat.catalina.Connector start
INFO : Starting ProtocolHandler [http-bio-18080]
09 02, 2021 22:34:54 ‰∏ãÂçà cn.vcaml.vcatomcat.catalina.Connector start
INFO : Starting ProtocolHandler [http-bio-18081]
09 02, 2021 22:34:54 ‰∏ãÂçà cn.vcaml.vcatomcat.catalina.Connector start
INFO : Starting ProtocolHandler [http-bio-18082]
09 02, 2021 22:34:54 ‰∏ãÂçà cn.vcaml.vcatomcat.catalina.Server start
INFO : Server startup in 4 ms
09 02, 2021 23:02:33 ‰∏ãÂçà cn.vcaml.vcatomcat.catalina.Context <init>
INFO : Deploying web application directory E:\project\VcaTomcat\webapps\a
09 02, 2021 23:02:33 ‰∏ãÂçà cn.vcaml.vcatomcat.catalina.Context deploy
INFO : Deploying web application directory E:\project\VcaTomcat\webapps\a
09 02, 2021 23:02:33 ‰∏ãÂçà cn.vcaml.vcatomcat.catalina.Context deploy
INFO : Deployment of web application directory E:\project\VcaTomcat\webapps\a has finished in 2 ms
09 02, 2021 23:02:33 ‰∏ãÂçà cn.vcaml.vcatomcat.catalina.Context <init>
INFO : Deployment of web application directory E:\project\VcaTomcat\webapps\a has finished in 97 ms
09 02, 2021 23:02:33 ‰∏ãÂçà cn.vcaml.vcatomcat.catalina.Context <init>
INFO : Deploying web application directory E:\project\VcaTomcat\webapps\j2ee
09 02, 2021 23:02:33 ‰∏ãÂçà cn.vcaml.vcatomcat.catalina.Context deploy
INFO : Deploying web application directory E:\project\VcaTomcat\webapps\j2ee
09 02, 2021 23:02:33 ‰∏ãÂçà cn.vcaml.vcatomcat.catalina.Context deploy
INFO : Deployment of web application directory E:\project\VcaTomcat\webapps\j2ee has finished in 3 ms
09 02, 2021 23:02:33 ‰∏ãÂçà cn.vcaml.vcatomcat.catalina.Context <init>
INFO : Deployment of web application directory E:\project\VcaTomcat\webapps\j2ee has finished in 5 ms
09 02, 2021 23:02:33 ‰∏ãÂçà cn.vcaml.vcatomcat.catalina.Context <init>
INFO : Deploying web application directory E:\project\VcaTomcat\webapps\ROOT
09 02, 2021 23:02:33 ‰∏ãÂçà cn.vcaml.vcatomcat.catalina.Context deploy
INFO : Deploying web application directory E:\project\VcaTomcat\webapps\ROOT
09 02, 2021 23:02:33 ‰∏ãÂçà cn.vcaml.vcatomcat.catalina.Context deploy
INFO : Deployment of web application directory E:\project\VcaTomcat\webapps\ROOT has finished in 0 ms
09 02, 2021 23:02:33 ‰∏ãÂçà cn.vcaml.vcatomcat.catalina.Context <init>
INFO : Deployment of web application directory E:\project\VcaTomcat\webapps\ROOT has finished in 2 ms
09 02, 2021 23:02:33 ‰∏ãÂçà cn.vcaml.vcatomcat.catalina.Context <init>
INFO : Deploying web application directory e:/project/Vcatomcat/b
09 02, 2021 23:02:33 ‰∏ãÂçà cn.vcaml.vcatomcat.catalina.Context deploy
INFO : Deploying web application directory e:/project/Vcatomcat/b
09 02, 2021 23:02:33 ‰∏ãÂçà cn.vcaml.vcatomcat.catalina.Context deploy
INFO : Deployment of web application directory e:/project/Vcatomcat/b has finished in 0 ms
09 02, 2021 23:02:33 ‰∏ãÂçà cn.vcaml.vcatomcat.catalina.Context <init>
INFO : Deployment of web application directory e:/project/Vcatomcat/b has finished in 1 ms
09 02, 2021 23:02:33 ‰∏ãÂçà cn.vcaml.vcatomcat.catalina.Context <init>
INFO : Deploying web application directory e:/project/javaweb/web
09 02, 2021 23:02:33 ‰∏ãÂçà cn.vcaml.vcatomcat.catalina.Context deploy
INFO : Deploying web application directory e:/project/javaweb/web
09 02, 2021 23:02:33 ‰∏ãÂçà cn.vcaml.vcatomcat.catalina.Context deploy
INFO : Deployment of web application directory e:/project/javaweb/web has finished in 10 ms
09 02, 2021 23:02:33 ‰∏ãÂçà cn.vcaml.vcatomcat.catalina.Context <init>
INFO : Deployment of web application directory e:/project/javaweb/web has finished in 11 ms
09 02, 2021 23:02:33 ‰∏ãÂçà cn.vcaml.vcatomcat.catalina.Context <init>
INFO : Deploying web application directory e:/project/Vcatomcat/b
09 02, 2021 23:02:33 ‰∏ãÂçà cn.vcaml.vcatomcat.catalina.Context deploy
INFO : Deploying web application directory e:/project/Vcatomcat/b
09 02, 2021 23:02:33 ‰∏ãÂçà cn.vcaml.vcatomcat.catalina.Context deploy
INFO : Deployment of web application directory e:/project/Vcatomcat/b has finished in 0 ms
09 02, 2021 23:02:33 ‰∏ãÂçà cn.vcaml.vcatomcat.catalina.Context <init>
INFO : Deployment of web application directory e:/project/Vcatomcat/b has finished in 2 ms
09 02, 2021 23:02:33 ‰∏ãÂçà cn.vcaml.vcatomcat.catalina.Server logJVM
INFO : Server version:		How2J DiyTomcat/1.0.1
09 02, 2021 23:02:33 ‰∏ãÂçà cn.vcaml.vcatomcat.catalina.Server logJVM
INFO : Server built:		2020-04-08 10:20:22
09 02, 2021 23:02:33 ‰∏ãÂçà cn.vcaml.vcatomcat.catalina.Server logJVM
INFO : Server number:		1.0.1
09 02, 2021 23:02:33 ‰∏ãÂçà cn.vcaml.vcatomcat.catalina.Server logJVM
INFO : OS Name	:		Windows 10
09 02, 2021 23:02:33 ‰∏ãÂçà cn.vcaml.vcatomcat.catalina.Server logJVM
INFO : OS Version:		10.0
09 02, 2021 23:02:33 ‰∏ãÂçà cn.vcaml.vcatomcat.catalina.Server logJVM
INFO : Architecture:		amd64
09 02, 2021 23:02:33 ‰∏ãÂçà cn.vcaml.vcatomcat.catalina.Server logJVM
INFO : Java Home:		C:\Program Files\Java\jdk1.8.0_201\jre
09 02, 2021 23:02:33 ‰∏ãÂçà cn.vcaml.vcatomcat.catalina.Server logJVM
INFO : JVM Version:		1.8.0_201-b09
09 02, 2021 23:02:33 ‰∏ãÂçà cn.vcaml.vcatomcat.catalina.Server logJVM
INFO : JVM Vendor:		Oracle Corporation
09 02, 2021 23:02:33 ‰∏ãÂçà cn.vcaml.vcatomcat.catalina.Connector init
INFO : Initializing ProtocolHandler [http-bio-18080]
09 02, 2021 23:02:33 ‰∏ãÂçà cn.vcaml.vcatomcat.catalina.Connector init
INFO : Initializing ProtocolHandler [http-bio-18081]
09 02, 2021 23:02:33 ‰∏ãÂçà cn.vcaml.vcatomcat.catalina.Connector init
INFO : Initializing ProtocolHandler [http-bio-18082]
09 02, 2021 23:02:33 ‰∏ãÂçà cn.vcaml.vcatomcat.catalina.Service init
INFO : Initialization processed in 1 ms
09 02, 2021 23:02:33 ‰∏ãÂçà cn.vcaml.vcatomcat.catalina.Connector start
INFO : Starting ProtocolHandler [http-bio-18080]
09 02, 2021 23:02:33 ‰∏ãÂçà cn.vcaml.vcatomcat.catalina.Connector start
INFO : Starting ProtocolHandler [http-bio-18081]
09 02, 2021 23:02:33 ‰∏ãÂçà cn.vcaml.vcatomcat.catalina.Connector start
INFO : Starting ProtocolHandler [http-bio-18082]
09 02, 2021 23:02:33 ‰∏ãÂçà cn.vcaml.vcatomcat.catalina.Server start
INFO : Server startup in 4 ms
09 02, 2021 23:46:39 ‰∏ãÂçà cn.vcaml.vcatomcat.catalina.Context <init>
INFO : Deploying web application directory E:\project\VcaTomcat\webapps\a
09 02, 2021 23:46:39 ‰∏ãÂçà cn.vcaml.vcatomcat.catalina.Context deploy
INFO : Deploying web application directory E:\project\VcaTomcat\webapps\a
09 02, 2021 23:46:39 ‰∏ãÂçà cn.vcaml.vcatomcat.catalina.Context deploy
INFO : Deployment of web application directory E:\project\VcaTomcat\webapps\a has finished in 2 ms
09 02, 2021 23:46:39 ‰∏ãÂçà cn.vcaml.vcatomcat.catalina.Context <init>
INFO : Deployment of web application directory E:\project\VcaTomcat\webapps\a has finished in 108 ms
09 02, 2021 23:46:39 ‰∏ãÂçà cn.vcaml.vcatomcat.catalina.Context <init>
INFO : Deploying web application directory E:\project\VcaTomcat\webapps\j2ee
09 02, 2021 23:46:39 ‰∏ãÂçà cn.vcaml.vcatomcat.catalina.Context deploy
INFO : Deploying web application directory E:\project\VcaTomcat\webapps\j2ee
09 02, 2021 23:46:39 ‰∏ãÂçà cn.vcaml.vcatomcat.catalina.Context deploy
INFO : Deployment of web application directory E:\project\VcaTomcat\webapps\j2ee has finished in 4 ms
09 02, 2021 23:46:39 ‰∏ãÂçà cn.vcaml.vcatomcat.catalina.Context <init>
INFO : Deployment of web application directory E:\project\VcaTomcat\webapps\j2ee has finished in 6 ms
09 02, 2021 23:46:39 ‰∏ãÂçà cn.vcaml.vcatomcat.catalina.Context <init>
INFO : Deploying web application directory E:\project\VcaTomcat\webapps\ROOT
09 02, 2021 23:46:39 ‰∏ãÂçà cn.vcaml.vcatomcat.catalina.Context deploy
INFO : Deploying web application directory E:\project\VcaTomcat\webapps\ROOT
09 02, 2021 23:46:39 ‰∏ãÂçà cn.vcaml.vcatomcat.catalina.Context deploy
INFO : Deployment of web application directory E:\project\VcaTomcat\webapps\ROOT has finished in 1 ms
09 02, 2021 23:46:39 ‰∏ãÂçà cn.vcaml.vcatomcat.catalina.Context <init>
INFO : Deployment of web application directory E:\project\VcaTomcat\webapps\ROOT has finished in 2 ms
09 02, 2021 23:46:39 ‰∏ãÂçà cn.vcaml.vcatomcat.catalina.Context <init>
INFO : Deploying web application directory e:/project/Vcatomcat/b
09 02, 2021 23:46:39 ‰∏ãÂçà cn.vcaml.vcatomcat.catalina.Context deploy
INFO : Deploying web application directory e:/project/Vcatomcat/b
09 02, 2021 23:46:39 ‰∏ãÂçà cn.vcaml.vcatomcat.catalina.Context deploy
INFO : Deployment of web application directory e:/project/Vcatomcat/b has finished in 0 ms
09 02, 2021 23:46:39 ‰∏ãÂçà cn.vcaml.vcatomcat.catalina.Context <init>
INFO : Deployment of web application directory e:/project/Vcatomcat/b has finished in 1 ms
09 02, 2021 23:46:39 ‰∏ãÂçà cn.vcaml.vcatomcat.catalina.Context <init>
INFO : Deploying web application directory e:/project/javaweb/web
09 02, 2021 23:46:39 ‰∏ãÂçà cn.vcaml.vcatomcat.catalina.Context deploy
INFO : Deploying web application directory e:/project/javaweb/web
09 02, 2021 23:46:39 ‰∏ãÂçà cn.vcaml.vcatomcat.catalina.Context deploy
INFO : Deployment of web application directory e:/project/javaweb/web has finished in 13 ms
09 02, 2021 23:46:39 ‰∏ãÂçà cn.vcaml.vcatomcat.catalina.Context <init>
INFO : Deployment of web application directory e:/project/javaweb/web has finished in 15 ms
09 02, 2021 23:46:39 ‰∏ãÂçà cn.vcaml.vcatomcat.catalina.Context <init>
INFO : Deploying web application directory e:/project/Vcatomcat/b
09 02, 2021 23:46:39 ‰∏ãÂçà cn.vcaml.vcatomcat.catalina.Context deploy
INFO : Deploying web application directory e:/project/Vcatomcat/b
09 02, 2021 23:46:39 ‰∏ãÂçà cn.vcaml.vcatomcat.catalina.Context deploy
INFO : Deployment of web application directory e:/project/Vcatomcat/b has finished in 0 ms
09 02, 2021 23:46:39 ‰∏ãÂçà cn.vcaml.vcatomcat.catalina.Context <init>
INFO : Deployment of web application directory e:/project/Vcatomcat/b has finished in 1 ms
09 02, 2021 23:46:39 ‰∏ãÂçà cn.vcaml.vcatomcat.catalina.Server logJVM
INFO : Server version:		How2J DiyTomcat/1.0.1
09 02, 2021 23:46:39 ‰∏ãÂçà cn.vcaml.vcatomcat.catalina.Server logJVM
INFO : Server built:		2020-04-08 10:20:22
09 02, 2021 23:46:39 ‰∏ãÂçà cn.vcaml.vcatomcat.catalina.Server logJVM
INFO : Server number:		1.0.1
09 02, 2021 23:46:39 ‰∏ãÂçà cn.vcaml.vcatomcat.catalina.Server logJVM
INFO : OS Name	:		Windows 10
09 02, 2021 23:46:39 ‰∏ãÂçà cn.vcaml.vcatomcat.catalina.Server logJVM
INFO : OS Version:		10.0
09 02, 2021 23:46:39 ‰∏ãÂçà cn.vcaml.vcatomcat.catalina.Server logJVM
INFO : Architecture:		amd64
09 02, 2021 23:46:39 ‰∏ãÂçà cn.vcaml.vcatomcat.catalina.Server logJVM
INFO : Java Home:		C:\Program Files\Java\jdk1.8.0_201\jre
09 02, 2021 23:46:39 ‰∏ãÂçà cn.vcaml.vcatomcat.catalina.Server logJVM
INFO : JVM Version:		1.8.0_201-b09
09 02, 2021 23:46:39 ‰∏ãÂçà cn.vcaml.vcatomcat.catalina.Server logJVM
INFO : JVM Vendor:		Oracle Corporation
09 02, 2021 23:46:39 ‰∏ãÂçà cn.vcaml.vcatomcat.catalina.Connector init
INFO : Initializing ProtocolHandler [http-bio-18080]
09 02, 2021 23:46:39 ‰∏ãÂçà cn.vcaml.vcatomcat.catalina.Connector init
INFO : Initializing ProtocolHandler [http-bio-18081]
09 02, 2021 23:46:39 ‰∏ãÂçà cn.vcaml.vcatomcat.catalina.Connector init
INFO : Initializing ProtocolHandler [http-bio-18082]
09 02, 2021 23:46:39 ‰∏ãÂçà cn.vcaml.vcatomcat.catalina.Service init
INFO : Initialization processed in 1 ms
09 02, 2021 23:46:39 ‰∏ãÂçà cn.vcaml.vcatomcat.catalina.Connector start
INFO : Starting ProtocolHandler [http-bio-18080]
09 02, 2021 23:46:39 ‰∏ãÂçà cn.vcaml.vcatomcat.catalina.Connector start
INFO : Starting ProtocolHandler [http-bio-18081]
09 02, 2021 23:46:39 ‰∏ãÂçà cn.vcaml.vcatomcat.catalina.Connector start
INFO : Starting ProtocolHandler [http-bio-18082]
09 02, 2021 23:46:39 ‰∏ãÂçà cn.vcaml.vcatomcat.catalina.Server start
INFO : Server startup in 5 ms
