08 31, 2021 01:26:16 上午 cn.vcaml.vcatomcat.Bootstrap logJVM
INFO : Server version:		vcaml vcaTomcat/1.0.1
08 31, 2021 01:26:16 上午 cn.vcaml.vcatomcat.Bootstrap logJVM
INFO : Server built:		2020-04-08 10:20:22
08 31, 2021 01:26:16 上午 cn.vcaml.vcatomcat.Bootstrap logJVM
INFO : Server number:		1.0.1
08 31, 2021 01:26:16 上午 cn.vcaml.vcatomcat.Bootstrap logJVM
INFO : OS Name	:		Windows 10
08 31, 2021 01:26:16 上午 cn.vcaml.vcatomcat.Bootstrap logJVM
INFO : OS Version:		10.0
08 31, 2021 01:26:16 上午 cn.vcaml.vcatomcat.Bootstrap logJVM
INFO : Architecture:		amd64
08 31, 2021 01:26:16 上午 cn.vcaml.vcatomcat.Bootstrap logJVM
INFO : Java Home:		C:\Program Files\Java\jdk1.8.0_201\jre
08 31, 2021 01:26:16 上午 cn.vcaml.vcatomcat.Bootstrap logJVM
INFO : JVM Version:		1.8.0_201-b09
08 31, 2021 01:26:16 上午 cn.vcaml.vcatomcat.Bootstrap logJVM
INFO : JVM Vendor:		Oracle Corporation
08 31, 2021 01:26:16 上午 cn.vcaml.vcatomcat.catalina.Context <init>
INFO : Deploying web application directory E:\project\VcaTomcat\webapps\a
08 31, 2021 01:26:16 上午 cn.vcaml.vcatomcat.catalina.Context <init>
INFO : Deployment of web application directory E:\project\VcaTomcat\webapps\a has finished in 1 ms
08 31, 2021 01:26:16 上午 cn.vcaml.vcatomcat.catalina.Context <init>
INFO : Deploying web application directory E:\project\VcaTomcat\webapps\b
08 31, 2021 01:26:16 上午 cn.vcaml.vcatomcat.catalina.Context <init>
INFO : Deployment of web application directory E:\project\VcaTomcat\webapps\b has finished in 0 ms
08 31, 2021 01:26:16 上午 cn.vcaml.vcatomcat.catalina.Context <init>
INFO : Deploying web application directory E:\project\VcaTomcat\webapps\ROOT
08 31, 2021 01:26:16 上午 cn.vcaml.vcatomcat.catalina.Context <init>
INFO : Deployment of web application directory E:\project\VcaTomcat\webapps\ROOT has finished in 1 ms
08 31, 2021 01:26:16 上午 cn.vcaml.vcatomcat.catalina.Context <init>
INFO : Deploying web application directory e:/project/Vcatomcat/b
08 31, 2021 01:26:16 上午 cn.vcaml.vcatomcat.catalina.Context <init>
INFO : Deployment of web application directory e:/project/Vcatomcat/b has finished in 1 ms
08 31, 2021 01:29:11 上午 cn.vcaml.vcatomcat.Bootstrap logJVM
INFO : Server version:		vcaml vcaTomcat/1.0.1
08 31, 2021 01:29:11 上午 cn.vcaml.vcatomcat.Bootstrap logJVM
INFO : Server built:		2020-04-08 10:20:22
08 31, 2021 01:29:11 上午 cn.vcaml.vcatomcat.Bootstrap logJVM
INFO : Server number:		1.0.1
08 31, 2021 01:29:11 上午 cn.vcaml.vcatomcat.Bootstrap logJVM
INFO : OS Name	:		Windows 10
08 31, 2021 01:29:11 上午 cn.vcaml.vcatomcat.Bootstrap logJVM
INFO : OS Version:		10.0
08 31, 2021 01:29:11 上午 cn.vcaml.vcatomcat.Bootstrap logJVM
INFO : Architecture:		amd64
08 31, 2021 01:29:11 上午 cn.vcaml.vcatomcat.Bootstrap logJVM
INFO : Java Home:		C:\Program Files\Java\jdk1.8.0_201\jre
08 31, 2021 01:29:11 上午 cn.vcaml.vcatomcat.Bootstrap logJVM
INFO : JVM Version:		1.8.0_201-b09
08 31, 2021 01:29:11 上午 cn.vcaml.vcatomcat.Bootstrap logJVM
INFO : JVM Vendor:		Oracle Corporation
08 31, 2021 01:29:11 上午 cn.vcaml.vcatomcat.catalina.Context <init>
INFO : Deploying web application directory E:\project\VcaTomcat\webapps\a
08 31, 2021 01:29:11 上午 cn.vcaml.vcatomcat.catalina.Context <init>
INFO : Deployment of web application directory E:\project\VcaTomcat\webapps\a has finished in 0 ms
08 31, 2021 01:29:11 上午 cn.vcaml.vcatomcat.catalina.Context <init>
INFO : Deploying web application directory E:\project\VcaTomcat\webapps\b
08 31, 2021 01:29:11 上午 cn.vcaml.vcatomcat.catalina.Context <init>
INFO : Deployment of web application directory E:\project\VcaTomcat\webapps\b has finished in 0 ms
08 31, 2021 01:29:11 上午 cn.vcaml.vcatomcat.catalina.Context <init>
INFO : Deploying web application directory E:\project\VcaTomcat\webapps\ROOT
08 31, 2021 01:29:11 上午 cn.vcaml.vcatomcat.catalina.Context <init>
INFO : Deployment of web application directory E:\project\VcaTomcat\webapps\ROOT has finished in 0 ms
08 31, 2021 01:29:11 上午 cn.vcaml.vcatomcat.catalina.Context <init>
INFO : Deploying web application directory e:/project/Vcatomcat/b
08 31, 2021 01:29:11 上午 cn.vcaml.vcatomcat.catalina.Context <init>
INFO : Deployment of web application directory e:/project/Vcatomcat/b has finished in 1 ms
08 31, 2021 01:31:24 上午 cn.vcaml.vcatomcat.Bootstrap logJVM
INFO : Server version:		vcaml vcaTomcat/1.0.1
08 31, 2021 01:31:24 上午 cn.vcaml.vcatomcat.Bootstrap logJVM
INFO : Server built:		2020-04-08 10:20:22
08 31, 2021 01:31:24 上午 cn.vcaml.vcatomcat.Bootstrap logJVM
INFO : Server number:		1.0.1
08 31, 2021 01:31:24 上午 cn.vcaml.vcatomcat.Bootstrap logJVM
INFO : OS Name	:		Windows 10
08 31, 2021 01:31:24 上午 cn.vcaml.vcatomcat.Bootstrap logJVM
INFO : OS Version:		10.0
08 31, 2021 01:31:24 上午 cn.vcaml.vcatomcat.Bootstrap logJVM
INFO : Architecture:		amd64
08 31, 2021 01:31:24 上午 cn.vcaml.vcatomcat.Bootstrap logJVM
INFO : Java Home:		C:\Program Files\Java\jdk1.8.0_201\jre
08 31, 2021 01:31:24 上午 cn.vcaml.vcatomcat.Bootstrap logJVM
INFO : JVM Version:		1.8.0_201-b09
08 31, 2021 01:31:24 上午 cn.vcaml.vcatomcat.Bootstrap logJVM
INFO : JVM Vendor:		Oracle Corporation
08 31, 2021 01:31:24 上午 cn.vcaml.vcatomcat.catalina.Context <init>
INFO : Deploying web application directory E:\project\VcaTomcat\webapps\a
08 31, 2021 01:31:24 上午 cn.vcaml.vcatomcat.catalina.Context <init>
INFO : Deployment of web application directory E:\project\VcaTomcat\webapps\a has finished in 0 ms
08 31, 2021 01:31:24 上午 cn.vcaml.vcatomcat.catalina.Context <init>
INFO : Deploying web application directory E:\project\VcaTomcat\webapps\b
08 31, 2021 01:31:24 上午 cn.vcaml.vcatomcat.catalina.Context <init>
INFO : Deployment of web application directory E:\project\VcaTomcat\webapps\b has finished in 0 ms
08 31, 2021 01:31:24 上午 cn.vcaml.vcatomcat.catalina.Context <init>
INFO : Deploying web application directory E:\project\VcaTomcat\webapps\ROOT
08 31, 2021 01:31:24 上午 cn.vcaml.vcatomcat.catalina.Context <init>
INFO : Deployment of web application directory E:\project\VcaTomcat\webapps\ROOT has finished in 0 ms
08 31, 2021 01:43:26 上午 cn.vcaml.vcatomcat.Bootstrap logJVM
INFO : Server version:		vcaml vcaTomcat/1.0.1
08 31, 2021 01:43:26 上午 cn.vcaml.vcatomcat.Bootstrap logJVM
INFO : Server built:		2020-04-08 10:20:22
08 31, 2021 01:43:26 上午 cn.vcaml.vcatomcat.Bootstrap logJVM
INFO : Server number:		1.0.1
08 31, 2021 01:43:26 上午 cn.vcaml.vcatomcat.Bootstrap logJVM
INFO : OS Name	:		Windows 10
08 31, 2021 01:43:26 上午 cn.vcaml.vcatomcat.Bootstrap logJVM
INFO : OS Version:		10.0
08 31, 2021 01:43:26 上午 cn.vcaml.vcatomcat.Bootstrap logJVM
INFO : Architecture:		amd64
08 31, 2021 01:43:26 上午 cn.vcaml.vcatomcat.Bootstrap logJVM
INFO : Java Home:		C:\Program Files\Java\jdk1.8.0_201\jre
08 31, 2021 01:43:26 上午 cn.vcaml.vcatomcat.Bootstrap logJVM
INFO : JVM Version:		1.8.0_201-b09
08 31, 2021 01:43:26 上午 cn.vcaml.vcatomcat.Bootstrap logJVM
INFO : JVM Vendor:		Oracle Corporation
08 31, 2021 01:43:26 上午 cn.vcaml.vcatomcat.catalina.Context <init>
INFO : Deploying web application directory E:\project\VcaTomcat\webapps\a
08 31, 2021 01:43:26 上午 cn.vcaml.vcatomcat.catalina.Context <init>
INFO : Deployment of web application directory E:\project\VcaTomcat\webapps\a has finished in 0 ms
08 31, 2021 01:43:26 上午 cn.vcaml.vcatomcat.catalina.Context <init>
INFO : Deploying web application directory E:\project\VcaTomcat\webapps\b
08 31, 2021 01:43:26 上午 cn.vcaml.vcatomcat.catalina.Context <init>
INFO : Deployment of web application directory E:\project\VcaTomcat\webapps\b has finished in 1 ms
08 31, 2021 01:43:26 上午 cn.vcaml.vcatomcat.catalina.Context <init>
INFO : Deploying web application directory E:\project\VcaTomcat\webapps\ROOT
08 31, 2021 01:43:26 上午 cn.vcaml.vcatomcat.catalina.Context <init>
INFO : Deployment of web application directory E:\project\VcaTomcat\webapps\ROOT has finished in 0 ms
08 31, 2021 01:50:07 上午 cn.vcaml.vcatomcat.Bootstrap logJVM
INFO : Server version:		vcaml vcaTomcat/1.0.1
08 31, 2021 01:50:08 上午 cn.vcaml.vcatomcat.Bootstrap logJVM
INFO : Server built:		2020-04-08 10:20:22
08 31, 2021 01:50:08 上午 cn.vcaml.vcatomcat.Bootstrap logJVM
INFO : Server number:		1.0.1
08 31, 2021 01:50:08 上午 cn.vcaml.vcatomcat.Bootstrap logJVM
INFO : OS Name	:		Windows 10
08 31, 2021 01:50:08 上午 cn.vcaml.vcatomcat.Bootstrap logJVM
INFO : OS Version:		10.0
08 31, 2021 01:50:08 上午 cn.vcaml.vcatomcat.Bootstrap logJVM
INFO : Architecture:		amd64
08 31, 2021 01:50:08 上午 cn.vcaml.vcatomcat.Bootstrap logJVM
INFO : Java Home:		C:\Program Files\Java\jdk1.8.0_201\jre
08 31, 2021 01:50:08 上午 cn.vcaml.vcatomcat.Bootstrap logJVM
INFO : JVM Version:		1.8.0_201-b09
08 31, 2021 01:50:08 上午 cn.vcaml.vcatomcat.Bootstrap logJVM
INFO : JVM Vendor:		Oracle Corporation
08 31, 2021 01:50:08 上午 cn.vcaml.vcatomcat.catalina.Context <init>
INFO : Deploying web application directory e:/project/Vcatomcat/b
08 31, 2021 01:50:08 上午 cn.vcaml.vcatomcat.catalina.Context <init>
INFO : Deployment of web application directory e:/project/Vcatomcat/b has finished in 0 ms
08 31, 2021 01:57:03 上午 cn.vcaml.vcatomcat.Bootstrap logJVM
INFO : Server version:		vcaml vcaTomcat/1.0.1
08 31, 2021 01:57:03 上午 cn.vcaml.vcatomcat.Bootstrap logJVM
INFO : Server built:		2020-04-08 10:20:22
08 31, 2021 01:57:03 上午 cn.vcaml.vcatomcat.Bootstrap logJVM
INFO : Server number:		1.0.1
08 31, 2021 01:57:03 上午 cn.vcaml.vcatomcat.Bootstrap logJVM
INFO : OS Name	:		Windows 10
08 31, 2021 01:57:03 上午 cn.vcaml.vcatomcat.Bootstrap logJVM
INFO : OS Version:		10.0
08 31, 2021 01:57:03 上午 cn.vcaml.vcatomcat.Bootstrap logJVM
INFO : Architecture:		amd64
08 31, 2021 01:57:03 上午 cn.vcaml.vcatomcat.Bootstrap logJVM
INFO : Java Home:		C:\Program Files\Java\jdk1.8.0_201\jre
08 31, 2021 01:57:03 上午 cn.vcaml.vcatomcat.Bootstrap logJVM
INFO : JVM Version:		1.8.0_201-b09
08 31, 2021 01:57:03 上午 cn.vcaml.vcatomcat.Bootstrap logJVM
INFO : JVM Vendor:		Oracle Corporation
08 31, 2021 01:57:09 上午 cn.vcaml.vcatomcat.catalina.Context <init>
INFO : Deploying web application directory e:/project/Vcatomcat/b
08 31, 2021 01:57:09 上午 cn.vcaml.vcatomcat.catalina.Context <init>
INFO : Deployment of web application directory e:/project/Vcatomcat/b has finished in 1 ms
08 31, 2021 01:58:42 上午 cn.vcaml.vcatomcat.Bootstrap logJVM
INFO : Server version:		vcaml vcaTomcat/1.0.1
08 31, 2021 01:58:42 上午 cn.vcaml.vcatomcat.Bootstrap logJVM
INFO : Server built:		2020-04-08 10:20:22
08 31, 2021 01:58:42 上午 cn.vcaml.vcatomcat.Bootstrap logJVM
INFO : Server number:		1.0.1
08 31, 2021 01:58:42 上午 cn.vcaml.vcatomcat.Bootstrap logJVM
INFO : OS Name	:		Windows 10
08 31, 2021 01:58:42 上午 cn.vcaml.vcatomcat.Bootstrap logJVM
INFO : OS Version:		10.0
08 31, 2021 01:58:42 上午 cn.vcaml.vcatomcat.Bootstrap logJVM
INFO : Architecture:		amd64
08 31, 2021 01:58:42 上午 cn.vcaml.vcatomcat.Bootstrap logJVM
INFO : Java Home:		C:\Program Files\Java\jdk1.8.0_201\jre
08 31, 2021 01:58:42 上午 cn.vcaml.vcatomcat.Bootstrap logJVM
INFO : JVM Version:		1.8.0_201-b09
08 31, 2021 01:58:42 上午 cn.vcaml.vcatomcat.Bootstrap logJVM
INFO : JVM Vendor:		Oracle Corporation
08 31, 2021 02:00:23 上午 cn.vcaml.vcatomcat.Bootstrap logJVM
INFO : Server version:		vcaml vcaTomcat/1.0.1
08 31, 2021 02:00:23 上午 cn.vcaml.vcatomcat.Bootstrap logJVM
INFO : Server built:		2020-04-08 10:20:22
08 31, 2021 02:00:23 上午 cn.vcaml.vcatomcat.Bootstrap logJVM
INFO : Server number:		1.0.1
08 31, 2021 02:00:23 上午 cn.vcaml.vcatomcat.Bootstrap logJVM
INFO : OS Name	:		Windows 10
08 31, 2021 02:00:23 上午 cn.vcaml.vcatomcat.Bootstrap logJVM
INFO : OS Version:		10.0
08 31, 2021 02:00:23 上午 cn.vcaml.vcatomcat.Bootstrap logJVM
INFO : Architecture:		amd64
08 31, 2021 02:00:23 上午 cn.vcaml.vcatomcat.Bootstrap logJVM
INFO : Java Home:		C:\Program Files\Java\jdk1.8.0_201\jre
08 31, 2021 02:00:23 上午 cn.vcaml.vcatomcat.Bootstrap logJVM
INFO : JVM Version:		1.8.0_201-b09
08 31, 2021 02:00:23 上午 cn.vcaml.vcatomcat.Bootstrap logJVM
INFO : JVM Vendor:		Oracle Corporation
08 31, 2021 02:02:10 上午 cn.vcaml.vcatomcat.catalina.Context <init>
INFO : Deploying web application directory e:/project/Vcatomcat/b
08 31, 2021 02:02:10 上午 cn.vcaml.vcatomcat.catalina.Context <init>
INFO : Deployment of web application directory e:/project/Vcatomcat/b has finished in 0 ms
08 31, 2021 02:03:57 上午 cn.vcaml.vcatomcat.Bootstrap logJVM
INFO : Server version:		vcaml vcaTomcat/1.0.1
08 31, 2021 02:03:57 上午 cn.vcaml.vcatomcat.Bootstrap logJVM
INFO : Server built:		2020-04-08 10:20:22
08 31, 2021 02:03:57 上午 cn.vcaml.vcatomcat.Bootstrap logJVM
INFO : Server number:		1.0.1
08 31, 2021 02:03:57 上午 cn.vcaml.vcatomcat.Bootstrap logJVM
INFO : OS Name	:		Windows 10
08 31, 2021 02:03:57 上午 cn.vcaml.vcatomcat.Bootstrap logJVM
INFO : OS Version:		10.0
08 31, 2021 02:03:57 上午 cn.vcaml.vcatomcat.Bootstrap logJVM
INFO : Architecture:		amd64
08 31, 2021 02:03:57 上午 cn.vcaml.vcatomcat.Bootstrap logJVM
INFO : Java Home:		C:\Program Files\Java\jdk1.8.0_201\jre
08 31, 2021 02:03:57 上午 cn.vcaml.vcatomcat.Bootstrap logJVM
INFO : JVM Version:		1.8.0_201-b09
08 31, 2021 02:03:57 上午 cn.vcaml.vcatomcat.Bootstrap logJVM
INFO : JVM Vendor:		Oracle Corporation
08 31, 2021 02:03:57 上午 cn.vcaml.vcatomcat.catalina.Context <init>
INFO : Deploying web application directory e:/project/Vcatomcat/b
08 31, 2021 02:03:57 上午 cn.vcaml.vcatomcat.catalina.Context <init>
INFO : Deployment of web application directory e:/project/Vcatomcat/b has finished in 1 ms
08 31, 2021 02:06:02 上午 cn.vcaml.vcatomcat.Bootstrap logJVM
INFO : Server version:		vcaml vcaTomcat/1.0.1
08 31, 2021 02:06:02 上午 cn.vcaml.vcatomcat.Bootstrap logJVM
INFO : Server built:		2020-04-08 10:20:22
08 31, 2021 02:06:02 上午 cn.vcaml.vcatomcat.Bootstrap logJVM
INFO : Server number:		1.0.1
08 31, 2021 02:06:02 上午 cn.vcaml.vcatomcat.Bootstrap logJVM
INFO : OS Name	:		Windows 10
08 31, 2021 02:06:02 上午 cn.vcaml.vcatomcat.Bootstrap logJVM
INFO : OS Version:		10.0
08 31, 2021 02:06:02 上午 cn.vcaml.vcatomcat.Bootstrap logJVM
INFO : Architecture:		amd64
08 31, 2021 02:06:02 上午 cn.vcaml.vcatomcat.Bootstrap logJVM
INFO : Java Home:		C:\Program Files\Java\jdk1.8.0_201\jre
08 31, 2021 02:06:02 上午 cn.vcaml.vcatomcat.Bootstrap logJVM
INFO : JVM Version:		1.8.0_201-b09
08 31, 2021 02:06:02 上午 cn.vcaml.vcatomcat.Bootstrap logJVM
INFO : JVM Vendor:		Oracle Corporation
08 31, 2021 02:06:02 上午 cn.vcaml.vcatomcat.catalina.Context <init>
INFO : Deploying web application directory e:/project/Vcatomcat/b
08 31, 2021 02:06:02 上午 cn.vcaml.vcatomcat.catalina.Context <init>
INFO : Deployment of web application directory e:/project/Vcatomcat/b has finished in 1 ms
08 31, 2021 02:06:54 上午 cn.vcaml.vcatomcat.Bootstrap logJVM
INFO : Server version:		vcaml vcaTomcat/1.0.1
08 31, 2021 02:06:54 上午 cn.vcaml.vcatomcat.Bootstrap logJVM
INFO : Server built:		2020-04-08 10:20:22
08 31, 2021 02:06:54 上午 cn.vcaml.vcatomcat.Bootstrap logJVM
INFO : Server number:		1.0.1
08 31, 2021 02:06:54 上午 cn.vcaml.vcatomcat.Bootstrap logJVM
INFO : OS Name	:		Windows 10
08 31, 2021 02:06:54 上午 cn.vcaml.vcatomcat.Bootstrap logJVM
INFO : OS Version:		10.0
08 31, 2021 02:06:54 上午 cn.vcaml.vcatomcat.Bootstrap logJVM
INFO : Architecture:		amd64
08 31, 2021 02:06:54 上午 cn.vcaml.vcatomcat.Bootstrap logJVM
INFO : Java Home:		C:\Program Files\Java\jdk1.8.0_201\jre
08 31, 2021 02:06:54 上午 cn.vcaml.vcatomcat.Bootstrap logJVM
INFO : JVM Version:		1.8.0_201-b09
08 31, 2021 02:06:54 上午 cn.vcaml.vcatomcat.Bootstrap logJVM
INFO : JVM Vendor:		Oracle Corporation
08 31, 2021 02:06:54 上午 cn.vcaml.vcatomcat.catalina.Context <init>
INFO : Deploying web application directory E:\project\VcaTomcat\webapps\a
08 31, 2021 02:06:54 上午 cn.vcaml.vcatomcat.catalina.Context <init>
INFO : Deployment of web application directory E:\project\VcaTomcat\webapps\a has finished in 1 ms
08 31, 2021 02:06:54 上午 cn.vcaml.vcatomcat.catalina.Context <init>
INFO : Deploying web application directory E:\project\VcaTomcat\webapps\b
08 31, 2021 02:06:54 上午 cn.vcaml.vcatomcat.catalina.Context <init>
INFO : Deployment of web application directory E:\project\VcaTomcat\webapps\b has finished in 1 ms
08 31, 2021 02:06:54 上午 cn.vcaml.vcatomcat.catalina.Context <init>
INFO : Deploying web application directory E:\project\VcaTomcat\webapps\ROOT
08 31, 2021 02:06:54 上午 cn.vcaml.vcatomcat.catalina.Context <init>
INFO : Deployment of web application directory E:\project\VcaTomcat\webapps\ROOT has finished in 0 ms
08 31, 2021 02:09:18 上午 cn.vcaml.vcatomcat.Bootstrap logJVM
INFO : Server version:		vcaml vcaTomcat/1.0.1
08 31, 2021 02:09:18 上午 cn.vcaml.vcatomcat.Bootstrap logJVM
INFO : Server built:		2020-04-08 10:20:22
08 31, 2021 02:09:18 上午 cn.vcaml.vcatomcat.Bootstrap logJVM
INFO : Server number:		1.0.1
08 31, 2021 02:09:18 上午 cn.vcaml.vcatomcat.Bootstrap logJVM
INFO : OS Name	:		Windows 10
08 31, 2021 02:09:18 上午 cn.vcaml.vcatomcat.Bootstrap logJVM
INFO : OS Version:		10.0
08 31, 2021 02:09:18 上午 cn.vcaml.vcatomcat.Bootstrap logJVM
INFO : Architecture:		amd64
08 31, 2021 02:09:18 上午 cn.vcaml.vcatomcat.Bootstrap logJVM
INFO : Java Home:		C:\Program Files\Java\jdk1.8.0_201\jre
08 31, 2021 02:09:18 上午 cn.vcaml.vcatomcat.Bootstrap logJVM
INFO : JVM Version:		1.8.0_201-b09
08 31, 2021 02:09:18 上午 cn.vcaml.vcatomcat.Bootstrap logJVM
INFO : JVM Vendor:		Oracle Corporation
08 31, 2021 02:09:58 上午 cn.vcaml.vcatomcat.catalina.Context <init>
INFO : Deploying web application directory E:\project\VcaTomcat\webapps\a
08 31, 2021 02:09:58 上午 cn.vcaml.vcatomcat.catalina.Context <init>
INFO : Deployment of web application directory E:\project\VcaTomcat\webapps\a has finished in 0 ms
08 31, 2021 02:10:00 上午 cn.vcaml.vcatomcat.catalina.Context <init>
INFO : Deploying web application directory E:\project\VcaTomcat\webapps\b
08 31, 2021 02:10:00 上午 cn.vcaml.vcatomcat.catalina.Context <init>
INFO : Deployment of web application directory E:\project\VcaTomcat\webapps\b has finished in 0 ms
08 31, 2021 02:10:03 上午 cn.vcaml.vcatomcat.catalina.Context <init>
INFO : Deploying web application directory E:\project\VcaTomcat\webapps\ROOT
08 31, 2021 02:10:03 上午 cn.vcaml.vcatomcat.catalina.Context <init>
INFO : Deployment of web application directory E:\project\VcaTomcat\webapps\ROOT has finished in 1 ms
08 31, 2021 02:11:44 上午 cn.vcaml.vcatomcat.catalina.Context <init>
INFO : Deploying web application directory e:/project/Vcatomcat/b
08 31, 2021 02:11:44 上午 cn.vcaml.vcatomcat.catalina.Context <init>
INFO : Deployment of web application directory e:/project/Vcatomcat/b has finished in 5 ms
08 31, 2021 02:16:05 上午 cn.vcaml.vcatomcat.Bootstrap logJVM
INFO : Server version:		vcaml vcaTomcat/1.0.1
08 31, 2021 02:16:05 上午 cn.vcaml.vcatomcat.Bootstrap logJVM
INFO : Server built:		2020-04-08 10:20:22
08 31, 2021 02:16:05 上午 cn.vcaml.vcatomcat.Bootstrap logJVM
INFO : Server number:		1.0.1
08 31, 2021 02:16:05 上午 cn.vcaml.vcatomcat.Bootstrap logJVM
INFO : OS Name	:		Windows 10
08 31, 2021 02:16:05 上午 cn.vcaml.vcatomcat.Bootstrap logJVM
INFO : OS Version:		10.0
08 31, 2021 02:16:05 上午 cn.vcaml.vcatomcat.Bootstrap logJVM
INFO : Architecture:		amd64
08 31, 2021 02:16:05 上午 cn.vcaml.vcatomcat.Bootstrap logJVM
INFO : Java Home:		C:\Program Files\Java\jdk1.8.0_201\jre
08 31, 2021 02:16:05 上午 cn.vcaml.vcatomcat.Bootstrap logJVM
INFO : JVM Version:		1.8.0_201-b09
08 31, 2021 02:16:05 上午 cn.vcaml.vcatomcat.Bootstrap logJVM
INFO : JVM Vendor:		Oracle Corporation
08 31, 2021 02:16:05 上午 cn.vcaml.vcatomcat.catalina.Context <init>
INFO : Deploying web application directory E:\project\VcaTomcat\webapps\a
08 31, 2021 02:16:05 上午 cn.vcaml.vcatomcat.catalina.Context <init>
INFO : Deployment of web application directory E:\project\VcaTomcat\webapps\a has finished in 0 ms
08 31, 2021 02:16:05 上午 cn.vcaml.vcatomcat.catalina.Context <init>
INFO : Deploying web application directory E:\project\VcaTomcat\webapps\b
08 31, 2021 02:16:05 上午 cn.vcaml.vcatomcat.catalina.Context <init>
INFO : Deployment of web application directory E:\project\VcaTomcat\webapps\b has finished in 0 ms
08 31, 2021 02:16:05 上午 cn.vcaml.vcatomcat.catalina.Context <init>
INFO : Deploying web application directory E:\project\VcaTomcat\webapps\ROOT
08 31, 2021 02:16:05 上午 cn.vcaml.vcatomcat.catalina.Context <init>
INFO : Deployment of web application directory E:\project\VcaTomcat\webapps\ROOT has finished in 1 ms
08 31, 2021 02:16:05 上午 cn.vcaml.vcatomcat.catalina.Context <init>
INFO : Deploying web application directory e:\project\Vcatomcat\webapps\b
08 31, 2021 02:16:05 上午 cn.vcaml.vcatomcat.catalina.Context <init>
INFO : Deployment of web application directory e:\project\Vcatomcat\webapps\b has finished in 1 ms
08 31, 2021 02:16:29 上午 cn.vcaml.vcatomcat.Bootstrap logJVM
INFO : Server version:		vcaml vcaTomcat/1.0.1
08 31, 2021 02:16:29 上午 cn.vcaml.vcatomcat.Bootstrap logJVM
INFO : Server built:		2020-04-08 10:20:22
08 31, 2021 02:16:29 上午 cn.vcaml.vcatomcat.Bootstrap logJVM
INFO : Server number:		1.0.1
08 31, 2021 02:16:29 上午 cn.vcaml.vcatomcat.Bootstrap logJVM
INFO : OS Name	:		Windows 10
08 31, 2021 02:16:29 上午 cn.vcaml.vcatomcat.Bootstrap logJVM
INFO : OS Version:		10.0
08 31, 2021 02:16:29 上午 cn.vcaml.vcatomcat.Bootstrap logJVM
INFO : Architecture:		amd64
08 31, 2021 02:16:29 上午 cn.vcaml.vcatomcat.Bootstrap logJVM
INFO : Java Home:		C:\Program Files\Java\jdk1.8.0_201\jre
08 31, 2021 02:16:29 上午 cn.vcaml.vcatomcat.Bootstrap logJVM
INFO : JVM Version:		1.8.0_201-b09
08 31, 2021 02:16:29 上午 cn.vcaml.vcatomcat.Bootstrap logJVM
INFO : JVM Vendor:		Oracle Corporation
08 31, 2021 02:16:29 上午 cn.vcaml.vcatomcat.catalina.Context <init>
INFO : Deploying web application directory e:\project\Vcatomcat\webapps\b
08 31, 2021 02:16:29 上午 cn.vcaml.vcatomcat.catalina.Context <init>
INFO : Deployment of web application directory e:\project\Vcatomcat\webapps\b has finished in 0 ms
08 31, 2021 02:19:41 上午 cn.vcaml.vcatomcat.Bootstrap logJVM
INFO : Server version:		vcaml vcaTomcat/1.0.1
08 31, 2021 02:19:41 上午 cn.vcaml.vcatomcat.Bootstrap logJVM
INFO : Server built:		2020-04-08 10:20:22
08 31, 2021 02:19:41 上午 cn.vcaml.vcatomcat.Bootstrap logJVM
INFO : Server number:		1.0.1
08 31, 2021 02:19:41 上午 cn.vcaml.vcatomcat.Bootstrap logJVM
INFO : OS Name	:		Windows 10
08 31, 2021 02:19:41 上午 cn.vcaml.vcatomcat.Bootstrap logJVM
INFO : OS Version:		10.0
08 31, 2021 02:19:41 上午 cn.vcaml.vcatomcat.Bootstrap logJVM
INFO : Architecture:		amd64
08 31, 2021 02:19:41 上午 cn.vcaml.vcatomcat.Bootstrap logJVM
INFO : Java Home:		C:\Program Files\Java\jdk1.8.0_201\jre
08 31, 2021 02:19:41 上午 cn.vcaml.vcatomcat.Bootstrap logJVM
INFO : JVM Version:		1.8.0_201-b09
08 31, 2021 02:19:41 上午 cn.vcaml.vcatomcat.Bootstrap logJVM
INFO : JVM Vendor:		Oracle Corporation
08 31, 2021 02:19:41 上午 cn.vcaml.vcatomcat.catalina.Context <init>
INFO : Deploying web application directory e:\project\Vcatomcat\webapps\b
08 31, 2021 02:19:41 上午 cn.vcaml.vcatomcat.catalina.Context <init>
INFO : Deployment of web application directory e:\project\Vcatomcat\webapps\b has finished in 0 ms
08 31, 2021 02:20:57 上午 cn.vcaml.vcatomcat.Bootstrap logJVM
INFO : Server version:		vcaml vcaTomcat/1.0.1
08 31, 2021 02:20:57 上午 cn.vcaml.vcatomcat.Bootstrap logJVM
INFO : Server built:		2020-04-08 10:20:22
08 31, 2021 02:20:57 上午 cn.vcaml.vcatomcat.Bootstrap logJVM
INFO : Server number:		1.0.1
08 31, 2021 02:20:57 上午 cn.vcaml.vcatomcat.Bootstrap logJVM
INFO : OS Name	:		Windows 10
08 31, 2021 02:20:57 上午 cn.vcaml.vcatomcat.Bootstrap logJVM
INFO : OS Version:		10.0
08 31, 2021 02:20:57 上午 cn.vcaml.vcatomcat.Bootstrap logJVM
INFO : Architecture:		amd64
08 31, 2021 02:20:57 上午 cn.vcaml.vcatomcat.Bootstrap logJVM
INFO : Java Home:		C:\Program Files\Java\jdk1.8.0_201\jre
08 31, 2021 02:20:57 上午 cn.vcaml.vcatomcat.Bootstrap logJVM
INFO : JVM Version:		1.8.0_201-b09
08 31, 2021 02:20:57 上午 cn.vcaml.vcatomcat.Bootstrap logJVM
INFO : JVM Vendor:		Oracle Corporation
08 31, 2021 02:20:57 上午 cn.vcaml.vcatomcat.catalina.Context <init>
INFO : Deploying web application directory e:\project\Vcatomcat\webapps\b
08 31, 2021 02:20:57 上午 cn.vcaml.vcatomcat.catalina.Context <init>
INFO : Deployment of web application directory e:\project\Vcatomcat\webapps\b has finished in 1 ms
08 31, 2021 02:21:13 上午 cn.vcaml.vcatomcat.Bootstrap logJVM
INFO : Server version:		vcaml vcaTomcat/1.0.1
08 31, 2021 02:21:13 上午 cn.vcaml.vcatomcat.Bootstrap logJVM
INFO : Server built:		2020-04-08 10:20:22
08 31, 2021 02:21:13 上午 cn.vcaml.vcatomcat.Bootstrap logJVM
INFO : Server number:		1.0.1
08 31, 2021 02:21:13 上午 cn.vcaml.vcatomcat.Bootstrap logJVM
INFO : OS Name	:		Windows 10
08 31, 2021 02:21:13 上午 cn.vcaml.vcatomcat.Bootstrap logJVM
INFO : OS Version:		10.0
08 31, 2021 02:21:13 上午 cn.vcaml.vcatomcat.Bootstrap logJVM
INFO : Architecture:		amd64
08 31, 2021 02:21:13 上午 cn.vcaml.vcatomcat.Bootstrap logJVM
INFO : Java Home:		C:\Program Files\Java\jdk1.8.0_201\jre
08 31, 2021 02:21:13 上午 cn.vcaml.vcatomcat.Bootstrap logJVM
INFO : JVM Version:		1.8.0_201-b09
08 31, 2021 02:21:13 上午 cn.vcaml.vcatomcat.Bootstrap logJVM
INFO : JVM Vendor:		Oracle Corporation
08 31, 2021 02:21:13 上午 cn.vcaml.vcatomcat.catalina.Context <init>
INFO : Deploying web application directory e:\project\Vcatomcat\webapps\b
08 31, 2021 02:21:13 上午 cn.vcaml.vcatomcat.catalina.Context <init>
INFO : Deployment of web application directory e:\project\Vcatomcat\webapps\b has finished in 0 ms
08 31, 2021 02:27:04 上午 cn.vcaml.vcatomcat.Bootstrap logJVM
INFO : Server version:		vcaml vcaTomcat/1.0.1
08 31, 2021 02:27:04 上午 cn.vcaml.vcatomcat.Bootstrap logJVM
INFO : Server built:		2020-04-08 10:20:22
08 31, 2021 02:27:04 上午 cn.vcaml.vcatomcat.Bootstrap logJVM
INFO : Server number:		1.0.1
08 31, 2021 02:27:04 上午 cn.vcaml.vcatomcat.Bootstrap logJVM
INFO : OS Name	:		Windows 10
08 31, 2021 02:27:04 上午 cn.vcaml.vcatomcat.Bootstrap logJVM
INFO : OS Version:		10.0
08 31, 2021 02:27:04 上午 cn.vcaml.vcatomcat.Bootstrap logJVM
INFO : Architecture:		amd64
08 31, 2021 02:27:04 上午 cn.vcaml.vcatomcat.Bootstrap logJVM
INFO : Java Home:		C:\Program Files\Java\jdk1.8.0_201\jre
08 31, 2021 02:27:04 上午 cn.vcaml.vcatomcat.Bootstrap logJVM
INFO : JVM Version:		1.8.0_201-b09
08 31, 2021 02:27:04 上午 cn.vcaml.vcatomcat.Bootstrap logJVM
INFO : JVM Vendor:		Oracle Corporation
08 31, 2021 02:27:04 上午 cn.vcaml.vcatomcat.catalina.Context <init>
INFO : Deploying web application directory E:\project\VcaTomcat\webapps\a
08 31, 2021 02:27:04 上午 cn.vcaml.vcatomcat.catalina.Context <init>
INFO : Deployment of web application directory E:\project\VcaTomcat\webapps\a has finished in 0 ms
08 31, 2021 02:27:04 上午 cn.vcaml.vcatomcat.catalina.Context <init>
INFO : Deploying web application directory E:\project\VcaTomcat\webapps\b
08 31, 2021 02:27:04 上午 cn.vcaml.vcatomcat.catalina.Context <init>
INFO : Deployment of web application directory E:\project\VcaTomcat\webapps\b has finished in 1 ms
08 31, 2021 02:27:04 上午 cn.vcaml.vcatomcat.catalina.Context <init>
INFO : Deploying web application directory E:\project\VcaTomcat\webapps\ROOT
08 31, 2021 02:27:04 上午 cn.vcaml.vcatomcat.catalina.Context <init>
INFO : Deployment of web application directory E:\project\VcaTomcat\webapps\ROOT has finished in 0 ms
08 31, 2021 02:27:04 上午 cn.vcaml.vcatomcat.catalina.Context <init>
INFO : Deploying web application directory e:\project\Vcatomcat\webapps\b
08 31, 2021 02:27:04 上午 cn.vcaml.vcatomcat.catalina.Context <init>
INFO : Deployment of web application directory e:\project\Vcatomcat\webapps\b has finished in 2 ms
08 31, 2021 02:27:17 上午 cn.vcaml.vcatomcat.Bootstrap logJVM
INFO : Server version:		vcaml vcaTomcat/1.0.1
08 31, 2021 02:27:17 上午 cn.vcaml.vcatomcat.Bootstrap logJVM
INFO : Server built:		2020-04-08 10:20:22
08 31, 2021 02:27:17 上午 cn.vcaml.vcatomcat.Bootstrap logJVM
INFO : Server number:		1.0.1
08 31, 2021 02:27:17 上午 cn.vcaml.vcatomcat.Bootstrap logJVM
INFO : OS Name	:		Windows 10
08 31, 2021 02:27:17 上午 cn.vcaml.vcatomcat.Bootstrap logJVM
INFO : OS Version:		10.0
08 31, 2021 02:27:17 上午 cn.vcaml.vcatomcat.Bootstrap logJVM
INFO : Architecture:		amd64
08 31, 2021 02:27:17 上午 cn.vcaml.vcatomcat.Bootstrap logJVM
INFO : Java Home:		C:\Program Files\Java\jdk1.8.0_201\jre
08 31, 2021 02:27:17 上午 cn.vcaml.vcatomcat.Bootstrap logJVM
INFO : JVM Version:		1.8.0_201-b09
08 31, 2021 02:27:17 上午 cn.vcaml.vcatomcat.Bootstrap logJVM
INFO : JVM Vendor:		Oracle Corporation
08 31, 2021 02:27:17 上午 cn.vcaml.vcatomcat.catalina.Context <init>
INFO : Deploying web application directory E:\project\VcaTomcat\webapps\a
08 31, 2021 02:27:17 上午 cn.vcaml.vcatomcat.catalina.Context <init>
INFO : Deployment of web application directory E:\project\VcaTomcat\webapps\a has finished in 1 ms
08 31, 2021 02:27:17 上午 cn.vcaml.vcatomcat.catalina.Context <init>
INFO : Deploying web application directory E:\project\VcaTomcat\webapps\b
08 31, 2021 02:27:17 上午 cn.vcaml.vcatomcat.catalina.Context <init>
INFO : Deployment of web application directory E:\project\VcaTomcat\webapps\b has finished in 0 ms
08 31, 2021 02:27:17 上午 cn.vcaml.vcatomcat.catalina.Context <init>
INFO : Deploying web application directory E:\project\VcaTomcat\webapps\ROOT
08 31, 2021 02:27:17 上午 cn.vcaml.vcatomcat.catalina.Context <init>
INFO : Deployment of web application directory E:\project\VcaTomcat\webapps\ROOT has finished in 1 ms
08 31, 2021 02:27:17 上午 cn.vcaml.vcatomcat.catalina.Context <init>
INFO : Deploying web application directory e:\project\Vcatomcat\webapps\b
08 31, 2021 02:27:17 上午 cn.vcaml.vcatomcat.catalina.Context <init>
INFO : Deployment of web application directory e:\project\Vcatomcat\webapps\b has finished in 1 ms
08 31, 2021 02:27:43 上午 cn.vcaml.vcatomcat.Bootstrap logJVM
INFO : Server version:		vcaml vcaTomcat/1.0.1
08 31, 2021 02:27:43 上午 cn.vcaml.vcatomcat.Bootstrap logJVM
INFO : Server built:		2020-04-08 10:20:22
08 31, 2021 02:27:43 上午 cn.vcaml.vcatomcat.Bootstrap logJVM
INFO : Server number:		1.0.1
08 31, 2021 02:27:43 上午 cn.vcaml.vcatomcat.Bootstrap logJVM
INFO : OS Name	:		Windows 10
08 31, 2021 02:27:43 上午 cn.vcaml.vcatomcat.Bootstrap logJVM
INFO : OS Version:		10.0
08 31, 2021 02:27:43 上午 cn.vcaml.vcatomcat.Bootstrap logJVM
INFO : Architecture:		amd64
08 31, 2021 02:27:43 上午 cn.vcaml.vcatomcat.Bootstrap logJVM
INFO : Java Home:		C:\Program Files\Java\jdk1.8.0_201\jre
08 31, 2021 02:27:43 上午 cn.vcaml.vcatomcat.Bootstrap logJVM
INFO : JVM Version:		1.8.0_201-b09
08 31, 2021 02:27:43 上午 cn.vcaml.vcatomcat.Bootstrap logJVM
INFO : JVM Vendor:		Oracle Corporation
08 31, 2021 02:27:43 上午 cn.vcaml.vcatomcat.catalina.Context <init>
INFO : Deploying web application directory E:\project\VcaTomcat\webapps\a
08 31, 2021 02:27:43 上午 cn.vcaml.vcatomcat.catalina.Context <init>
INFO : Deployment of web application directory E:\project\VcaTomcat\webapps\a has finished in 0 ms
08 31, 2021 02:27:43 上午 cn.vcaml.vcatomcat.catalina.Context <init>
INFO : Deploying web application directory E:\project\VcaTomcat\webapps\b
08 31, 2021 02:27:43 上午 cn.vcaml.vcatomcat.catalina.Context <init>
INFO : Deployment of web application directory E:\project\VcaTomcat\webapps\b has finished in 0 ms
08 31, 2021 02:27:43 上午 cn.vcaml.vcatomcat.catalina.Context <init>
INFO : Deploying web application directory E:\project\VcaTomcat\webapps\ROOT
08 31, 2021 02:27:43 上午 cn.vcaml.vcatomcat.catalina.Context <init>
INFO : Deployment of web application directory E:\project\VcaTomcat\webapps\ROOT has finished in 1 ms
08 31, 2021 02:28:22 上午 cn.vcaml.vcatomcat.Bootstrap logJVM
INFO : Server version:		vcaml vcaTomcat/1.0.1
08 31, 2021 02:28:22 上午 cn.vcaml.vcatomcat.Bootstrap logJVM
INFO : Server built:		2020-04-08 10:20:22
08 31, 2021 02:28:22 上午 cn.vcaml.vcatomcat.Bootstrap logJVM
INFO : Server number:		1.0.1
08 31, 2021 02:28:22 上午 cn.vcaml.vcatomcat.Bootstrap logJVM
INFO : OS Name	:		Windows 10
08 31, 2021 02:28:22 上午 cn.vcaml.vcatomcat.Bootstrap logJVM
INFO : OS Version:		10.0
08 31, 2021 02:28:22 上午 cn.vcaml.vcatomcat.Bootstrap logJVM
INFO : Architecture:		amd64
08 31, 2021 02:28:22 上午 cn.vcaml.vcatomcat.Bootstrap logJVM
INFO : Java Home:		C:\Program Files\Java\jdk1.8.0_201\jre
08 31, 2021 02:28:22 上午 cn.vcaml.vcatomcat.Bootstrap logJVM
INFO : JVM Version:		1.8.0_201-b09
08 31, 2021 02:28:22 上午 cn.vcaml.vcatomcat.Bootstrap logJVM
INFO : JVM Vendor:		Oracle Corporation
08 31, 2021 02:28:22 上午 cn.vcaml.vcatomcat.catalina.Context <init>
INFO : Deploying web application directory e:\project\Vcatomcat\webapps\b
08 31, 2021 02:28:22 上午 cn.vcaml.vcatomcat.catalina.Context <init>
INFO : Deployment of web application directory e:\project\Vcatomcat\webapps\b has finished in 1 ms
08 31, 2021 02:29:29 上午 cn.vcaml.vcatomcat.Bootstrap logJVM
INFO : Server version:		vcaml vcaTomcat/1.0.1
08 31, 2021 02:29:29 上午 cn.vcaml.vcatomcat.Bootstrap logJVM
INFO : Server built:		2020-04-08 10:20:22
08 31, 2021 02:29:29 上午 cn.vcaml.vcatomcat.Bootstrap logJVM
INFO : Server number:		1.0.1
08 31, 2021 02:29:29 上午 cn.vcaml.vcatomcat.Bootstrap logJVM
INFO : OS Name	:		Windows 10
08 31, 2021 02:29:29 上午 cn.vcaml.vcatomcat.Bootstrap logJVM
INFO : OS Version:		10.0
08 31, 2021 02:29:29 上午 cn.vcaml.vcatomcat.Bootstrap logJVM
INFO : Architecture:		amd64
08 31, 2021 02:29:29 上午 cn.vcaml.vcatomcat.Bootstrap logJVM
INFO : Java Home:		C:\Program Files\Java\jdk1.8.0_201\jre
08 31, 2021 02:29:29 上午 cn.vcaml.vcatomcat.Bootstrap logJVM
INFO : JVM Version:		1.8.0_201-b09
08 31, 2021 02:29:29 上午 cn.vcaml.vcatomcat.Bootstrap logJVM
INFO : JVM Vendor:		Oracle Corporation
08 31, 2021 02:31:30 上午 cn.vcaml.vcatomcat.catalina.Context <init>
INFO : Deploying web application directory e:\project\Vcatomcat\webapps\b
08 31, 2021 02:31:30 上午 cn.vcaml.vcatomcat.catalina.Context <init>
INFO : Deployment of web application directory e:\project\Vcatomcat\webapps\b has finished in 0 ms
08 31, 2021 02:31:56 上午 cn.vcaml.vcatomcat.Bootstrap logJVM
INFO : Server version:		vcaml vcaTomcat/1.0.1
08 31, 2021 02:31:56 上午 cn.vcaml.vcatomcat.Bootstrap logJVM
INFO : Server built:		2020-04-08 10:20:22
08 31, 2021 02:31:56 上午 cn.vcaml.vcatomcat.Bootstrap logJVM
INFO : Server number:		1.0.1
08 31, 2021 02:31:56 上午 cn.vcaml.vcatomcat.Bootstrap logJVM
INFO : OS Name	:		Windows 10
08 31, 2021 02:31:56 上午 cn.vcaml.vcatomcat.Bootstrap logJVM
INFO : OS Version:		10.0
08 31, 2021 02:31:56 上午 cn.vcaml.vcatomcat.Bootstrap logJVM
INFO : Architecture:		amd64
08 31, 2021 02:31:56 上午 cn.vcaml.vcatomcat.Bootstrap logJVM
INFO : Java Home:		C:\Program Files\Java\jdk1.8.0_201\jre
08 31, 2021 02:31:56 上午 cn.vcaml.vcatomcat.Bootstrap logJVM
INFO : JVM Version:		1.8.0_201-b09
08 31, 2021 02:31:56 上午 cn.vcaml.vcatomcat.Bootstrap logJVM
INFO : JVM Vendor:		Oracle Corporation
08 31, 2021 02:31:57 上午 cn.vcaml.vcatomcat.catalina.Context <init>
INFO : Deploying web application directory e:\project\Vcatomcat\webapps\b
08 31, 2021 02:31:57 上午 cn.vcaml.vcatomcat.catalina.Context <init>
INFO : Deployment of web application directory e:\project\Vcatomcat\webapps\b has finished in 1 ms
08 31, 2021 02:39:11 上午 cn.vcaml.vcatomcat.Bootstrap logJVM
INFO : Server version:		vcaml vcaTomcat/1.0.1
08 31, 2021 02:39:11 上午 cn.vcaml.vcatomcat.Bootstrap logJVM
INFO : Server built:		2020-04-08 10:20:22
08 31, 2021 02:39:11 上午 cn.vcaml.vcatomcat.Bootstrap logJVM
INFO : Server number:		1.0.1
08 31, 2021 02:39:11 上午 cn.vcaml.vcatomcat.Bootstrap logJVM
INFO : OS Name	:		Windows 10
08 31, 2021 02:39:11 上午 cn.vcaml.vcatomcat.Bootstrap logJVM
INFO : OS Version:		10.0
08 31, 2021 02:39:11 上午 cn.vcaml.vcatomcat.Bootstrap logJVM
INFO : Architecture:		amd64
08 31, 2021 02:39:11 上午 cn.vcaml.vcatomcat.Bootstrap logJVM
INFO : Java Home:		C:\Program Files\Java\jdk1.8.0_201\jre
08 31, 2021 02:39:11 上午 cn.vcaml.vcatomcat.Bootstrap logJVM
INFO : JVM Version:		1.8.0_201-b09
08 31, 2021 02:39:11 上午 cn.vcaml.vcatomcat.Bootstrap logJVM
INFO : JVM Vendor:		Oracle Corporation
08 31, 2021 02:39:12 上午 cn.vcaml.vcatomcat.catalina.Context <init>
INFO : Deploying web application directory e:\project\Vcatomcat\webapps\b
08 31, 2021 02:39:12 上午 cn.vcaml.vcatomcat.catalina.Context <init>
INFO : Deployment of web application directory e:\project\Vcatomcat\webapps\b has finished in 1 ms
08 31, 2021 02:39:12 上午 cn.vcaml.vcatomcat.catalina.Context <init>
INFO : Deploying web application directory e:\project\Vcatomcat\webapps\a
08 31, 2021 02:39:12 上午 cn.vcaml.vcatomcat.catalina.Context <init>
INFO : Deployment of web application directory e:\project\Vcatomcat\webapps\a has finished in 0 ms
08 31, 2021 02:54:43 上午 cn.vcaml.vcatomcat.Bootstrap logJVM
INFO : Server version:		vcaml vcaTomcat/1.0.1
08 31, 2021 02:54:43 上午 cn.vcaml.vcatomcat.Bootstrap logJVM
INFO : Server built:		2020-04-08 10:20:22
08 31, 2021 02:54:43 上午 cn.vcaml.vcatomcat.Bootstrap logJVM
INFO : Server number:		1.0.1
08 31, 2021 02:54:43 上午 cn.vcaml.vcatomcat.Bootstrap logJVM
INFO : OS Name	:		Windows 10
08 31, 2021 02:54:43 上午 cn.vcaml.vcatomcat.Bootstrap logJVM
INFO : OS Version:		10.0
08 31, 2021 02:54:43 上午 cn.vcaml.vcatomcat.Bootstrap logJVM
INFO : Architecture:		amd64
08 31, 2021 02:54:43 上午 cn.vcaml.vcatomcat.Bootstrap logJVM
INFO : Java Home:		C:\Program Files\Java\jdk1.8.0_201\jre
08 31, 2021 02:54:43 上午 cn.vcaml.vcatomcat.Bootstrap logJVM
INFO : JVM Version:		1.8.0_201-b09
08 31, 2021 02:54:43 上午 cn.vcaml.vcatomcat.Bootstrap logJVM
INFO : JVM Vendor:		Oracle Corporation
08 31, 2021 02:54:59 上午 cn.vcaml.vcatomcat.catalina.Context <init>
INFO : Deploying web application directory e:\project\Vcatomcat\webapps\b
08 31, 2021 02:54:59 上午 cn.vcaml.vcatomcat.catalina.Context <init>
INFO : Deploying web application directory e:\project\Vcatomcat\webapps\b
08 31, 2021 02:54:59 上午 cn.vcaml.vcatomcat.catalina.Context <init>
INFO : Deployment of web application directory e:\project\Vcatomcat\webapps\b has finished in 1 ms
08 31, 2021 02:54:59 上午 cn.vcaml.vcatomcat.catalina.Context <init>
INFO : Deployment of web application directory e:\project\Vcatomcat\webapps\b has finished in 0 ms
08 31, 2021 02:54:59 上午 cn.vcaml.vcatomcat.catalina.Context <init>
INFO : Deploying web application directory e:\project\Vcatomcat\webapps\a
08 31, 2021 02:54:59 上午 cn.vcaml.vcatomcat.catalina.Context <init>
INFO : Deploying web application directory e:\project\Vcatomcat\webapps\a
08 31, 2021 02:54:59 上午 cn.vcaml.vcatomcat.catalina.Context <init>
INFO : Deployment of web application directory e:\project\Vcatomcat\webapps\a has finished in 1 ms
08 31, 2021 02:54:59 上午 cn.vcaml.vcatomcat.catalina.Context <init>
INFO : Deployment of web application directory e:\project\Vcatomcat\webapps\a has finished in 0 ms
08 31, 2021 02:58:30 上午 cn.vcaml.vcatomcat.Bootstrap logJVM
INFO : Server version:		vcaml vcaTomcat/1.0.1
08 31, 2021 02:58:30 上午 cn.vcaml.vcatomcat.Bootstrap logJVM
INFO : Server built:		2020-04-08 10:20:22
08 31, 2021 02:58:30 上午 cn.vcaml.vcatomcat.Bootstrap logJVM
INFO : Server number:		1.0.1
08 31, 2021 02:58:30 上午 cn.vcaml.vcatomcat.Bootstrap logJVM
INFO : OS Name	:		Windows 10
08 31, 2021 02:58:30 上午 cn.vcaml.vcatomcat.Bootstrap logJVM
INFO : OS Version:		10.0
08 31, 2021 02:58:30 上午 cn.vcaml.vcatomcat.Bootstrap logJVM
INFO : Architecture:		amd64
08 31, 2021 02:58:31 上午 cn.vcaml.vcatomcat.Bootstrap logJVM
INFO : Java Home:		C:\Program Files\Java\jdk1.8.0_201\jre
08 31, 2021 02:58:31 上午 cn.vcaml.vcatomcat.Bootstrap logJVM
INFO : JVM Version:		1.8.0_201-b09
08 31, 2021 02:58:31 上午 cn.vcaml.vcatomcat.Bootstrap logJVM
INFO : JVM Vendor:		Oracle Corporation
08 31, 2021 02:58:31 上午 cn.vcaml.vcatomcat.catalina.Context <init>
INFO : Deploying web application directory e:\project\Vcatomcat\webapps\b
08 31, 2021 02:58:31 上午 cn.vcaml.vcatomcat.catalina.Context <init>
INFO : Deployment of web application directory e:\project\Vcatomcat\webapps\b has finished in 0 ms
08 31, 2021 02:58:31 上午 cn.vcaml.vcatomcat.catalina.Context <init>
INFO : Deploying web application directory e:\project\Vcatomcat\webapps\a
08 31, 2021 02:58:31 上午 cn.vcaml.vcatomcat.catalina.Context <init>
INFO : Deployment of web application directory e:\project\Vcatomcat\webapps\a has finished in 0 ms
08 31, 2021 03:01:37 上午 cn.vcaml.vcatomcat.Bootstrap logJVM
INFO : Server version:		vcaml vcaTomcat/1.0.1
08 31, 2021 03:01:37 上午 cn.vcaml.vcatomcat.Bootstrap logJVM
INFO : Server built:		2020-04-08 10:20:22
08 31, 2021 03:01:37 上午 cn.vcaml.vcatomcat.Bootstrap logJVM
INFO : Server number:		1.0.1
08 31, 2021 03:01:37 上午 cn.vcaml.vcatomcat.Bootstrap logJVM
INFO : OS Name	:		Windows 10
08 31, 2021 03:01:37 上午 cn.vcaml.vcatomcat.Bootstrap logJVM
INFO : OS Version:		10.0
08 31, 2021 03:01:37 上午 cn.vcaml.vcatomcat.Bootstrap logJVM
INFO : Architecture:		amd64
08 31, 2021 03:01:37 上午 cn.vcaml.vcatomcat.Bootstrap logJVM
INFO : Java Home:		C:\Program Files\Java\jdk1.8.0_201\jre
08 31, 2021 03:01:37 上午 cn.vcaml.vcatomcat.Bootstrap logJVM
INFO : JVM Version:		1.8.0_201-b09
08 31, 2021 03:01:37 上午 cn.vcaml.vcatomcat.Bootstrap logJVM
INFO : JVM Vendor:		Oracle Corporation
08 31, 2021 03:01:37 上午 cn.vcaml.vcatomcat.catalina.Context <init>
INFO : Deploying web application directory e:\project\Vcatomcat\webapps\b
08 31, 2021 03:01:37 上午 cn.vcaml.vcatomcat.catalina.Context <init>
INFO : Deployment of web application directory e:\project\Vcatomcat\webapps\b has finished in 0 ms
08 31, 2021 03:01:37 上午 cn.vcaml.vcatomcat.catalina.Context <init>
INFO : Deploying web application directory e:\project\Vcatomcat\webapps\a
08 31, 2021 03:01:37 上午 cn.vcaml.vcatomcat.catalina.Context <init>
INFO : Deployment of web application directory e:\project\Vcatomcat\webapps\a has finished in 1 ms
08 31, 2021 03:01:47 上午 cn.vcaml.vcatomcat.Bootstrap logJVM
INFO : Server version:		vcaml vcaTomcat/1.0.1
08 31, 2021 03:01:47 上午 cn.vcaml.vcatomcat.Bootstrap logJVM
INFO : Server built:		2020-04-08 10:20:22
08 31, 2021 03:01:47 上午 cn.vcaml.vcatomcat.Bootstrap logJVM
INFO : Server number:		1.0.1
08 31, 2021 03:01:47 上午 cn.vcaml.vcatomcat.Bootstrap logJVM
INFO : OS Name	:		Windows 10
08 31, 2021 03:01:47 上午 cn.vcaml.vcatomcat.Bootstrap logJVM
INFO : OS Version:		10.0
08 31, 2021 03:01:47 上午 cn.vcaml.vcatomcat.Bootstrap logJVM
INFO : Architecture:		amd64
08 31, 2021 03:01:47 上午 cn.vcaml.vcatomcat.Bootstrap logJVM
INFO : Java Home:		C:\Program Files\Java\jdk1.8.0_201\jre
08 31, 2021 03:01:47 上午 cn.vcaml.vcatomcat.Bootstrap logJVM
INFO : JVM Version:		1.8.0_201-b09
08 31, 2021 03:01:47 上午 cn.vcaml.vcatomcat.Bootstrap logJVM
INFO : JVM Vendor:		Oracle Corporation
08 31, 2021 03:01:47 上午 cn.vcaml.vcatomcat.catalina.Context <init>
INFO : Deploying web application directory e:\project\Vcatomcat\webapps\b
08 31, 2021 03:01:47 上午 cn.vcaml.vcatomcat.catalina.Context <init>
INFO : Deployment of web application directory e:\project\Vcatomcat\webapps\b has finished in 0 ms
08 31, 2021 03:01:47 上午 cn.vcaml.vcatomcat.catalina.Context <init>
INFO : Deploying web application directory e:\project\Vcatomcat\webapps\a
08 31, 2021 03:01:47 上午 cn.vcaml.vcatomcat.catalina.Context <init>
INFO : Deployment of web application directory e:\project\Vcatomcat\webapps\a has finished in 1 ms
08 31, 2021 03:02:17 上午 cn.vcaml.vcatomcat.Bootstrap logJVM
INFO : Server version:		vcaml vcaTomcat/1.0.1
08 31, 2021 03:02:17 上午 cn.vcaml.vcatomcat.Bootstrap logJVM
INFO : Server built:		2020-04-08 10:20:22
08 31, 2021 03:02:17 上午 cn.vcaml.vcatomcat.Bootstrap logJVM
INFO : Server number:		1.0.1
08 31, 2021 03:02:17 上午 cn.vcaml.vcatomcat.Bootstrap logJVM
INFO : OS Name	:		Windows 10
08 31, 2021 03:02:17 上午 cn.vcaml.vcatomcat.Bootstrap logJVM
INFO : OS Version:		10.0
08 31, 2021 03:02:17 上午 cn.vcaml.vcatomcat.Bootstrap logJVM
INFO : Architecture:		amd64
08 31, 2021 03:02:17 上午 cn.vcaml.vcatomcat.Bootstrap logJVM
INFO : Java Home:		C:\Program Files\Java\jdk1.8.0_201\jre
08 31, 2021 03:02:17 上午 cn.vcaml.vcatomcat.Bootstrap logJVM
INFO : JVM Version:		1.8.0_201-b09
08 31, 2021 03:02:17 上午 cn.vcaml.vcatomcat.Bootstrap logJVM
INFO : JVM Vendor:		Oracle Corporation
08 31, 2021 03:02:17 上午 cn.vcaml.vcatomcat.catalina.Context <init>
INFO : Deploying web application directory E:\project\VcaTomcat\webapps\a
08 31, 2021 03:02:17 上午 cn.vcaml.vcatomcat.catalina.Context <init>
INFO : Deployment of web application directory E:\project\VcaTomcat\webapps\a has finished in 0 ms
08 31, 2021 03:02:17 上午 cn.vcaml.vcatomcat.catalina.Context <init>
INFO : Deploying web application directory E:\project\VcaTomcat\webapps\b
08 31, 2021 03:02:17 上午 cn.vcaml.vcatomcat.catalina.Context <init>
INFO : Deployment of web application directory E:\project\VcaTomcat\webapps\b has finished in 1 ms
08 31, 2021 03:02:17 上午 cn.vcaml.vcatomcat.catalina.Context <init>
INFO : Deploying web application directory E:\project\VcaTomcat\webapps\ROOT
08 31, 2021 03:02:17 上午 cn.vcaml.vcatomcat.catalina.Context <init>
INFO : Deployment of web application directory E:\project\VcaTomcat\webapps\ROOT has finished in 0 ms
08 31, 2021 03:04:39 上午 cn.vcaml.vcatomcat.Bootstrap logJVM
INFO : Server version:		vcaml vcaTomcat/1.0.1
08 31, 2021 03:04:39 上午 cn.vcaml.vcatomcat.Bootstrap logJVM
INFO : Server built:		2020-04-08 10:20:22
08 31, 2021 03:04:39 上午 cn.vcaml.vcatomcat.Bootstrap logJVM
INFO : Server number:		1.0.1
08 31, 2021 03:04:39 上午 cn.vcaml.vcatomcat.Bootstrap logJVM
INFO : OS Name	:		Windows 10
08 31, 2021 03:04:39 上午 cn.vcaml.vcatomcat.Bootstrap logJVM
INFO : OS Version:		10.0
08 31, 2021 03:04:39 上午 cn.vcaml.vcatomcat.Bootstrap logJVM
INFO : Architecture:		amd64
08 31, 2021 03:04:39 上午 cn.vcaml.vcatomcat.Bootstrap logJVM
INFO : Java Home:		C:\Program Files\Java\jdk1.8.0_201\jre
08 31, 2021 03:04:39 上午 cn.vcaml.vcatomcat.Bootstrap logJVM
INFO : JVM Version:		1.8.0_201-b09
08 31, 2021 03:04:39 上午 cn.vcaml.vcatomcat.Bootstrap logJVM
INFO : JVM Vendor:		Oracle Corporation
08 31, 2021 03:04:39 上午 cn.vcaml.vcatomcat.catalina.Context <init>
INFO : Deploying web application directory e:\project\Vcatomcat\webapps\b
08 31, 2021 03:04:39 上午 cn.vcaml.vcatomcat.catalina.Context <init>
INFO : Deployment of web application directory e:\project\Vcatomcat\webapps\b has finished in 0 ms
08 31, 2021 03:04:39 上午 cn.vcaml.vcatomcat.catalina.Context <init>
INFO : Deploying web application directory e:\project\Vcatomcat\webapps\a
08 31, 2021 03:04:39 上午 cn.vcaml.vcatomcat.catalina.Context <init>
INFO : Deployment of web application directory e:\project\Vcatomcat\webapps\a has finished in 0 ms
08 31, 2021 03:15:26 上午 cn.vcaml.vcatomcat.Bootstrap logJVM
INFO : Server version:		vcaml vcaTomcat/1.0.1
08 31, 2021 03:15:26 上午 cn.vcaml.vcatomcat.Bootstrap logJVM
INFO : Server built:		2020-04-08 10:20:22
08 31, 2021 03:15:26 上午 cn.vcaml.vcatomcat.Bootstrap logJVM
INFO : Server number:		1.0.1
08 31, 2021 03:15:26 上午 cn.vcaml.vcatomcat.Bootstrap logJVM
INFO : OS Name	:		Windows 10
08 31, 2021 03:15:26 上午 cn.vcaml.vcatomcat.Bootstrap logJVM
INFO : OS Version:		10.0
08 31, 2021 03:15:26 上午 cn.vcaml.vcatomcat.Bootstrap logJVM
INFO : Architecture:		amd64
08 31, 2021 03:15:26 上午 cn.vcaml.vcatomcat.Bootstrap logJVM
INFO : Java Home:		C:\Program Files\Java\jdk1.8.0_201\jre
08 31, 2021 03:15:26 上午 cn.vcaml.vcatomcat.Bootstrap logJVM
INFO : JVM Version:		1.8.0_201-b09
08 31, 2021 03:15:26 上午 cn.vcaml.vcatomcat.Bootstrap logJVM
INFO : JVM Vendor:		Oracle Corporation
08 31, 2021 03:15:26 上午 cn.vcaml.vcatomcat.catalina.Context <init>
INFO : Deploying web application directory e:\project\Vcatomcat\webapps\b
08 31, 2021 03:15:26 上午 cn.vcaml.vcatomcat.catalina.Context <init>
INFO : Deployment of web application directory e:\project\Vcatomcat\webapps\b has finished in 0 ms
08 31, 2021 03:15:26 上午 cn.vcaml.vcatomcat.catalina.Context <init>
INFO : Deploying web application directory e:\project\Vcatomcat\webapps\a
08 31, 2021 03:15:26 上午 cn.vcaml.vcatomcat.catalina.Context <init>
INFO : Deployment of web application directory e:\project\Vcatomcat\webapps\a has finished in 1 ms
08 31, 2021 03:23:42 上午 cn.vcaml.vcatomcat.Bootstrap logJVM
INFO : Server version:		vcaml vcaTomcat/1.0.1
08 31, 2021 03:23:42 上午 cn.vcaml.vcatomcat.Bootstrap logJVM
INFO : Server built:		2020-04-08 10:20:22
08 31, 2021 03:23:42 上午 cn.vcaml.vcatomcat.Bootstrap logJVM
INFO : Server number:		1.0.1
08 31, 2021 03:23:42 上午 cn.vcaml.vcatomcat.Bootstrap logJVM
INFO : OS Name	:		Windows 10
08 31, 2021 03:23:42 上午 cn.vcaml.vcatomcat.Bootstrap logJVM
INFO : OS Version:		10.0
08 31, 2021 03:23:42 上午 cn.vcaml.vcatomcat.Bootstrap logJVM
INFO : Architecture:		amd64
08 31, 2021 03:23:42 上午 cn.vcaml.vcatomcat.Bootstrap logJVM
INFO : Java Home:		C:\Program Files\Java\jdk1.8.0_201\jre
08 31, 2021 03:23:42 上午 cn.vcaml.vcatomcat.Bootstrap logJVM
INFO : JVM Version:		1.8.0_201-b09
08 31, 2021 03:23:42 上午 cn.vcaml.vcatomcat.Bootstrap logJVM
INFO : JVM Vendor:		Oracle Corporation
08 31, 2021 03:23:42 上午 cn.vcaml.vcatomcat.catalina.Context <init>
INFO : Deploying web application directory e:\project\Vcatomcat\webapps\b
08 31, 2021 03:23:42 上午 cn.vcaml.vcatomcat.catalina.Context <init>
INFO : Deployment of web application directory e:\project\Vcatomcat\webapps\b has finished in 0 ms
08 31, 2021 03:23:42 上午 cn.vcaml.vcatomcat.catalina.Context <init>
INFO : Deploying web application directory e:\project\Vcatomcat\webapps\a
08 31, 2021 03:23:42 上午 cn.vcaml.vcatomcat.catalina.Context <init>
INFO : Deployment of web application directory e:\project\Vcatomcat\webapps\a has finished in 0 ms
08 31, 2021 03:24:24 上午 cn.vcaml.vcatomcat.Bootstrap logJVM
INFO : Server version:		vcaml vcaTomcat/1.0.1
08 31, 2021 03:24:24 上午 cn.vcaml.vcatomcat.Bootstrap logJVM
INFO : Server built:		2020-04-08 10:20:22
08 31, 2021 03:24:24 上午 cn.vcaml.vcatomcat.Bootstrap logJVM
INFO : Server number:		1.0.1
08 31, 2021 03:24:24 上午 cn.vcaml.vcatomcat.Bootstrap logJVM
INFO : OS Name	:		Windows 10
08 31, 2021 03:24:24 上午 cn.vcaml.vcatomcat.Bootstrap logJVM
INFO : OS Version:		10.0
08 31, 2021 03:24:24 上午 cn.vcaml.vcatomcat.Bootstrap logJVM
INFO : Architecture:		amd64
08 31, 2021 03:24:24 上午 cn.vcaml.vcatomcat.Bootstrap logJVM
INFO : Java Home:		C:\Program Files\Java\jdk1.8.0_201\jre
08 31, 2021 03:24:24 上午 cn.vcaml.vcatomcat.Bootstrap logJVM
INFO : JVM Version:		1.8.0_201-b09
08 31, 2021 03:24:24 上午 cn.vcaml.vcatomcat.Bootstrap logJVM
INFO : JVM Vendor:		Oracle Corporation
08 31, 2021 03:24:24 上午 cn.vcaml.vcatomcat.catalina.Context <init>
INFO : Deploying web application directory e:\project\Vcatomcat\webapps\b
08 31, 2021 03:24:24 上午 cn.vcaml.vcatomcat.catalina.Context <init>
INFO : Deployment of web application directory e:\project\Vcatomcat\webapps\b has finished in 0 ms
08 31, 2021 03:24:24 上午 cn.vcaml.vcatomcat.catalina.Context <init>
INFO : Deploying web application directory e:\project\Vcatomcat\webapps\a
08 31, 2021 03:24:24 上午 cn.vcaml.vcatomcat.catalina.Context <init>
INFO : Deployment of web application directory e:\project\Vcatomcat\webapps\a has finished in 0 ms
08 31, 2021 03:26:04 上午 cn.vcaml.vcatomcat.Bootstrap logJVM
INFO : Server version:		vcaml vcaTomcat/1.0.1
08 31, 2021 03:26:04 上午 cn.vcaml.vcatomcat.Bootstrap logJVM
INFO : Server built:		2020-04-08 10:20:22
08 31, 2021 03:26:04 上午 cn.vcaml.vcatomcat.Bootstrap logJVM
INFO : Server number:		1.0.1
08 31, 2021 03:26:04 上午 cn.vcaml.vcatomcat.Bootstrap logJVM
INFO : OS Name	:		Windows 10
08 31, 2021 03:26:04 上午 cn.vcaml.vcatomcat.Bootstrap logJVM
INFO : OS Version:		10.0
08 31, 2021 03:26:04 上午 cn.vcaml.vcatomcat.Bootstrap logJVM
INFO : Architecture:		amd64
08 31, 2021 03:26:04 上午 cn.vcaml.vcatomcat.Bootstrap logJVM
INFO : Java Home:		C:\Program Files\Java\jdk1.8.0_201\jre
08 31, 2021 03:26:04 上午 cn.vcaml.vcatomcat.Bootstrap logJVM
INFO : JVM Version:		1.8.0_201-b09
08 31, 2021 03:26:04 上午 cn.vcaml.vcatomcat.Bootstrap logJVM
INFO : JVM Vendor:		Oracle Corporation
08 31, 2021 03:26:04 上午 cn.vcaml.vcatomcat.catalina.Context <init>
INFO : Deploying web application directory e:\project\Vcatomcat\webapps\b
08 31, 2021 03:26:04 上午 cn.vcaml.vcatomcat.catalina.Context <init>
INFO : Deployment of web application directory e:\project\Vcatomcat\webapps\b has finished in 0 ms
08 31, 2021 03:26:04 上午 cn.vcaml.vcatomcat.catalina.Context <init>
INFO : Deploying web application directory e:\project\Vcatomcat\webapps\a
08 31, 2021 03:26:04 上午 cn.vcaml.vcatomcat.catalina.Context <init>
INFO : Deployment of web application directory e:\project\Vcatomcat\webapps\a has finished in 0 ms
08 31, 2021 03:27:22 上午 cn.vcaml.vcatomcat.Bootstrap logJVM
INFO : Server version:		vcaml vcaTomcat/1.0.1
08 31, 2021 03:27:22 上午 cn.vcaml.vcatomcat.Bootstrap logJVM
INFO : Server built:		2020-04-08 10:20:22
08 31, 2021 03:27:22 上午 cn.vcaml.vcatomcat.Bootstrap logJVM
INFO : Server number:		1.0.1
08 31, 2021 03:27:22 上午 cn.vcaml.vcatomcat.Bootstrap logJVM
INFO : OS Name	:		Windows 10
08 31, 2021 03:27:22 上午 cn.vcaml.vcatomcat.Bootstrap logJVM
INFO : OS Version:		10.0
08 31, 2021 03:27:22 上午 cn.vcaml.vcatomcat.Bootstrap logJVM
INFO : Architecture:		amd64
08 31, 2021 03:27:22 上午 cn.vcaml.vcatomcat.Bootstrap logJVM
INFO : Java Home:		C:\Program Files\Java\jdk1.8.0_201\jre
08 31, 2021 03:27:22 上午 cn.vcaml.vcatomcat.Bootstrap logJVM
INFO : JVM Version:		1.8.0_201-b09
08 31, 2021 03:27:22 上午 cn.vcaml.vcatomcat.Bootstrap logJVM
INFO : JVM Vendor:		Oracle Corporation
08 31, 2021 03:27:22 上午 cn.vcaml.vcatomcat.catalina.Context <init>
INFO : Deploying web application directory E:\project\VcaTomcat\webapps\a
08 31, 2021 03:27:22 上午 cn.vcaml.vcatomcat.catalina.Context <init>
INFO : Deployment of web application directory E:\project\VcaTomcat\webapps\a has finished in 1 ms
08 31, 2021 03:27:22 上午 cn.vcaml.vcatomcat.catalina.Context <init>
INFO : Deploying web application directory E:\project\VcaTomcat\webapps\b
08 31, 2021 03:27:22 上午 cn.vcaml.vcatomcat.catalina.Context <init>
INFO : Deployment of web application directory E:\project\VcaTomcat\webapps\b has finished in 0 ms
08 31, 2021 03:27:22 上午 cn.vcaml.vcatomcat.catalina.Context <init>
INFO : Deploying web application directory E:\project\VcaTomcat\webapps\ROOT
08 31, 2021 03:27:22 上午 cn.vcaml.vcatomcat.catalina.Context <init>
INFO : Deployment of web application directory E:\project\VcaTomcat\webapps\ROOT has finished in 0 ms
08 31, 2021 03:27:22 上午 cn.vcaml.vcatomcat.catalina.Context <init>
INFO : Deploying web application directory e:\project\Vcatomcat\webapps\b
08 31, 2021 03:27:22 上午 cn.vcaml.vcatomcat.catalina.Context <init>
INFO : Deployment of web application directory e:\project\Vcatomcat\webapps\b has finished in 1 ms
08 31, 2021 03:27:22 上午 cn.vcaml.vcatomcat.catalina.Context <init>
INFO : Deploying web application directory e:\project\Vcatomcat\webapps\a
08 31, 2021 03:27:22 上午 cn.vcaml.vcatomcat.catalina.Context <init>
INFO : Deployment of web application directory e:\project\Vcatomcat\webapps\a has finished in 0 ms
08 31, 2021 03:38:16 上午 cn.vcaml.vcatomcat.Bootstrap logJVM
INFO : Server version:		vcaml vcaTomcat/1.0.1
08 31, 2021 03:38:16 上午 cn.vcaml.vcatomcat.Bootstrap logJVM
INFO : Server built:		2020-04-08 10:20:22
08 31, 2021 03:38:16 上午 cn.vcaml.vcatomcat.Bootstrap logJVM
INFO : Server number:		1.0.1
08 31, 2021 03:38:16 上午 cn.vcaml.vcatomcat.Bootstrap logJVM
INFO : OS Name	:		Windows 10
08 31, 2021 03:38:16 上午 cn.vcaml.vcatomcat.Bootstrap logJVM
INFO : OS Version:		10.0
08 31, 2021 03:38:16 上午 cn.vcaml.vcatomcat.Bootstrap logJVM
INFO : Architecture:		amd64
08 31, 2021 03:38:16 上午 cn.vcaml.vcatomcat.Bootstrap logJVM
INFO : Java Home:		C:\Program Files\Java\jdk1.8.0_201\jre
08 31, 2021 03:38:16 上午 cn.vcaml.vcatomcat.Bootstrap logJVM
INFO : JVM Version:		1.8.0_201-b09
08 31, 2021 03:38:16 上午 cn.vcaml.vcatomcat.Bootstrap logJVM
INFO : JVM Vendor:		Oracle Corporation
08 31, 2021 03:38:16 上午 cn.vcaml.vcatomcat.catalina.Context <init>
INFO : Deploying web application directory E:\project\VcaTomcat\webapps\a
08 31, 2021 03:38:16 上午 cn.vcaml.vcatomcat.catalina.Context <init>
INFO : Deployment of web application directory E:\project\VcaTomcat\webapps\a has finished in 0 ms
08 31, 2021 03:38:16 上午 cn.vcaml.vcatomcat.catalina.Context <init>
INFO : Deploying web application directory E:\project\VcaTomcat\webapps\ROOT
08 31, 2021 03:38:16 上午 cn.vcaml.vcatomcat.catalina.Context <init>
INFO : Deployment of web application directory E:\project\VcaTomcat\webapps\ROOT has finished in 0 ms
08 31, 2021 03:38:17 上午 cn.vcaml.vcatomcat.catalina.Context <init>
INFO : Deploying web application directory d:/project/Vcatomcat/b
08 31, 2021 03:38:17 上午 cn.vcaml.vcatomcat.catalina.Context <init>
INFO : Deployment of web application directory d:/project/Vcatomcat/b has finished in 1 ms
08 31, 2021 03:42:16 上午 cn.vcaml.vcatomcat.Bootstrap logJVM
INFO : Server version:		vcaml vcaTomcat/1.0.1
08 31, 2021 03:42:16 上午 cn.vcaml.vcatomcat.Bootstrap logJVM
INFO : Server built:		2020-04-08 10:20:22
08 31, 2021 03:42:16 上午 cn.vcaml.vcatomcat.Bootstrap logJVM
INFO : Server number:		1.0.1
08 31, 2021 03:42:16 上午 cn.vcaml.vcatomcat.Bootstrap logJVM
INFO : OS Name	:		Windows 10
08 31, 2021 03:42:16 上午 cn.vcaml.vcatomcat.Bootstrap logJVM
INFO : OS Version:		10.0
08 31, 2021 03:42:16 上午 cn.vcaml.vcatomcat.Bootstrap logJVM
INFO : Architecture:		amd64
08 31, 2021 03:42:16 上午 cn.vcaml.vcatomcat.Bootstrap logJVM
INFO : Java Home:		C:\Program Files\Java\jdk1.8.0_201\jre
08 31, 2021 03:42:16 上午 cn.vcaml.vcatomcat.Bootstrap logJVM
INFO : JVM Version:		1.8.0_201-b09
08 31, 2021 03:42:16 上午 cn.vcaml.vcatomcat.Bootstrap logJVM
INFO : JVM Vendor:		Oracle Corporation
08 31, 2021 03:42:16 上午 cn.vcaml.vcatomcat.catalina.Context <init>
INFO : Deploying web application directory E:\project\VcaTomcat\webapps\a
08 31, 2021 03:42:16 上午 cn.vcaml.vcatomcat.catalina.Context <init>
INFO : Deployment of web application directory E:\project\VcaTomcat\webapps\a has finished in 0 ms
08 31, 2021 03:42:16 上午 cn.vcaml.vcatomcat.catalina.Context <init>
INFO : Deploying web application directory E:\project\VcaTomcat\webapps\ROOT
08 31, 2021 03:42:16 上午 cn.vcaml.vcatomcat.catalina.Context <init>
INFO : Deployment of web application directory E:\project\VcaTomcat\webapps\ROOT has finished in 1 ms
08 31, 2021 03:42:16 上午 cn.vcaml.vcatomcat.catalina.Context <init>
INFO : Deploying web application directory d:/project/Vcatomcat/b
08 31, 2021 03:42:16 上午 cn.vcaml.vcatomcat.catalina.Context <init>
INFO : Deployment of web application directory d:/project/Vcatomcat/b has finished in 0 ms
08 31, 2021 03:45:17 上午 cn.vcaml.vcatomcat.Bootstrap logJVM
INFO : Server version:		vcaml vcaTomcat/1.0.1
08 31, 2021 03:45:17 上午 cn.vcaml.vcatomcat.Bootstrap logJVM
INFO : Server built:		2020-04-08 10:20:22
08 31, 2021 03:45:17 上午 cn.vcaml.vcatomcat.Bootstrap logJVM
INFO : Server number:		1.0.1
08 31, 2021 03:45:17 上午 cn.vcaml.vcatomcat.Bootstrap logJVM
INFO : OS Name	:		Windows 10
08 31, 2021 03:45:17 上午 cn.vcaml.vcatomcat.Bootstrap logJVM
INFO : OS Version:		10.0
08 31, 2021 03:45:17 上午 cn.vcaml.vcatomcat.Bootstrap logJVM
INFO : Architecture:		amd64
08 31, 2021 03:45:17 上午 cn.vcaml.vcatomcat.Bootstrap logJVM
INFO : Java Home:		C:\Program Files\Java\jdk1.8.0_201\jre
08 31, 2021 03:45:17 上午 cn.vcaml.vcatomcat.Bootstrap logJVM
INFO : JVM Version:		1.8.0_201-b09
08 31, 2021 03:45:17 上午 cn.vcaml.vcatomcat.Bootstrap logJVM
INFO : JVM Vendor:		Oracle Corporation
08 31, 2021 03:45:17 上午 cn.vcaml.vcatomcat.catalina.Context <init>
INFO : Deploying web application directory E:\project\VcaTomcat\webapps\a
08 31, 2021 03:45:17 上午 cn.vcaml.vcatomcat.catalina.Context <init>
INFO : Deployment of web application directory E:\project\VcaTomcat\webapps\a has finished in 1 ms
08 31, 2021 03:45:17 上午 cn.vcaml.vcatomcat.catalina.Context <init>
INFO : Deploying web application directory E:\project\VcaTomcat\webapps\ROOT
08 31, 2021 03:45:17 上午 cn.vcaml.vcatomcat.catalina.Context <init>
INFO : Deployment of web application directory E:\project\VcaTomcat\webapps\ROOT has finished in 0 ms
08 31, 2021 03:45:17 上午 cn.vcaml.vcatomcat.catalina.Context <init>
INFO : Deploying web application directory e:/project/Vcatomcat/b
08 31, 2021 03:45:17 上午 cn.vcaml.vcatomcat.catalina.Context <init>
INFO : Deployment of web application directory e:/project/Vcatomcat/b has finished in 0 ms
08 31, 2021 03:46:34 上午 cn.vcaml.vcatomcat.Bootstrap logJVM
INFO : Server version:		vcaml vcaTomcat/1.0.1
08 31, 2021 03:46:34 上午 cn.vcaml.vcatomcat.Bootstrap logJVM
INFO : Server built:		2020-04-08 10:20:22
08 31, 2021 03:46:34 上午 cn.vcaml.vcatomcat.Bootstrap logJVM
INFO : Server number:		1.0.1
08 31, 2021 03:46:34 上午 cn.vcaml.vcatomcat.Bootstrap logJVM
INFO : OS Name	:		Windows 10
08 31, 2021 03:46:34 上午 cn.vcaml.vcatomcat.Bootstrap logJVM
INFO : OS Version:		10.0
08 31, 2021 03:46:34 上午 cn.vcaml.vcatomcat.Bootstrap logJVM
INFO : Architecture:		amd64
08 31, 2021 03:46:34 上午 cn.vcaml.vcatomcat.Bootstrap logJVM
INFO : Java Home:		C:\Program Files\Java\jdk1.8.0_201\jre
08 31, 2021 03:46:34 上午 cn.vcaml.vcatomcat.Bootstrap logJVM
INFO : JVM Version:		1.8.0_201-b09
08 31, 2021 03:46:34 上午 cn.vcaml.vcatomcat.Bootstrap logJVM
INFO : JVM Vendor:		Oracle Corporation
08 31, 2021 03:46:34 上午 cn.vcaml.vcatomcat.catalina.Context <init>
INFO : Deploying web application directory e:/project/Vcatomcat/b
08 31, 2021 03:46:34 上午 cn.vcaml.vcatomcat.catalina.Context <init>
INFO : Deployment of web application directory e:/project/Vcatomcat/b has finished in 1 ms
08 31, 2021 03:46:53 上午 cn.vcaml.vcatomcat.Bootstrap logJVM
INFO : Server version:		vcaml vcaTomcat/1.0.1
08 31, 2021 03:46:53 上午 cn.vcaml.vcatomcat.Bootstrap logJVM
INFO : Server built:		2020-04-08 10:20:22
08 31, 2021 03:46:53 上午 cn.vcaml.vcatomcat.Bootstrap logJVM
INFO : Server number:		1.0.1
08 31, 2021 03:46:53 上午 cn.vcaml.vcatomcat.Bootstrap logJVM
INFO : OS Name	:		Windows 10
08 31, 2021 03:46:53 上午 cn.vcaml.vcatomcat.Bootstrap logJVM
INFO : OS Version:		10.0
08 31, 2021 03:46:53 上午 cn.vcaml.vcatomcat.Bootstrap logJVM
INFO : Architecture:		amd64
08 31, 2021 03:46:53 上午 cn.vcaml.vcatomcat.Bootstrap logJVM
INFO : Java Home:		C:\Program Files\Java\jdk1.8.0_201\jre
08 31, 2021 03:46:53 上午 cn.vcaml.vcatomcat.Bootstrap logJVM
INFO : JVM Version:		1.8.0_201-b09
08 31, 2021 03:46:53 上午 cn.vcaml.vcatomcat.Bootstrap logJVM
INFO : JVM Vendor:		Oracle Corporation
08 31, 2021 03:46:53 上午 cn.vcaml.vcatomcat.catalina.Context <init>
INFO : Deploying web application directory E:\project\VcaTomcat\webapps\a
08 31, 2021 03:46:53 上午 cn.vcaml.vcatomcat.catalina.Context <init>
INFO : Deployment of web application directory E:\project\VcaTomcat\webapps\a has finished in 0 ms
08 31, 2021 03:46:53 上午 cn.vcaml.vcatomcat.catalina.Context <init>
INFO : Deploying web application directory E:\project\VcaTomcat\webapps\ROOT
08 31, 2021 03:46:53 上午 cn.vcaml.vcatomcat.catalina.Context <init>
INFO : Deployment of web application directory E:\project\VcaTomcat\webapps\ROOT has finished in 1 ms
08 31, 2021 03:46:53 上午 cn.vcaml.vcatomcat.catalina.Context <init>
INFO : Deploying web application directory e:/project/Vcatomcat/b
08 31, 2021 03:46:53 上午 cn.vcaml.vcatomcat.catalina.Context <init>
INFO : Deployment of web application directory e:/project/Vcatomcat/b has finished in 0 ms
08 31, 2021 13:20:59 下午 cn.vcaml.vcatomcat.Bootstrap logJVM
INFO : Server version:		vcaml vcaTomcat/1.0.1
08 31, 2021 13:20:59 下午 cn.vcaml.vcatomcat.Bootstrap logJVM
INFO : Server built:		2020-04-08 10:20:22
08 31, 2021 13:20:59 下午 cn.vcaml.vcatomcat.Bootstrap logJVM
INFO : Server number:		1.0.1
08 31, 2021 13:20:59 下午 cn.vcaml.vcatomcat.Bootstrap logJVM
INFO : OS Name	:		Windows 10
08 31, 2021 13:20:59 下午 cn.vcaml.vcatomcat.Bootstrap logJVM
INFO : OS Version:		10.0
08 31, 2021 13:20:59 下午 cn.vcaml.vcatomcat.Bootstrap logJVM
INFO : Architecture:		amd64
08 31, 2021 13:20:59 下午 cn.vcaml.vcatomcat.Bootstrap logJVM
INFO : Java Home:		C:\Program Files\Java\jdk1.8.0_201\jre
08 31, 2021 13:20:59 下午 cn.vcaml.vcatomcat.Bootstrap logJVM
INFO : JVM Version:		1.8.0_201-b09
08 31, 2021 13:20:59 下午 cn.vcaml.vcatomcat.Bootstrap logJVM
INFO : JVM Vendor:		Oracle Corporation
08 31, 2021 13:20:59 下午 cn.vcaml.vcatomcat.catalina.Context <init>
INFO : Deploying web application directory E:\project\VcaTomcat\webapps\a
08 31, 2021 13:20:59 下午 cn.vcaml.vcatomcat.catalina.Context <init>
INFO : Deployment of web application directory E:\project\VcaTomcat\webapps\a has finished in 1 ms
08 31, 2021 13:20:59 下午 cn.vcaml.vcatomcat.catalina.Context <init>
INFO : Deploying web application directory E:\project\VcaTomcat\webapps\ROOT
08 31, 2021 13:20:59 下午 cn.vcaml.vcatomcat.catalina.Context <init>
INFO : Deployment of web application directory E:\project\VcaTomcat\webapps\ROOT has finished in 0 ms
08 31, 2021 13:20:59 下午 cn.vcaml.vcatomcat.catalina.Context <init>
INFO : Deploying web application directory d:/project/diytomcat/b
08 31, 2021 13:20:59 下午 cn.vcaml.vcatomcat.catalina.Context <init>
INFO : Deployment of web application directory d:/project/diytomcat/b has finished in 0 ms
08 31, 2021 13:20:59 下午 cn.vcaml.vcatomcat.catalina.Context <init>
INFO : Deploying web application directory e:/project/Vcatomcat/b
08 31, 2021 13:20:59 下午 cn.vcaml.vcatomcat.catalina.Context <init>
INFO : Deployment of web application directory e:/project/Vcatomcat/b has finished in 2 ms
08 31, 2021 14:21:57 下午 cn.vcaml.vcatomcat.Bootstrap logJVM
INFO : Server version:		vcaml vcaTomcat/1.0.1
08 31, 2021 14:21:57 下午 cn.vcaml.vcatomcat.Bootstrap logJVM
INFO : Server built:		2020-04-08 10:20:22
08 31, 2021 14:21:57 下午 cn.vcaml.vcatomcat.Bootstrap logJVM
INFO : Server number:		1.0.1
08 31, 2021 14:21:57 下午 cn.vcaml.vcatomcat.Bootstrap logJVM
INFO : OS Name	:		Windows 10
08 31, 2021 14:21:57 下午 cn.vcaml.vcatomcat.Bootstrap logJVM
INFO : OS Version:		10.0
08 31, 2021 14:21:57 下午 cn.vcaml.vcatomcat.Bootstrap logJVM
INFO : Architecture:		amd64
08 31, 2021 14:21:57 下午 cn.vcaml.vcatomcat.Bootstrap logJVM
INFO : Java Home:		C:\Program Files\Java\jdk1.8.0_201\jre
08 31, 2021 14:21:57 下午 cn.vcaml.vcatomcat.Bootstrap logJVM
INFO : JVM Version:		1.8.0_201-b09
08 31, 2021 14:21:57 下午 cn.vcaml.vcatomcat.Bootstrap logJVM
INFO : JVM Vendor:		Oracle Corporation
08 31, 2021 14:21:57 下午 cn.vcaml.vcatomcat.catalina.Context <init>
INFO : Deploying web application directory E:\project\VcaTomcat\webapps\a
08 31, 2021 14:21:57 下午 cn.vcaml.vcatomcat.catalina.Context <init>
INFO : Deployment of web application directory E:\project\VcaTomcat\webapps\a has finished in 1 ms
08 31, 2021 14:21:57 下午 cn.vcaml.vcatomcat.catalina.Context <init>
INFO : Deploying web application directory E:\project\VcaTomcat\webapps\ROOT
08 31, 2021 14:21:57 下午 cn.vcaml.vcatomcat.catalina.Context <init>
INFO : Deployment of web application directory E:\project\VcaTomcat\webapps\ROOT has finished in 0 ms
08 31, 2021 14:21:57 下午 cn.vcaml.vcatomcat.catalina.Context <init>
INFO : Deploying web application directory e:/project/diytomcat/b
08 31, 2021 14:21:57 下午 cn.vcaml.vcatomcat.catalina.Context <init>
INFO : Deployment of web application directory e:/project/diytomcat/b has finished in 0 ms
08 31, 2021 14:21:57 下午 cn.vcaml.vcatomcat.catalina.Context <init>
INFO : Deploying web application directory e:/project/Vcatomcat/b
08 31, 2021 14:21:57 下午 cn.vcaml.vcatomcat.catalina.Context <init>
INFO : Deployment of web application directory e:/project/Vcatomcat/b has finished in 1 ms
08 31, 2021 16:38:57 下午 cn.vcaml.vcatomcat.catalina.Context <init>
INFO : Deploying web application directory E:\project\VcaTomcat\webapps\a
08 31, 2021 16:38:57 下午 cn.vcaml.vcatomcat.catalina.Context <init>
INFO : Deployment of web application directory E:\project\VcaTomcat\webapps\a has finished in 95 ms
08 31, 2021 16:38:57 下午 cn.vcaml.vcatomcat.catalina.Context <init>
INFO : Deploying web application directory E:\project\VcaTomcat\webapps\ROOT
08 31, 2021 16:38:57 下午 cn.vcaml.vcatomcat.catalina.Context <init>
INFO : Deployment of web application directory E:\project\VcaTomcat\webapps\ROOT has finished in 1 ms
08 31, 2021 16:38:57 下午 cn.vcaml.vcatomcat.catalina.Context <init>
INFO : Deploying web application directory e:/project/diytomcat/b
08 31, 2021 16:38:57 下午 cn.vcaml.vcatomcat.catalina.Context <init>
INFO : Deployment of web application directory e:/project/diytomcat/b has finished in 0 ms
08 31, 2021 16:38:57 下午 cn.vcaml.vcatomcat.catalina.Context <init>
INFO : Deploying web application directory e:/project/Vcatomcat/b
08 31, 2021 16:38:57 下午 cn.vcaml.vcatomcat.catalina.Context <init>
INFO : Deployment of web application directory e:/project/Vcatomcat/b has finished in 1 ms
08 31, 2021 16:38:57 下午 cn.vcaml.vcatomcat.catalina.Server logJVM
INFO : Server version:		How2J DiyTomcat/1.0.1
08 31, 2021 16:38:57 下午 cn.vcaml.vcatomcat.catalina.Server logJVM
INFO : Server built:		2020-04-08 10:20:22
08 31, 2021 16:38:57 下午 cn.vcaml.vcatomcat.catalina.Server logJVM
INFO : Server number:		1.0.1
08 31, 2021 16:38:57 下午 cn.vcaml.vcatomcat.catalina.Server logJVM
INFO : OS Name	:		Windows 10
08 31, 2021 16:38:57 下午 cn.vcaml.vcatomcat.catalina.Server logJVM
INFO : OS Version:		10.0
08 31, 2021 16:38:57 下午 cn.vcaml.vcatomcat.catalina.Server logJVM
INFO : Architecture:		amd64
08 31, 2021 16:38:57 下午 cn.vcaml.vcatomcat.catalina.Server logJVM
INFO : Java Home:		C:\Program Files\Java\jdk1.8.0_201\jre
08 31, 2021 16:38:57 下午 cn.vcaml.vcatomcat.catalina.Server logJVM
INFO : JVM Version:		1.8.0_201-b09
08 31, 2021 16:38:57 下午 cn.vcaml.vcatomcat.catalina.Server logJVM
INFO : JVM Vendor:		Oracle Corporation
08 31, 2021 17:53:49 下午 cn.vcaml.vcatomcat.catalina.Context <init>
INFO : Deploying web application directory E:\project\VcaTomcat\webapps\a
08 31, 2021 17:53:49 下午 cn.vcaml.vcatomcat.catalina.Context <init>
INFO : Deployment of web application directory E:\project\VcaTomcat\webapps\a has finished in 83 ms
08 31, 2021 17:53:49 下午 cn.vcaml.vcatomcat.catalina.Context <init>
INFO : Deploying web application directory E:\project\VcaTomcat\webapps\ROOT
08 31, 2021 17:53:49 下午 cn.vcaml.vcatomcat.catalina.Context <init>
INFO : Deployment of web application directory E:\project\VcaTomcat\webapps\ROOT has finished in 0 ms
08 31, 2021 17:53:49 下午 cn.vcaml.vcatomcat.catalina.Context <init>
INFO : Deploying web application directory e:/project/diytomcat/b
08 31, 2021 17:53:49 下午 cn.vcaml.vcatomcat.catalina.Context <init>
INFO : Deployment of web application directory e:/project/diytomcat/b has finished in 0 ms
08 31, 2021 17:53:49 下午 cn.vcaml.vcatomcat.catalina.Context <init>
INFO : Deploying web application directory e:/project/Vcatomcat/b
08 31, 2021 17:53:49 下午 cn.vcaml.vcatomcat.catalina.Context <init>
INFO : Deployment of web application directory e:/project/Vcatomcat/b has finished in 1 ms
08 31, 2021 17:53:49 下午 cn.vcaml.vcatomcat.catalina.Server logJVM
INFO : Server version:		How2J DiyTomcat/1.0.1
08 31, 2021 17:53:49 下午 cn.vcaml.vcatomcat.catalina.Server logJVM
INFO : Server built:		2020-04-08 10:20:22
08 31, 2021 17:53:49 下午 cn.vcaml.vcatomcat.catalina.Server logJVM
INFO : Server number:		1.0.1
08 31, 2021 17:53:49 下午 cn.vcaml.vcatomcat.catalina.Server logJVM
INFO : OS Name	:		Windows 10
08 31, 2021 17:53:49 下午 cn.vcaml.vcatomcat.catalina.Server logJVM
INFO : OS Version:		10.0
08 31, 2021 17:53:49 下午 cn.vcaml.vcatomcat.catalina.Server logJVM
INFO : Architecture:		amd64
08 31, 2021 17:53:49 下午 cn.vcaml.vcatomcat.catalina.Server logJVM
INFO : Java Home:		C:\Program Files\Java\jdk1.8.0_201\jre
08 31, 2021 17:53:49 下午 cn.vcaml.vcatomcat.catalina.Server logJVM
INFO : JVM Version:		1.8.0_201-b09
08 31, 2021 17:53:49 下午 cn.vcaml.vcatomcat.catalina.Server logJVM
INFO : JVM Vendor:		Oracle Corporation
08 31, 2021 17:55:46 下午 cn.vcaml.vcatomcat.catalina.Context <init>
INFO : Deploying web application directory E:\project\VcaTomcat\webapps\a
08 31, 2021 17:55:46 下午 cn.vcaml.vcatomcat.catalina.Context <init>
INFO : Deployment of web application directory E:\project\VcaTomcat\webapps\a has finished in 94 ms
08 31, 2021 17:55:46 下午 cn.vcaml.vcatomcat.catalina.Context <init>
INFO : Deploying web application directory E:\project\VcaTomcat\webapps\ROOT
08 31, 2021 17:55:46 下午 cn.vcaml.vcatomcat.catalina.Context <init>
INFO : Deployment of web application directory E:\project\VcaTomcat\webapps\ROOT has finished in 0 ms
08 31, 2021 17:55:46 下午 cn.vcaml.vcatomcat.catalina.Context <init>
INFO : Deploying web application directory e:/project/diytomcat/b
08 31, 2021 17:55:46 下午 cn.vcaml.vcatomcat.catalina.Context <init>
INFO : Deployment of web application directory e:/project/diytomcat/b has finished in 0 ms
08 31, 2021 17:55:46 下午 cn.vcaml.vcatomcat.catalina.Context <init>
INFO : Deploying web application directory e:/project/Vcatomcat/b
08 31, 2021 17:55:46 下午 cn.vcaml.vcatomcat.catalina.Context <init>
INFO : Deployment of web application directory e:/project/Vcatomcat/b has finished in 0 ms
08 31, 2021 17:55:46 下午 cn.vcaml.vcatomcat.catalina.Server logJVM
INFO : Server version:		How2J DiyTomcat/1.0.1
08 31, 2021 17:55:46 下午 cn.vcaml.vcatomcat.catalina.Server logJVM
INFO : Server built:		2020-04-08 10:20:22
08 31, 2021 17:55:46 下午 cn.vcaml.vcatomcat.catalina.Server logJVM
INFO : Server number:		1.0.1
08 31, 2021 17:55:46 下午 cn.vcaml.vcatomcat.catalina.Server logJVM
INFO : OS Name	:		Windows 10
08 31, 2021 17:55:46 下午 cn.vcaml.vcatomcat.catalina.Server logJVM
INFO : OS Version:		10.0
08 31, 2021 17:55:46 下午 cn.vcaml.vcatomcat.catalina.Server logJVM
INFO : Architecture:		amd64
08 31, 2021 17:55:46 下午 cn.vcaml.vcatomcat.catalina.Server logJVM
INFO : Java Home:		C:\Program Files\Java\jdk1.8.0_201\jre
08 31, 2021 17:55:46 下午 cn.vcaml.vcatomcat.catalina.Server logJVM
INFO : JVM Version:		1.8.0_201-b09
08 31, 2021 17:55:46 下午 cn.vcaml.vcatomcat.catalina.Server logJVM
INFO : JVM Vendor:		Oracle Corporation
08 31, 2021 18:23:41 下午 cn.vcaml.vcatomcat.catalina.Context <init>
INFO : Deploying web application directory E:\project\VcaTomcat\webapps\a
08 31, 2021 18:23:41 下午 cn.vcaml.vcatomcat.catalina.Context <init>
INFO : Deployment of web application directory E:\project\VcaTomcat\webapps\a has finished in 106 ms
08 31, 2021 18:23:41 下午 cn.vcaml.vcatomcat.catalina.Context <init>
INFO : Deploying web application directory E:\project\VcaTomcat\webapps\ROOT
08 31, 2021 18:23:41 下午 cn.vcaml.vcatomcat.catalina.Context <init>
INFO : Deployment of web application directory E:\project\VcaTomcat\webapps\ROOT has finished in 1 ms
08 31, 2021 18:23:41 下午 cn.vcaml.vcatomcat.catalina.Context <init>
INFO : Deploying web application directory e:/project/diytomcat/b
08 31, 2021 18:23:41 下午 cn.vcaml.vcatomcat.catalina.Context <init>
INFO : Deployment of web application directory e:/project/diytomcat/b has finished in 0 ms
08 31, 2021 18:23:41 下午 cn.vcaml.vcatomcat.catalina.Context <init>
INFO : Deploying web application directory e:/project/Vcatomcat/b
08 31, 2021 18:23:41 下午 cn.vcaml.vcatomcat.catalina.Context <init>
INFO : Deployment of web application directory e:/project/Vcatomcat/b has finished in 0 ms
08 31, 2021 18:23:41 下午 cn.vcaml.vcatomcat.catalina.Server logJVM
INFO : Server version:		How2J DiyTomcat/1.0.1
08 31, 2021 18:23:41 下午 cn.vcaml.vcatomcat.catalina.Server logJVM
INFO : Server built:		2020-04-08 10:20:22
08 31, 2021 18:23:41 下午 cn.vcaml.vcatomcat.catalina.Server logJVM
INFO : Server number:		1.0.1
08 31, 2021 18:23:41 下午 cn.vcaml.vcatomcat.catalina.Server logJVM
INFO : OS Name	:		Windows 10
08 31, 2021 18:23:41 下午 cn.vcaml.vcatomcat.catalina.Server logJVM
INFO : OS Version:		10.0
08 31, 2021 18:23:41 下午 cn.vcaml.vcatomcat.catalina.Server logJVM
INFO : Architecture:		amd64
08 31, 2021 18:23:41 下午 cn.vcaml.vcatomcat.catalina.Server logJVM
INFO : Java Home:		C:\Program Files\Java\jdk1.8.0_201\jre
08 31, 2021 18:23:41 下午 cn.vcaml.vcatomcat.catalina.Server logJVM
INFO : JVM Version:		1.8.0_201-b09
08 31, 2021 18:23:41 下午 cn.vcaml.vcatomcat.catalina.Server logJVM
INFO : JVM Vendor:		Oracle Corporation
08 31, 2021 19:31:42 下午 cn.vcaml.vcatomcat.catalina.Context <init>
INFO : Deploying web application directory E:\project\VcaTomcat\webapps\a
08 31, 2021 19:31:42 下午 cn.vcaml.vcatomcat.catalina.Context <init>
INFO : Deployment of web application directory E:\project\VcaTomcat\webapps\a has finished in 91 ms
08 31, 2021 19:31:42 下午 cn.vcaml.vcatomcat.catalina.Context <init>
INFO : Deploying web application directory E:\project\VcaTomcat\webapps\ROOT
08 31, 2021 19:31:42 下午 cn.vcaml.vcatomcat.catalina.Context <init>
INFO : Deployment of web application directory E:\project\VcaTomcat\webapps\ROOT has finished in 0 ms
08 31, 2021 19:31:42 下午 cn.vcaml.vcatomcat.catalina.Context <init>
INFO : Deploying web application directory e:/project/diytomcat/b
08 31, 2021 19:31:42 下午 cn.vcaml.vcatomcat.catalina.Context <init>
INFO : Deployment of web application directory e:/project/diytomcat/b has finished in 0 ms
08 31, 2021 19:31:42 下午 cn.vcaml.vcatomcat.catalina.Context <init>
INFO : Deploying web application directory e:/project/Vcatomcat/b
08 31, 2021 19:31:42 下午 cn.vcaml.vcatomcat.catalina.Context <init>
INFO : Deployment of web application directory e:/project/Vcatomcat/b has finished in 0 ms
08 31, 2021 19:31:42 下午 cn.vcaml.vcatomcat.catalina.Server logJVM
INFO : Server version:		How2J DiyTomcat/1.0.1
08 31, 2021 19:31:42 下午 cn.vcaml.vcatomcat.catalina.Server logJVM
INFO : Server built:		2020-04-08 10:20:22
08 31, 2021 19:31:42 下午 cn.vcaml.vcatomcat.catalina.Server logJVM
INFO : Server number:		1.0.1
08 31, 2021 19:31:42 下午 cn.vcaml.vcatomcat.catalina.Server logJVM
INFO : OS Name	:		Windows 10
08 31, 2021 19:31:42 下午 cn.vcaml.vcatomcat.catalina.Server logJVM
INFO : OS Version:		10.0
08 31, 2021 19:31:42 下午 cn.vcaml.vcatomcat.catalina.Server logJVM
INFO : Architecture:		amd64
08 31, 2021 19:31:42 下午 cn.vcaml.vcatomcat.catalina.Server logJVM
INFO : Java Home:		C:\Program Files\Java\jdk1.8.0_201\jre
08 31, 2021 19:31:42 下午 cn.vcaml.vcatomcat.catalina.Server logJVM
INFO : JVM Version:		1.8.0_201-b09
08 31, 2021 19:31:42 下午 cn.vcaml.vcatomcat.catalina.Server logJVM
INFO : JVM Vendor:		Oracle Corporation
